2025-10-16 14:27:34,260 [INFO] fplmodel - Logging initialised. Writing to /Users/kyle/Documents/FPL-Prediction/logs/run_20251016_142734.log
2025-10-16 14:27:34,260 [INFO] fplmodel - Starting pipeline run (force_refetch=False)
2025-10-16 14:27:34,260 [INFO] fplmodel - Fetching bootstrap static data...
2025-10-16 14:27:34,277 [INFO] fplmodel - Fetching fixtures data...
2025-10-16 14:27:34,290 [INFO] fplmodel - Loaded normalised frames: 743 elements, 20 teams, 38 events
2025-10-16 14:27:34,291 [INFO] fplmodel - Gameweek override applied -> next_gw=7 | last_finished_gw=6
2025-10-16 14:27:34,291 [INFO] fplmodel - Next gameweek: 7 | Last finished gameweek: 6
2025-10-16 14:27:34,291 [INFO] fplmodel - Renaming log file to highlight gameweek 7
2025-10-16 14:27:34,291 [INFO] fplmodel - Log file renamed to /Users/kyle/Documents/FPL-Prediction/logs/run_gw7_20251016_142734.log
2025-10-16 14:27:34,291 [INFO] fplmodel - Fetching player histories for 743 players (force_refetch=False)
2025-10-16 14:27:34,832 [INFO] fplmodel - Loading 743 player history files from /Users/kyle/Documents/FPL-Prediction/data/raw
2025-10-16 14:27:35,202 [INFO] fplmodel - Built player histories dataframe with 30438 rows
2025-10-16 14:27:36,039 [INFO] fplmodel - Loaded 130764 external history rows for seasons 2020-21, 2021-22, 2022-23, 2023-24, 2024-25
2025-10-16 14:27:36,105 [INFO] fplmodel - Combined history dataset now has 158552 rows
2025-10-16 14:27:39,731 [INFO] fplmodel - Prepared features: X_train=(41397, 151), y_train=41397, X_pred=(742, 158)
2025-10-16 14:27:39,733 [INFO] fplmodel - Training models with 151 features
2025-10-16 14:27:39,733 [INFO] fplmodel - Training feature columns: total_points_ma4, minutes_ma4, goals_scored_ma4, assists_ma4, clean_sheets_ma4, influence_ma4, creativity_ma4, threat_ma4, ict_index_ma4, goals_conceded_ma4, own_goals_ma4, penalties_saved_ma4, penalties_missed_ma4, yellow_cards_ma4, red_cards_ma4, saves_ma4, bonus_ma4, bps_ma4, clearances_blocks_interceptions_ma4, recoveries_ma4, tackles_ma4, defensive_contribution_ma4, starts_ma4, expected_goals_ma4, expected_assists_ma4, expected_goal_involvements_ma4, expected_goals_conceded_ma4, value_ma4, transfers_balance_ma4, selected_ma4, transfers_in_ma4, transfers_out_ma4, attacking_returns_ma4, finishing_plus_minus_ma4, finishing_ratio_ma4, creation_plus_minus_ma4, creation_ratio_ma4, xgi_plus_minus_ma4, minutes_share_ma4, points_per_90_ma4, tackles_plus_interceptions_ma4, defensive_actions_ma4, total_points_lag1, minutes_lag1, goals_scored_lag1, assists_lag1, clean_sheets_lag1, influence_lag1, creativity_lag1, threat_lag1, ict_index_lag1, goals_conceded_lag1, own_goals_lag1, penalties_saved_lag1, penalties_missed_lag1, yellow_cards_lag1, red_cards_lag1, saves_lag1, bonus_lag1, bps_lag1, clearances_blocks_interceptions_lag1, recoveries_lag1, tackles_lag1, defensive_contribution_lag1, starts_lag1, expected_goals_lag1, expected_assists_lag1, expected_goal_involvements_lag1, expected_goals_conceded_lag1, value_lag1, transfers_balance_lag1, selected_lag1, transfers_in_lag1, transfers_out_lag1, attacking_returns_lag1, finishing_plus_minus_lag1, finishing_ratio_lag1, creation_plus_minus_lag1, creation_ratio_lag1, xgi_plus_minus_lag1, minutes_share_lag1, points_per_90_lag1, tackles_plus_interceptions_lag1, defensive_actions_lag1, team_goals_for_ma4, team_goals_against_ma4, team_goal_diff_ma4, team_clean_sheet_ma4, team_conceded_two_plus_ma4, team_match_points_ma4, opp_team_goals_for_ma4, opp_team_goals_against_ma4, opp_team_goal_diff_ma4, opp_team_clean_sheet_ma4, opp_team_conceded_two_plus_ma4, opp_team_match_points_ma4, was_home, team_strength_overall, team_strength_home, team_strength_away, team_attack_home, team_attack_away, team_def_home, team_def_away, team_form_rating, team_points_table, team_league_position, team_matches_played, team_wins, team_draws, team_losses, opp_strength_overall, opp_strength_home, opp_strength_away, opp_attack_home, opp_attack_away, opp_def_home, opp_def_away, opp_form_rating, opp_points_table, opp_league_position, opp_matches_played, opp_wins, opp_draws, opp_losses, form, points_per_game, value_form, value_season, selected_by_percent, expected_goals_per_90, expected_assists_per_90, expected_goal_involvements_per_90, expected_goals_conceded_per_90, goals_conceded_per_90, saves_per_90, starts_per_90, clean_sheets_per_90, defensive_contribution_per_90, corners_and_indirect_freekicks_order, direct_freekicks_order, penalties_order, has_corners_duty, primary_corners_taker, has_direct_fk_duty, primary_direct_fk_taker, has_penalty_duty, primary_penalty_taker, set_piece_duty_score, player_bias, pos_bias
2025-10-16 14:28:00,092 [INFO] fplmodel.model - Best classifier[hist_gbdt] params from tuning: {'est__min_samples_leaf': 20, 'est__max_iter': 350, 'est__max_depth': 4, 'est__learning_rate': 0.04, 'est__l2_regularization': 0.1} (score=1.0000)
2025-10-16 14:28:26,798 [INFO] fplmodel.model - Best regressor[hist_gbdt] params from tuning: {'est__min_samples_leaf': 20, 'est__max_iter': 400, 'est__max_depth': 4, 'est__learning_rate': 0.04, 'est__l2_regularization': 0.1} (score=-0.9922)
2025-10-16 14:28:26,799 [INFO] fplmodel.model - Candidate Histogram Gradient Boosting | classifier=1.0000 ± 0.0000 ↑ | regressor=0.9922 ± 0.0671 ↓
2025-10-16 14:29:26,220 [INFO] fplmodel.model - Best classifier[random_forest] params from tuning: {'est__n_estimators': 200, 'est__min_samples_split': 6, 'est__min_samples_leaf': 1, 'est__max_features': 'sqrt', 'est__max_depth': None} (score=1.0000)
2025-10-16 14:37:18,050 [INFO] fplmodel.model - Best regressor[random_forest] params from tuning: {'est__n_estimators': 600, 'est__min_samples_split': 4, 'est__min_samples_leaf': 1, 'est__max_features': 0.7, 'est__max_depth': 10} (score=-0.9965)
2025-10-16 14:37:18,052 [INFO] fplmodel.model - Candidate Random Forest | classifier=1.0000 ± 0.0000 ↑ | regressor=0.9965 ± 0.0863 ↓
2025-10-16 14:37:52,499 [INFO] fplmodel.model - Best classifier[neural_network] params from tuning: {'est__learning_rate_init': 0.001, 'est__hidden_layer_sizes': (256, 128), 'est__beta_1': 0.85, 'est__alpha': 0.0005} (score=0.9960)
2025-10-16 14:38:16,914 [INFO] fplmodel.model - Best regressor[neural_network] params from tuning: {'est__learning_rate_init': 0.003, 'est__hidden_layer_sizes': (256, 128), 'est__beta_1': 0.85, 'est__alpha': 0.0001} (score=-1.0536)
2025-10-16 14:38:16,914 [INFO] fplmodel.model - Candidate Neural Network (MLP) | classifier=0.9960 ± 0.0007 ↑ | regressor=1.0536 ± 0.1104 ↓
2025-10-16 14:38:16,917 [INFO] fplmodel.model - Saved model selection summary to /Users/kyle/Documents/FPL-Prediction/models/model_selection_summary.csv
2025-10-16 14:38:16,917 [INFO] fplmodel.model - Selected classifier model: Histogram Gradient Boosting (balanced_accuracy=1.0000 ± 0.0000 ↑)
2025-10-16 14:38:16,917 [INFO] fplmodel.model - Selected regressor model: Histogram Gradient Boosting (MAE=0.9922 ± 0.0671 ↓)
2025-10-16 14:39:02,118 [INFO] fplmodel.model - Classifier (histogram gradient boosting) feature selector dropped 39 column(s): bps_lag1, bps_ma4, creation_plus_minus_lag1, creation_plus_minus_ma4, defensive_actions_lag1, defensive_actions_ma4, expected_goal_involvements_lag1, expected_goal_involvements_ma4, expected_goal_involvements_per_90, minutes_share_lag1, ... (+29 more)
2025-10-16 14:39:02,118 [INFO] fplmodel.model - Regressor (histogram gradient boosting) feature selector dropped 39 column(s): bps_lag1, bps_ma4, creation_plus_minus_lag1, creation_plus_minus_ma4, defensive_actions_lag1, defensive_actions_ma4, expected_goal_involvements_lag1, expected_goal_involvements_ma4, expected_goal_involvements_per_90, minutes_share_lag1, ... (+29 more)
2025-10-16 14:39:02,118 [INFO] fplmodel.model - Final model selection: classifier=Histogram Gradient Boosting | regressor=Histogram Gradient Boosting
2025-10-16 14:39:02,178 [INFO] fplmodel - Estimator HistGradientBoostingRegressor for regressor does not expose feature_importances_; skipping logging.
2025-10-16 14:39:02,178 [INFO] fplmodel - Estimator HistGradientBoostingClassifier for classifier does not expose feature_importances_; skipping logging.
2025-10-16 14:39:02,178 [INFO] fplmodel - Model training complete; fitted 3 candidate pair(s).
2025-10-16 14:39:02,308 [INFO] fplmodel - Generated ensemble predictions for 742 players using 3 model(s): Histogram Gradient Boosting, Random Forest, Neural Network (MLP)
2025-10-16 14:39:02,310 [INFO] fplmodel - Applied fixture multipliers; average EP now 1.42
2025-10-16 14:39:02,310 [INFO] fplmodel - Top 5 expected point predictions (ensemble): Omar Alderete (9.42); Santiago Ignacio Bueno (6.80); Erling Haaland (6.69); João Pedro Junqueira de Jesus (6.54); Marcos Senesi Barón (5.92)
2025-10-16 14:39:02,390 [INFO] fplmodel - Residuals computed for 7305 players in GW 6
2025-10-16 14:39:02,390 [INFO] fplmodel - Selecting best XI from 742 candidates
2025-10-16 14:39:03,191 [INFO] fplmodel - Selected squad: total cost 91.3M | starting cost 67.5M | bench cost 23.8M
2025-10-16 14:39:03,192 [INFO] fplmodel - Projected points: XI 65.61 | Captain included 75.03 | Bench 15.89
2025-10-16 14:39:03,192 [INFO] fplmodel - Captain: Omar Alderete
2025-10-16 14:39:03,192 [INFO] fplmodel - XI | Robin Roefs (Sunderland) - 4.96 pts | 4.6M
2025-10-16 14:39:03,192 [INFO] fplmodel - XI | Omar Alderete (Sunderland) - 9.42 pts | 4.1M
2025-10-16 14:39:03,192 [INFO] fplmodel - XI | Santiago Ignacio Bueno (Wolves) - 6.80 pts | 4.4M
2025-10-16 14:39:03,192 [INFO] fplmodel - XI | Marcos Senesi Barón (Bournemouth) - 5.92 pts | 5.0M
2025-10-16 14:39:03,192 [INFO] fplmodel - XI | Jurriën Timber (Arsenal) - 5.68 pts | 5.9M
2025-10-16 14:39:03,192 [INFO] fplmodel - XI | Neco Williams (Nott'm Forest) - 5.58 pts | 4.8M
2025-10-16 14:39:03,192 [INFO] fplmodel - XI | João Maria Lobo Alves Palhares Costa Palhinha Gonçalves (Spurs) - 4.98 pts | 5.5M
2025-10-16 14:39:03,192 [INFO] fplmodel - XI | Granit Xhaka (Sunderland) - 4.58 pts | 5.0M
2025-10-16 14:39:03,192 [INFO] fplmodel - XI | Yankuba Minteh (Brighton) - 4.46 pts | 6.0M
2025-10-16 14:39:03,192 [INFO] fplmodel - XI | Erling Haaland (Man City) - 6.69 pts | 14.5M
2025-10-16 14:39:03,192 [INFO] fplmodel - XI | João Pedro Junqueira de Jesus (Chelsea) - 6.54 pts | 7.7M
2025-10-16 14:39:03,192 [INFO] fplmodel - Bench 1 | Ryan Sessegnon (Fulham) - 4.52 pts
2025-10-16 14:39:03,192 [INFO] fplmodel - Bench 2 | Jaidon Anthony (Burnley) - 4.33 pts
2025-10-16 14:39:03,192 [INFO] fplmodel - Bench 3 | Benjamin Sesko (Man Utd) - 4.20 pts
2025-10-16 14:39:03,192 [INFO] fplmodel - Bench 4 | Alisson Becker (Liverpool) - 2.84 pts
2025-10-16 14:39:03,198 [INFO] fplmodel - Predictions saved to /Users/kyle/Documents/FPL-Prediction/outputs/predictions_gw7.csv
2025-10-16 14:39:03,199 [INFO] fplmodel - Starting XI saved to /Users/kyle/Documents/FPL-Prediction/outputs/starting_xi_gw7.csv
2025-10-16 14:39:03,199 [INFO] fplmodel - Bench saved to /Users/kyle/Documents/FPL-Prediction/outputs/bench_gw7.csv
2025-10-16 14:39:03,200 [INFO] fplmodel - Best XI JSON saved to /Users/kyle/Documents/FPL-Prediction/outputs/best_xi_gw7.json
2025-10-16 14:39:03,344 [INFO] fplmodel - Best XI graphic generated at /Users/kyle/Documents/FPL-Prediction/outputs/best_xi_gw7.png
2025-10-16 14:39:03,353 [INFO] fplmodel - Residuals saved to /Users/kyle/Documents/FPL-Prediction/outputs/residuals_gw6.csv
2025-10-16 14:39:03,353 [INFO] fplmodel - Pipeline complete for GW 7
