2025-10-20 08:16:43,250 [INFO] fplmodel - Logging initialised. Writing to /Users/kyle/Documents/FPL-Prediction/logs/run_20251020_081643.log
2025-10-20 08:16:43,250 [INFO] fplmodel - Starting pipeline run (force_refetch=True)
2025-10-20 08:16:43,250 [INFO] fplmodel - Fetching bootstrap static data...
2025-10-20 08:16:43,688 [INFO] fplmodel - Fetching fixtures data...
2025-10-20 08:16:43,807 [INFO] fplmodel - Loaded normalised frames: 745 elements, 20 teams, 38 events
2025-10-20 08:16:43,808 [INFO] fplmodel - Gameweek override applied -> next_gw=8 | last_finished_gw=7
2025-10-20 08:16:43,808 [INFO] fplmodel - Next gameweek: 8 | Last finished gameweek: 7
2025-10-20 08:16:43,808 [INFO] fplmodel - Renaming log file to highlight gameweek 8
2025-10-20 08:16:43,808 [INFO] fplmodel - Log file renamed to /Users/kyle/Documents/FPL-Prediction/logs/run_gw8_20251020_081643.log
2025-10-20 08:16:43,808 [INFO] fplmodel - Fetching player histories for 745 players (force_refetch=True)
2025-10-20 08:39:13,602 [INFO] fplmodel - Loading 745 player history files from /Users/kyle/Documents/FPL-Prediction/data/raw
2025-10-20 08:39:14,069 [INFO] fplmodel - Built player histories dataframe with 34908 rows
2025-10-20 08:39:14,904 [INFO] fplmodel - Loaded 130884 external history rows for seasons 2020-21, 2021-22, 2022-23, 2023-24, 2024-25
2025-10-20 08:39:14,976 [INFO] fplmodel - Combined history dataset now has 162884 rows
2025-10-20 08:39:15,738 [WARNING] fplmodel.features - FBRef feature build failed: 404 Client Error: Not Found for url: https://fbrapi.com/player-table?type=defense&comp=9&season=2020-2021
2025-10-20 08:39:19,449 [INFO] fplmodel - Prepared features: X_train=(48094, 151), y_train=48094, X_pred=(743, 158)
2025-10-20 08:39:19,451 [INFO] fplmodel - Training models with 151 features
2025-10-20 08:39:19,451 [INFO] fplmodel - Training feature columns: total_points_ma4, minutes_ma4, goals_scored_ma4, assists_ma4, clean_sheets_ma4, influence_ma4, creativity_ma4, threat_ma4, ict_index_ma4, goals_conceded_ma4, own_goals_ma4, penalties_saved_ma4, penalties_missed_ma4, yellow_cards_ma4, red_cards_ma4, saves_ma4, bonus_ma4, bps_ma4, clearances_blocks_interceptions_ma4, recoveries_ma4, tackles_ma4, defensive_contribution_ma4, starts_ma4, expected_goals_ma4, expected_assists_ma4, expected_goal_involvements_ma4, expected_goals_conceded_ma4, value_ma4, transfers_balance_ma4, selected_ma4, transfers_in_ma4, transfers_out_ma4, attacking_returns_ma4, finishing_plus_minus_ma4, finishing_ratio_ma4, creation_plus_minus_ma4, creation_ratio_ma4, xgi_plus_minus_ma4, minutes_share_ma4, points_per_90_ma4, tackles_plus_interceptions_ma4, defensive_actions_ma4, total_points_lag1, minutes_lag1, goals_scored_lag1, assists_lag1, clean_sheets_lag1, influence_lag1, creativity_lag1, threat_lag1, ict_index_lag1, goals_conceded_lag1, own_goals_lag1, penalties_saved_lag1, penalties_missed_lag1, yellow_cards_lag1, red_cards_lag1, saves_lag1, bonus_lag1, bps_lag1, clearances_blocks_interceptions_lag1, recoveries_lag1, tackles_lag1, defensive_contribution_lag1, starts_lag1, expected_goals_lag1, expected_assists_lag1, expected_goal_involvements_lag1, expected_goals_conceded_lag1, value_lag1, transfers_balance_lag1, selected_lag1, transfers_in_lag1, transfers_out_lag1, attacking_returns_lag1, finishing_plus_minus_lag1, finishing_ratio_lag1, creation_plus_minus_lag1, creation_ratio_lag1, xgi_plus_minus_lag1, minutes_share_lag1, points_per_90_lag1, tackles_plus_interceptions_lag1, defensive_actions_lag1, team_goals_for_ma4, team_goals_against_ma4, team_goal_diff_ma4, team_clean_sheet_ma4, team_conceded_two_plus_ma4, team_match_points_ma4, opp_team_goals_for_ma4, opp_team_goals_against_ma4, opp_team_goal_diff_ma4, opp_team_clean_sheet_ma4, opp_team_conceded_two_plus_ma4, opp_team_match_points_ma4, was_home, team_strength_overall, team_strength_home, team_strength_away, team_attack_home, team_attack_away, team_def_home, team_def_away, team_form_rating, team_points_table, team_league_position, team_matches_played, team_wins, team_draws, team_losses, opp_strength_overall, opp_strength_home, opp_strength_away, opp_attack_home, opp_attack_away, opp_def_home, opp_def_away, opp_form_rating, opp_points_table, opp_league_position, opp_matches_played, opp_wins, opp_draws, opp_losses, form, points_per_game, value_form, value_season, selected_by_percent, expected_goals_per_90, expected_assists_per_90, expected_goal_involvements_per_90, expected_goals_conceded_per_90, goals_conceded_per_90, saves_per_90, starts_per_90, clean_sheets_per_90, defensive_contribution_per_90, corners_and_indirect_freekicks_order, direct_freekicks_order, penalties_order, has_corners_duty, primary_corners_taker, has_direct_fk_duty, primary_direct_fk_taker, has_penalty_duty, primary_penalty_taker, set_piece_duty_score, player_bias, pos_bias
2025-10-20 08:39:44,997 [INFO] fplmodel.model - Best classifier[hist_gbdt] params from tuning: {'est__min_samples_leaf': 20, 'est__max_iter': 350, 'est__max_depth': 4, 'est__learning_rate': 0.04, 'est__l2_regularization': 0.1} (score=1.0000)
2025-10-20 08:40:11,592 [INFO] fplmodel.model - Best regressor[hist_gbdt] params from tuning: {'est__min_samples_leaf': 30, 'est__max_iter': 300, 'est__max_depth': 4, 'est__learning_rate': 0.06, 'est__l2_regularization': 0.0} (score=-0.9888)
2025-10-20 08:40:11,592 [INFO] fplmodel.model - Candidate Histogram Gradient Boosting | classifier=1.0000 ± 0.0000 ↑ | regressor=0.9888 ± 0.0533 ↓
2025-10-20 08:41:21,261 [INFO] fplmodel.model - Best classifier[random_forest] params from tuning: {'est__n_estimators': 600, 'est__min_samples_split': 6, 'est__min_samples_leaf': 2, 'est__max_features': 0.6, 'est__max_depth': 10} (score=1.0000)
