2025-10-20 11:54:52,590 [INFO] fplmodel - Logging initialised. Writing to /Users/kyle/Documents/FPL-Prediction/logs/run_20251020_115452.log
2025-10-20 11:54:52,590 [INFO] fplmodel - Starting pipeline run (force_refetch=True)
2025-10-20 11:54:52,591 [INFO] fplmodel - Fetching bootstrap static data...
2025-10-20 11:54:52,591 [INFO] fplmodel.data_pull - Fetching bootstrap static data from https://fantasy.premierleague.com/api/bootstrap-static/ (force=True)
2025-10-20 11:54:52,897 [INFO] fplmodel.data_pull - Saved bootstrap static payload to /Users/kyle/Documents/FPL-Prediction/data/raw/bootstrap-static.json
2025-10-20 11:54:52,897 [INFO] fplmodel - Fetching fixtures data...
2025-10-20 11:54:52,897 [INFO] fplmodel.data_pull - Fetching fixtures data from https://fantasy.premierleague.com/api/fixtures/ (force=True)
2025-10-20 11:54:53,006 [INFO] fplmodel.data_pull - Saved fixtures payload to /Users/kyle/Documents/FPL-Prediction/data/raw/fixtures-all.json
2025-10-20 11:54:53,016 [INFO] fplmodel - Loaded normalised frames: 745 elements, 20 teams, 38 events
2025-10-20 11:54:53,017 [INFO] fplmodel - Gameweek override applied -> next_gw=8 | last_finished_gw=7
2025-10-20 11:54:53,017 [INFO] fplmodel - Next gameweek: 8 | Last finished gameweek: 7
2025-10-20 11:54:53,017 [INFO] fplmodel - Renaming log file to highlight gameweek 8
2025-10-20 11:54:53,018 [INFO] fplmodel - Log file renamed to /Users/kyle/Documents/FPL-Prediction/logs/run_gw8_20251020_115452.log
2025-10-20 11:54:53,018 [INFO] fplmodel - Fetching player histories for 745 players (force_refetch=True)
2025-10-20 11:54:53,018 [INFO] fplmodel.data_pull - Starting player history fetch for 745 players (force=True, seasons_back=5)
2025-10-20 11:54:58,869 [INFO] fplmodel.data_pull - Fetched player history 74/745 (player_id=702)
2025-10-20 11:55:05,084 [INFO] fplmodel.data_pull - Fetched player history 148/745 (player_id=96)
2025-10-20 11:55:11,129 [INFO] fplmodel.data_pull - Fetched player history 222/745 (player_id=165)
2025-10-20 11:55:17,854 [INFO] fplmodel.data_pull - Fetched player history 296/745 (player_id=275)
2025-10-20 11:55:24,453 [INFO] fplmodel.data_pull - Fetched player history 370/745 (player_id=337)
2025-10-20 11:55:30,995 [INFO] fplmodel.data_pull - Fetched player history 444/745 (player_id=692)
2025-10-20 11:55:37,238 [INFO] fplmodel.data_pull - Fetched player history 518/745 (player_id=733)
2025-10-20 11:55:44,421 [INFO] fplmodel.data_pull - Fetched player history 592/745 (player_id=528)
2025-10-20 11:55:50,896 [INFO] fplmodel.data_pull - Fetched player history 666/745 (player_id=594)
2025-10-20 11:56:28,045 [INFO] fplmodel.data_pull - Fetched player history 740/745 (player_id=658)
2025-10-20 11:56:28,467 [INFO] fplmodel.data_pull - Fetched player history 745/745 (player_id=720)
2025-10-20 11:56:28,467 [INFO] fplmodel.data_pull - Completed player history fetch cycle for 745 players
2025-10-20 11:56:28,467 [INFO] fplmodel - Loading 745 player history files from /Users/kyle/Documents/FPL-Prediction/data/raw
2025-10-20 11:56:28,888 [INFO] fplmodel - Built player histories dataframe with 34908 rows
2025-10-20 11:56:29,719 [INFO] fplmodel - Loaded 130884 external history rows for seasons 2020-21, 2021-22, 2022-23, 2023-24, 2024-25
2025-10-20 11:56:29,788 [INFO] fplmodel - Combined history dataset now has 162884 rows
2025-10-20 11:56:29,797 [INFO] fplmodel - History coverage: 745 players across 6 seasons (latest season=2024-25)
2025-10-20 11:56:29,799 [INFO] fplmodel - Beginning feature frame construction with 162884 history rows
2025-10-20 11:56:30,830 [INFO] fplmodel.fbref_data - Fetching FBRef match logs for 509 players across up to 6 seasons
2025-10-20 11:56:31,605 [WARNING] fplmodel.fbref_data - FBRef request player-match-stats returned HTTP 500 (attempt 1/4); retrying...
2025-10-20 11:56:33,038 [WARNING] fplmodel.fbref_data - FBRef request player-match-stats returned HTTP 500 (attempt 2/4); retrying...
2025-10-20 11:56:34,781 [WARNING] fplmodel.fbref_data - FBRef request player-match-stats returned HTTP 500 (attempt 3/4); retrying...
2025-10-20 11:56:37,386 [WARNING] fplmodel.fbref_data - FBRef match stats unavailable for player 972aeb2a season 2020-2021: 500 Server Error: Internal Server Error for url: https://fbrapi.com/player-match-stats/?league_id=9&player_id=972aeb2a&season_id=2020-2021
2025-10-20 11:56:38,130 [WARNING] fplmodel.fbref_data - FBRef request player-match-stats returned HTTP 500 (attempt 1/4); retrying...
2025-10-20 11:56:39,384 [WARNING] fplmodel.fbref_data - FBRef request player-match-stats returned HTTP 500 (attempt 2/4); retrying...
2025-10-20 11:56:41,023 [WARNING] fplmodel.fbref_data - FBRef request player-match-stats returned HTTP 500 (attempt 3/4); retrying...
2025-10-20 11:56:43,689 [WARNING] fplmodel.fbref_data - FBRef match stats unavailable for player 972aeb2a season 2021-2022: 500 Server Error: Internal Server Error for url: https://fbrapi.com/player-match-stats/?league_id=9&player_id=972aeb2a&season_id=2021-2022
2025-10-20 11:57:12,999 [WARNING] fplmodel.fbref_data - FBRef request player-match-stats returned HTTP 504 (attempt 1/4); retrying...
2025-10-20 11:57:42,780 [WARNING] fplmodel.fbref_data - FBRef request player-match-stats returned HTTP 504 (attempt 2/4); retrying...
2025-10-20 11:58:16,283 [WARNING] fplmodel.fbref_data - FBRef request player-match-stats returned HTTP 504 (attempt 3/4); retrying...
2025-10-20 11:58:50,750 [WARNING] fplmodel.fbref_data - FBRef match stats unavailable for player 972aeb2a season 2022-2023: 504 Server Error: Gateway Timeout for url: https://fbrapi.com/player-match-stats/?league_id=9&player_id=972aeb2a&season_id=2022-2023
2025-10-20 11:59:24,455 [WARNING] fplmodel.fbref_data - FBRef request player-match-stats returned HTTP 504 (attempt 1/4); retrying...
2025-10-20 11:59:54,152 [WARNING] fplmodel.fbref_data - FBRef request player-match-stats returned HTTP 504 (attempt 2/4); retrying...
2025-10-20 12:00:27,642 [WARNING] fplmodel.fbref_data - FBRef request player-match-stats returned HTTP 504 (attempt 3/4); retrying...
2025-10-20 12:01:02,221 [WARNING] fplmodel.fbref_data - FBRef match stats unavailable for player 972aeb2a season 2023-2024: 504 Server Error: Gateway Timeout for url: https://fbrapi.com/player-match-stats/?league_id=9&player_id=972aeb2a&season_id=2023-2024
2025-10-20 12:01:31,845 [WARNING] fplmodel.fbref_data - FBRef request player-match-stats returned HTTP 504 (attempt 1/4); retrying...
2025-10-20 12:02:01,518 [WARNING] fplmodel.fbref_data - FBRef request player-match-stats returned HTTP 504 (attempt 2/4); retrying...
2025-10-20 12:02:34,906 [WARNING] fplmodel.fbref_data - FBRef request player-match-stats returned HTTP 504 (attempt 3/4); retrying...
2025-10-20 12:03:09,436 [WARNING] fplmodel.fbref_data - FBRef match stats unavailable for player 972aeb2a season 2024-2025: 504 Server Error: Gateway Timeout for url: https://fbrapi.com/player-match-stats/?league_id=9&player_id=972aeb2a&season_id=2024-2025
2025-10-20 12:03:38,926 [WARNING] fplmodel.fbref_data - FBRef request player-match-stats returned HTTP 504 (attempt 1/4); retrying...
2025-10-20 12:04:08,725 [WARNING] fplmodel.fbref_data - FBRef request player-match-stats returned HTTP 504 (attempt 2/4); retrying...
2025-10-20 12:04:42,312 [WARNING] fplmodel.fbref_data - FBRef request player-match-stats returned HTTP 504 (attempt 3/4); retrying...
2025-10-20 12:05:16,784 [WARNING] fplmodel.fbref_data - FBRef match stats unavailable for player 972aeb2a season 2025-2026: 504 Server Error: Gateway Timeout for url: https://fbrapi.com/player-match-stats/?league_id=9&player_id=972aeb2a&season_id=2025-2026
2025-10-20 12:05:17,740 [WARNING] fplmodel.fbref_data - FBRef request player-match-stats returned HTTP 500 (attempt 1/4); retrying...
2025-10-20 12:05:22,161 [WARNING] fplmodel.fbref_data - FBRef request player-match-stats returned HTTP 500 (attempt 2/4); retrying...
2025-10-20 12:05:23,841 [WARNING] fplmodel.fbref_data - FBRef request player-match-stats returned HTTP 500 (attempt 3/4); retrying...
2025-10-20 12:05:26,423 [WARNING] fplmodel.fbref_data - FBRef match stats unavailable for player aded8e6f season 2020-2021: 500 Server Error: Internal Server Error for url: https://fbrapi.com/player-match-stats/?league_id=9&player_id=aded8e6f&season_id=2020-2021
2025-10-20 12:05:27,472 [WARNING] fplmodel.fbref_data - FBRef request player-match-stats returned HTTP 500 (attempt 1/4); retrying...
2025-10-20 12:05:28,720 [WARNING] fplmodel.fbref_data - FBRef request player-match-stats returned HTTP 500 (attempt 2/4); retrying...
2025-10-20 12:05:30,280 [WARNING] fplmodel.fbref_data - FBRef request player-match-stats returned HTTP 500 (attempt 3/4); retrying...
2025-10-20 12:05:32,918 [WARNING] fplmodel.fbref_data - FBRef match stats unavailable for player aded8e6f season 2021-2022: 500 Server Error: Internal Server Error for url: https://fbrapi.com/player-match-stats/?league_id=9&player_id=aded8e6f&season_id=2021-2022
2025-10-20 12:05:33,758 [WARNING] fplmodel.fbref_data - FBRef request player-match-stats returned HTTP 500 (attempt 1/4); retrying...
2025-10-20 12:05:34,906 [WARNING] fplmodel.fbref_data - FBRef request player-match-stats returned HTTP 500 (attempt 2/4); retrying...
2025-10-20 12:05:36,584 [WARNING] fplmodel.fbref_data - FBRef request player-match-stats returned HTTP 500 (attempt 3/4); retrying...
2025-10-20 12:05:39,555 [WARNING] fplmodel.fbref_data - FBRef match stats unavailable for player aded8e6f season 2022-2023: 500 Server Error: Internal Server Error for url: https://fbrapi.com/player-match-stats/?league_id=9&player_id=aded8e6f&season_id=2022-2023
2025-10-20 12:05:40,375 [WARNING] fplmodel.fbref_data - FBRef request player-match-stats returned HTTP 500 (attempt 1/4); retrying...
2025-10-20 12:05:41,503 [WARNING] fplmodel.fbref_data - FBRef request player-match-stats returned HTTP 500 (attempt 2/4); retrying...
2025-10-20 12:05:43,079 [WARNING] fplmodel.fbref_data - FBRef request player-match-stats returned HTTP 500 (attempt 3/4); retrying...
2025-10-20 12:05:45,678 [WARNING] fplmodel.fbref_data - FBRef match stats unavailable for player aded8e6f season 2023-2024: 500 Server Error: Internal Server Error for url: https://fbrapi.com/player-match-stats/?league_id=9&player_id=aded8e6f&season_id=2023-2024
2025-10-20 12:05:59,932 [WARNING] fplmodel.fbref_data - FBRef request player-match-stats returned HTTP 500 (attempt 1/4); retrying...
2025-10-20 12:06:00,723 [WARNING] fplmodel.fbref_data - FBRef request player-match-stats returned HTTP 500 (attempt 2/4); retrying...
2025-10-20 12:06:01,986 [WARNING] fplmodel.fbref_data - FBRef request player-match-stats returned HTTP 500 (attempt 3/4); retrying...
2025-10-20 12:06:04,252 [WARNING] fplmodel.fbref_data - FBRef match stats unavailable for player aded8e6f season 2024-2025: 500 Server Error: Internal Server Error for url: https://fbrapi.com/player-match-stats/?league_id=9&player_id=aded8e6f&season_id=2024-2025
2025-10-20 12:06:11,231 [WARNING] fplmodel.fbref_data - FBRef request player-match-stats returned HTTP 500 (attempt 1/4); retrying...
2025-10-20 12:06:12,013 [WARNING] fplmodel.fbref_data - FBRef request player-match-stats returned HTTP 500 (attempt 2/4); retrying...
2025-10-20 12:06:13,306 [WARNING] fplmodel.fbref_data - FBRef request player-match-stats returned HTTP 500 (attempt 3/4); retrying...
2025-10-20 12:06:15,805 [WARNING] fplmodel.fbref_data - FBRef match stats unavailable for player aded8e6f season 2025-2026: 500 Server Error: Internal Server Error for url: https://fbrapi.com/player-match-stats/?league_id=9&player_id=aded8e6f&season_id=2025-2026
2025-10-20 12:06:16,251 [WARNING] fplmodel.fbref_data - FBRef request player-match-stats returned HTTP 500 (attempt 1/4); retrying...
2025-10-20 12:06:17,379 [WARNING] fplmodel.fbref_data - FBRef request player-match-stats returned HTTP 500 (attempt 2/4); retrying...
2025-10-20 12:06:19,025 [WARNING] fplmodel.fbref_data - FBRef request player-match-stats returned HTTP 500 (attempt 3/4); retrying...
2025-10-20 12:06:21,280 [WARNING] fplmodel.fbref_data - FBRef match stats unavailable for player 41034650 season 2020-2021: 500 Server Error: Internal Server Error for url: https://fbrapi.com/player-match-stats/?league_id=9&player_id=41034650&season_id=2020-2021
2025-10-20 12:06:21,709 [WARNING] fplmodel.fbref_data - FBRef request player-match-stats returned HTTP 500 (attempt 1/4); retrying...
2025-10-20 12:06:22,468 [WARNING] fplmodel.fbref_data - FBRef request player-match-stats returned HTTP 500 (attempt 2/4); retrying...
2025-10-20 12:06:23,745 [WARNING] fplmodel.fbref_data - FBRef request player-match-stats returned HTTP 500 (attempt 3/4); retrying...
2025-10-20 12:06:26,026 [WARNING] fplmodel.fbref_data - FBRef match stats unavailable for player 41034650 season 2021-2022: 500 Server Error: Internal Server Error for url: https://fbrapi.com/player-match-stats/?league_id=9&player_id=41034650&season_id=2021-2022
2025-10-20 12:06:26,861 [WARNING] fplmodel.fbref_data - FBRef request player-match-stats returned HTTP 500 (attempt 1/4); retrying...
2025-10-20 12:06:27,613 [WARNING] fplmodel.fbref_data - FBRef request player-match-stats returned HTTP 500 (attempt 2/4); retrying...
2025-10-20 12:06:28,853 [WARNING] fplmodel.fbref_data - FBRef request player-match-stats returned HTTP 500 (attempt 3/4); retrying...
2025-10-20 12:06:31,130 [WARNING] fplmodel.fbref_data - FBRef match stats unavailable for player 41034650 season 2022-2023: 500 Server Error: Internal Server Error for url: https://fbrapi.com/player-match-stats/?league_id=9&player_id=41034650&season_id=2022-2023
2025-10-20 12:06:31,501 [WARNING] fplmodel.fbref_data - FBRef request player-match-stats returned HTTP 500 (attempt 1/4); retrying...
2025-10-20 12:06:32,302 [WARNING] fplmodel.fbref_data - FBRef request player-match-stats returned HTTP 500 (attempt 2/4); retrying...
2025-10-20 12:06:33,561 [WARNING] fplmodel.fbref_data - FBRef request player-match-stats returned HTTP 500 (attempt 3/4); retrying...
2025-10-20 12:06:35,798 [WARNING] fplmodel.fbref_data - FBRef match stats unavailable for player 41034650 season 2023-2024: 500 Server Error: Internal Server Error for url: https://fbrapi.com/player-match-stats/?league_id=9&player_id=41034650&season_id=2023-2024
2025-10-20 12:06:36,207 [WARNING] fplmodel.fbref_data - FBRef request player-match-stats returned HTTP 500 (attempt 1/4); retrying...
2025-10-20 12:06:44,078 [WARNING] fplmodel.fbref_data - FBRef request player-match-stats returned HTTP 500 (attempt 2/4); retrying...
2025-10-20 12:06:45,319 [WARNING] fplmodel.fbref_data - FBRef request player-match-stats returned HTTP 500 (attempt 3/4); retrying...
2025-10-20 12:06:47,603 [WARNING] fplmodel.fbref_data - FBRef match stats unavailable for player 41034650 season 2024-2025: 500 Server Error: Internal Server Error for url: https://fbrapi.com/player-match-stats/?league_id=9&player_id=41034650&season_id=2024-2025
2025-10-20 12:06:54,817 [WARNING] fplmodel.fbref_data - FBRef request player-match-stats returned HTTP 500 (attempt 1/4); retrying...
2025-10-20 12:06:55,593 [WARNING] fplmodel.fbref_data - FBRef request player-match-stats returned HTTP 500 (attempt 2/4); retrying...
2025-10-20 12:06:56,825 [WARNING] fplmodel.fbref_data - FBRef request player-match-stats returned HTTP 500 (attempt 3/4); retrying...
2025-10-20 12:06:59,108 [WARNING] fplmodel.fbref_data - FBRef match stats unavailable for player 41034650 season 2025-2026: 500 Server Error: Internal Server Error for url: https://fbrapi.com/player-match-stats/?league_id=9&player_id=41034650&season_id=2025-2026
2025-10-20 12:06:59,509 [WARNING] fplmodel.fbref_data - FBRef request player-match-stats returned HTTP 500 (attempt 1/4); retrying...
2025-10-20 12:07:00,342 [WARNING] fplmodel.fbref_data - FBRef request player-match-stats returned HTTP 500 (attempt 2/4); retrying...
2025-10-20 12:07:02,090 [WARNING] fplmodel.fbref_data - FBRef request player-match-stats returned HTTP 500 (attempt 3/4); retrying...
2025-10-20 12:07:04,339 [WARNING] fplmodel.fbref_data - FBRef match stats unavailable for player dc3e663e season 2020-2021: 500 Server Error: Internal Server Error for url: https://fbrapi.com/player-match-stats/?league_id=9&player_id=dc3e663e&season_id=2020-2021
2025-10-20 12:07:04,749 [WARNING] fplmodel.fbref_data - FBRef request player-match-stats returned HTTP 500 (attempt 1/4); retrying...
2025-10-20 12:07:05,862 [WARNING] fplmodel.fbref_data - FBRef request player-match-stats returned HTTP 500 (attempt 2/4); retrying...
2025-10-20 12:07:07,221 [WARNING] fplmodel.fbref_data - FBRef request player-match-stats returned HTTP 500 (attempt 3/4); retrying...
2025-10-20 12:07:09,482 [WARNING] fplmodel.fbref_data - FBRef match stats unavailable for player dc3e663e season 2021-2022: 500 Server Error: Internal Server Error for url: https://fbrapi.com/player-match-stats/?league_id=9&player_id=dc3e663e&season_id=2021-2022
2025-10-20 12:07:09,906 [WARNING] fplmodel.fbref_data - FBRef request player-match-stats returned HTTP 500 (attempt 1/4); retrying...
2025-10-20 12:07:10,697 [WARNING] fplmodel.fbref_data - FBRef request player-match-stats returned HTTP 500 (attempt 2/4); retrying...
2025-10-20 12:07:40,852 [WARNING] fplmodel.fbref_data - FBRef request player-match-stats returned HTTP 504 (attempt 3/4); retrying...
2025-10-20 12:07:46,942 [WARNING] fplmodel.fbref_data - FBRef match stats unavailable for player dc3e663e season 2022-2023: 500 Server Error: Internal Server Error for url: https://fbrapi.com/player-match-stats/?league_id=9&player_id=dc3e663e&season_id=2022-2023
2025-10-20 12:07:47,312 [WARNING] fplmodel.fbref_data - FBRef request player-match-stats returned HTTP 500 (attempt 1/4); retrying...
2025-10-20 12:07:48,079 [WARNING] fplmodel.fbref_data - FBRef request player-match-stats returned HTTP 500 (attempt 2/4); retrying...
2025-10-20 12:08:03,081 [WARNING] fplmodel.fbref_data - FBRef request player-match-stats returned HTTP 500 (attempt 3/4); retrying...
2025-10-20 12:08:05,335 [WARNING] fplmodel.fbref_data - FBRef match stats unavailable for player dc3e663e season 2023-2024: 500 Server Error: Internal Server Error for url: https://fbrapi.com/player-match-stats/?league_id=9&player_id=dc3e663e&season_id=2023-2024
2025-10-20 12:08:05,685 [WARNING] fplmodel.fbref_data - FBRef request player-match-stats returned HTTP 500 (attempt 1/4); retrying...
2025-10-20 12:08:06,410 [WARNING] fplmodel.fbref_data - FBRef request player-match-stats returned HTTP 500 (attempt 2/4); retrying...
2025-10-20 12:08:07,641 [WARNING] fplmodel.fbref_data - FBRef request player-match-stats returned HTTP 500 (attempt 3/4); retrying...
2025-10-20 12:08:09,893 [WARNING] fplmodel.fbref_data - FBRef match stats unavailable for player dc3e663e season 2024-2025: 500 Server Error: Internal Server Error for url: https://fbrapi.com/player-match-stats/?league_id=9&player_id=dc3e663e&season_id=2024-2025
2025-10-20 12:08:10,280 [WARNING] fplmodel.fbref_data - FBRef request player-match-stats returned HTTP 500 (attempt 1/4); retrying...
2025-10-20 12:08:17,651 [WARNING] fplmodel.fbref_data - FBRef request player-match-stats returned HTTP 500 (attempt 2/4); retrying...
2025-10-20 12:08:18,901 [WARNING] fplmodel.fbref_data - FBRef request player-match-stats returned HTTP 500 (attempt 3/4); retrying...
2025-10-20 12:08:21,146 [WARNING] fplmodel.fbref_data - FBRef match stats unavailable for player dc3e663e season 2025-2026: 500 Server Error: Internal Server Error for url: https://fbrapi.com/player-match-stats/?league_id=9&player_id=dc3e663e&season_id=2025-2026
2025-10-20 12:08:21,549 [WARNING] fplmodel.fbref_data - FBRef request player-match-stats returned HTTP 500 (attempt 1/4); retrying...
2025-10-20 12:08:22,298 [WARNING] fplmodel.fbref_data - FBRef request player-match-stats returned HTTP 500 (attempt 2/4); retrying...
2025-10-20 12:08:23,567 [WARNING] fplmodel.fbref_data - FBRef request player-match-stats returned HTTP 500 (attempt 3/4); retrying...
2025-10-20 12:08:26,122 [WARNING] fplmodel.fbref_data - FBRef match stats unavailable for player 5dff6c28 season 2020-2021: 500 Server Error: Internal Server Error for url: https://fbrapi.com/player-match-stats/?league_id=9&player_id=5dff6c28&season_id=2020-2021
2025-10-20 12:08:26,563 [WARNING] fplmodel.fbref_data - FBRef request player-match-stats returned HTTP 500 (attempt 1/4); retrying...
2025-10-20 12:08:27,300 [WARNING] fplmodel.fbref_data - FBRef request player-match-stats returned HTTP 500 (attempt 2/4); retrying...
2025-10-20 12:08:28,881 [WARNING] fplmodel.fbref_data - FBRef request player-match-stats returned HTTP 500 (attempt 3/4); retrying...
2025-10-20 12:08:31,125 [WARNING] fplmodel.fbref_data - FBRef match stats unavailable for player 5dff6c28 season 2021-2022: 500 Server Error: Internal Server Error for url: https://fbrapi.com/player-match-stats/?league_id=9&player_id=5dff6c28&season_id=2021-2022
2025-10-20 12:08:31,537 [WARNING] fplmodel.fbref_data - FBRef request player-match-stats returned HTTP 500 (attempt 1/4); retrying...
2025-10-20 12:08:32,341 [WARNING] fplmodel.fbref_data - FBRef request player-match-stats returned HTTP 500 (attempt 2/4); retrying...
2025-10-20 12:08:33,733 [WARNING] fplmodel.fbref_data - FBRef request player-match-stats returned HTTP 500 (attempt 3/4); retrying...
2025-10-20 12:08:36,029 [WARNING] fplmodel.fbref_data - FBRef match stats unavailable for player 5dff6c28 season 2022-2023: 500 Server Error: Internal Server Error for url: https://fbrapi.com/player-match-stats/?league_id=9&player_id=5dff6c28&season_id=2022-2023
2025-10-20 12:08:36,397 [WARNING] fplmodel.fbref_data - FBRef request player-match-stats returned HTTP 500 (attempt 1/4); retrying...
2025-10-20 12:08:43,670 [WARNING] fplmodel.fbref_data - FBRef request player-match-stats returned HTTP 500 (attempt 2/4); retrying...
2025-10-20 12:08:44,903 [WARNING] fplmodel.fbref_data - FBRef request player-match-stats returned HTTP 500 (attempt 3/4); retrying...
2025-10-20 12:08:47,165 [WARNING] fplmodel.fbref_data - FBRef match stats unavailable for player 5dff6c28 season 2023-2024: 500 Server Error: Internal Server Error for url: https://fbrapi.com/player-match-stats/?league_id=9&player_id=5dff6c28&season_id=2023-2024
2025-10-20 12:08:47,569 [WARNING] fplmodel.fbref_data - FBRef request player-match-stats returned HTTP 500 (attempt 1/4); retrying...
2025-10-20 12:08:48,391 [WARNING] fplmodel.fbref_data - FBRef request player-match-stats returned HTTP 500 (attempt 2/4); retrying...
2025-10-20 12:08:49,636 [WARNING] fplmodel.fbref_data - FBRef request player-match-stats returned HTTP 500 (attempt 3/4); retrying...
2025-10-20 12:08:51,863 [WARNING] fplmodel.fbref_data - FBRef match stats unavailable for player 5dff6c28 season 2024-2025: 500 Server Error: Internal Server Error for url: https://fbrapi.com/player-match-stats/?league_id=9&player_id=5dff6c28&season_id=2024-2025
2025-10-20 12:08:52,278 [WARNING] fplmodel.fbref_data - FBRef request player-match-stats returned HTTP 500 (attempt 1/4); retrying...
2025-10-20 12:08:59,545 [WARNING] fplmodel.fbref_data - FBRef request player-match-stats returned HTTP 500 (attempt 2/4); retrying...
2025-10-20 12:09:07,289 [WARNING] fplmodel.fbref_data - FBRef request player-match-stats returned HTTP 500 (attempt 3/4); retrying...
2025-10-20 12:09:09,550 [WARNING] fplmodel.fbref_data - FBRef match stats unavailable for player 5dff6c28 season 2025-2026: 500 Server Error: Internal Server Error for url: https://fbrapi.com/player-match-stats/?league_id=9&player_id=5dff6c28&season_id=2025-2026
2025-10-20 12:09:09,963 [WARNING] fplmodel.fbref_data - FBRef request player-match-stats returned HTTP 500 (attempt 1/4); retrying...
2025-10-20 12:09:10,758 [WARNING] fplmodel.fbref_data - FBRef request player-match-stats returned HTTP 500 (attempt 2/4); retrying...
2025-10-20 12:09:12,034 [WARNING] fplmodel.fbref_data - FBRef request player-match-stats returned HTTP 500 (attempt 3/4); retrying...
2025-10-20 12:09:14,281 [WARNING] fplmodel.fbref_data - FBRef match stats unavailable for player 51cf8561 season 2020-2021: 500 Server Error: Internal Server Error for url: https://fbrapi.com/player-match-stats/?league_id=9&player_id=51cf8561&season_id=2020-2021
2025-10-20 12:09:14,680 [WARNING] fplmodel.fbref_data - FBRef request player-match-stats returned HTTP 500 (attempt 1/4); retrying...
2025-10-20 12:09:15,431 [WARNING] fplmodel.fbref_data - FBRef request player-match-stats returned HTTP 500 (attempt 2/4); retrying...
2025-10-20 12:09:16,695 [WARNING] fplmodel.fbref_data - FBRef request player-match-stats returned HTTP 500 (attempt 3/4); retrying...
