2025-11-10 07:53:00,794 [INFO] fplmodel - Logging initialised. Writing to /Users/kyle/Documents/FPL-Prediction/logs/run_20251110_075300.log
2025-11-10 07:53:00,795 [INFO] fplmodel - Starting pipeline run (force_refetch=False)
2025-11-10 07:53:00,795 [INFO] fplmodel - Fetching bootstrap static data...
2025-11-10 07:53:00,813 [INFO] fplmodel - Fetching bootstrap static data completed in 0.02s
2025-11-10 07:53:00,813 [INFO] fplmodel - Fetching fixtures data...
2025-11-10 07:53:00,846 [INFO] fplmodel - Fetching fixtures data completed in 0.03s
2025-11-10 07:53:00,846 [INFO] fplmodel - Normalising bootstrap data...
2025-11-10 07:53:00,856 [INFO] fplmodel - Normalising bootstrap data completed in 0.01s
2025-11-10 07:53:00,856 [INFO] fplmodel - Loaded normalised frames: 752 elements, 20 teams, 38 events
2025-11-10 07:53:00,857 [INFO] fplmodel - Gameweek override applied -> next_gw=13 | last_finished_gw=12
2025-11-10 07:53:00,857 [INFO] fplmodel - Next gameweek: 13 | Last finished gameweek: 12
2025-11-10 07:53:00,857 [INFO] fplmodel - Renaming log file to highlight gameweek 13
2025-11-10 07:53:00,857 [INFO] fplmodel - Log file renamed to /Users/kyle/Documents/FPL-Prediction/logs/run_gw13_20251110_075300.log
2025-11-10 07:53:00,857 [INFO] fplmodel - Fetching player histories for 752 players (force_refetch=False)...
2025-11-10 07:53:09,297 [INFO] fplmodel - Fetching player histories for 752 players (force_refetch=False) completed in 8.44s
2025-11-10 07:53:09,299 [INFO] fplmodel - Loading 752 player history files from /Users/kyle/Documents/FPL-Prediction/data/raw
2025-11-10 07:53:09,299 [INFO] fplmodel - Collating player history JSON into dataframe...
2025-11-10 07:53:09,585 [INFO] fplmodel - Collating player history JSON into dataframe completed in 0.29s
2025-11-10 07:53:09,835 [INFO] fplmodel - Built player histories dataframe with 48378 rows
2025-11-10 07:53:09,835 [INFO] fplmodel - Loading external history data...
2025-11-10 07:53:10,611 [INFO] fplmodel - Loading external history data completed in 0.78s
2025-11-10 07:53:10,666 [INFO] fplmodel - Loaded 131262 external history rows for seasons 2020-21, 2021-22, 2022-23, 2023-24, 2024-25
2025-11-10 07:53:10,747 [INFO] fplmodel - Combined history dataset now has 175466 rows
2025-11-10 07:53:10,748 [INFO] fplmodel - Building training and prediction feature frames...
2025-11-10 07:53:14,421 [INFO] fplmodel - Building training and prediction feature frames completed in 3.67s
2025-11-10 07:53:14,421 [INFO] fplmodel - Prepared features: X_train=(80186, 156), y_train=80186, X_pred=(752, 163)
2025-11-10 07:53:14,424 [INFO] fplmodel - Training models with 156 features
2025-11-10 07:53:14,424 [INFO] fplmodel - Training feature columns: total_points_ma5, minutes_ma5, goals_scored_ma5, assists_ma5, clean_sheets_ma5, influence_ma5, creativity_ma5, threat_ma5, ict_index_ma5, goals_conceded_ma5, own_goals_ma5, penalties_saved_ma5, penalties_missed_ma5, yellow_cards_ma5, red_cards_ma5, saves_ma5, bonus_ma5, bps_ma5, clearances_blocks_interceptions_ma5, recoveries_ma5, tackles_ma5, defensive_contribution_ma5, starts_ma5, expected_goals_ma5, expected_assists_ma5, expected_goal_involvements_ma5, expected_goals_conceded_ma5, value_ma5, transfers_balance_ma5, selected_ma5, transfers_in_ma5, transfers_out_ma5, attacking_returns_ma5, finishing_plus_minus_ma5, finishing_ratio_ma5, creation_plus_minus_ma5, creation_ratio_ma5, xgi_plus_minus_ma5, minutes_share_ma5, points_per_90_ma5, tackles_plus_interceptions_ma5, defensive_actions_ma5, total_points_lag1, minutes_lag1, goals_scored_lag1, assists_lag1, clean_sheets_lag1, influence_lag1, creativity_lag1, threat_lag1, ict_index_lag1, goals_conceded_lag1, own_goals_lag1, penalties_saved_lag1, penalties_missed_lag1, yellow_cards_lag1, red_cards_lag1, saves_lag1, bonus_lag1, bps_lag1, clearances_blocks_interceptions_lag1, recoveries_lag1, tackles_lag1, defensive_contribution_lag1, starts_lag1, expected_goals_lag1, expected_assists_lag1, expected_goal_involvements_lag1, expected_goals_conceded_lag1, value_lag1, transfers_balance_lag1, selected_lag1, transfers_in_lag1, transfers_out_lag1, attacking_returns_lag1, finishing_plus_minus_lag1, finishing_ratio_lag1, creation_plus_minus_lag1, creation_ratio_lag1, xgi_plus_minus_lag1, minutes_share_lag1, points_per_90_lag1, tackles_plus_interceptions_lag1, defensive_actions_lag1, team_goals_for_ma5, team_goals_against_ma5, team_goal_diff_ma5, team_clean_sheet_ma5, team_conceded_two_plus_ma5, team_match_points_ma5, opp_team_goals_for_ma5, opp_team_goals_against_ma5, opp_team_goal_diff_ma5, opp_team_clean_sheet_ma5, opp_team_conceded_two_plus_ma5, opp_team_match_points_ma5, was_home, team_strength_overall, team_strength_home, team_strength_away, team_attack_home, team_attack_away, team_def_home, team_def_away, team_form_rating, team_points_table, team_league_position, team_matches_played, team_wins, team_draws, team_losses, opp_strength_overall, opp_strength_home, opp_strength_away, opp_attack_home, opp_attack_away, opp_def_home, opp_def_away, opp_form_rating, opp_points_table, opp_league_position, opp_matches_played, opp_wins, opp_draws, opp_losses, form, points_per_game, value_form, value_season, selected_by_percent, expected_goals_per_90, expected_assists_per_90, expected_goal_involvements_per_90, expected_goals_conceded_per_90, goals_conceded_per_90, saves_per_90, starts_per_90, clean_sheets_per_90, defensive_contribution_per_90, availability_this_round, availability_next_round, status_availability, status_injury_flag, injury_risk_flag, corners_and_indirect_freekicks_order, direct_freekicks_order, penalties_order, has_corners_duty, primary_corners_taker, has_direct_fk_duty, primary_direct_fk_taker, has_penalty_duty, primary_penalty_taker, set_piece_duty_score, player_bias, pos_bias
2025-11-10 07:53:14,424 [INFO] fplmodel - Training prediction models...
2025-11-10 07:53:14,543 [INFO] fplmodel.model - Season sample weights applied: 2020-21: 0.25, 2021-22: 0.25, 2022-23: 0.34, 2023-24: 0.49, 2024-25: 0.70, 2025-26: 1.00
2025-11-10 07:53:14,543 [INFO] fplmodel.model - Using TimeSeriesSplit with 3 folds for hyperparameter tuning.
2025-11-10 07:53:48,614 [INFO] fplmodel.model - Best classifier[hist_gbdt] params from tuning: {'est__min_samples_leaf': 20, 'est__max_iter': 350, 'est__max_depth': 4, 'est__learning_rate': 0.04, 'est__l2_regularization': 0.1} (score=1.0000)
2025-11-10 07:54:31,820 [INFO] fplmodel.model - Best regressor[hist_gbdt] params from tuning: {'est__min_samples_leaf': 20, 'est__max_iter': 300, 'est__max_depth': 8, 'est__learning_rate': 0.06, 'est__l2_regularization': 0.05} (score=-0.9819)
2025-11-10 07:54:31,820 [INFO] fplmodel.model - Candidate Histogram Gradient Boosting | classifier=1.0000 ± 0.0000 ↑ | regressor=0.9819 ± 0.0743 ↓
2025-11-10 07:56:10,296 [INFO] fplmodel.model - Best classifier[random_forest] params from tuning: {'est__n_estimators': 200, 'est__min_samples_split': 6, 'est__min_samples_leaf': 4, 'est__max_features': 'sqrt', 'est__max_depth': None} (score=1.0000)
2025-11-10 08:11:07,875 [INFO] fplmodel.model - Best regressor[random_forest] params from tuning: {'est__n_estimators': 600, 'est__min_samples_split': 6, 'est__min_samples_leaf': 4, 'est__max_features': 0.7, 'est__max_depth': 20} (score=-0.9758)
2025-11-10 08:11:07,877 [INFO] fplmodel.model - Candidate Random Forest | classifier=1.0000 ± 0.0000 ↑ | regressor=0.9758 ± 0.0481 ↓
2025-11-10 08:12:09,662 [INFO] fplmodel.model - Best classifier[neural_network] params from tuning: {'est__learning_rate_init': 0.003, 'est__hidden_layer_sizes': (256, 128), 'est__beta_1': 0.85, 'est__alpha': 0.0005} (score=0.9988)
2025-11-10 08:12:48,027 [INFO] fplmodel.model - Best regressor[neural_network] params from tuning: {'est__learning_rate_init': 0.003, 'est__hidden_layer_sizes': (256, 128), 'est__beta_1': 0.85, 'est__alpha': 0.0005} (score=-1.0141)
2025-11-10 08:12:48,027 [INFO] fplmodel.model - Candidate Neural Network (MLP) | classifier=0.9988 ± 0.0009 ↑ | regressor=1.0141 ± 0.1093 ↓
2025-11-10 08:12:48,029 [INFO] fplmodel.model - Saved model selection summary to /Users/kyle/Documents/FPL-Prediction/models/model_selection_summary.csv
2025-11-10 08:12:48,029 [INFO] fplmodel.model - Selected classifier model: Histogram Gradient Boosting (balanced_accuracy=1.0000 ± 0.0000 ↑)
2025-11-10 08:12:48,029 [INFO] fplmodel.model - Selected regressor model: Random Forest (MAE=0.9758 ± 0.0481 ↓)
2025-11-10 08:15:02,605 [INFO] fplmodel.model - Classifier (histogram gradient boosting) feature selector dropped 39 column(s): availability_next_round, bps_lag1, bps_ma5, creation_plus_minus_lag1, creation_plus_minus_ma5, defensive_actions_lag1, defensive_actions_ma5, expected_goal_involvements_lag1, expected_goal_involvements_ma5, expected_goal_involvements_per_90, ... (+29 more)
2025-11-10 08:15:02,605 [INFO] fplmodel.model - Regressor (random forest) feature selector dropped 39 column(s): availability_next_round, bps_lag1, bps_ma5, creation_plus_minus_lag1, creation_plus_minus_ma5, defensive_actions_lag1, defensive_actions_ma5, expected_goal_involvements_lag1, expected_goal_involvements_ma5, expected_goal_involvements_per_90, ... (+29 more)
2025-11-10 08:15:02,605 [INFO] fplmodel.model - Final model selection: classifier=Histogram Gradient Boosting | regressor=Random Forest
2025-11-10 08:15:02,774 [INFO] fplmodel - Training prediction models completed in 1308.33s
2025-11-10 08:15:02,812 [INFO] fplmodel - Top feature weights for regressor: total_points_lag1: 0.3497, total_points_ma5: 0.0886, recoveries_lag1: 0.0755, points_per_90_lag1: 0.0419, defensive_contribution_lag1: 0.0340, bonus_lag1: 0.0261, player_bias: 0.0210, selected_lag1: 0.0126, team_conceded_two_plus_ma5: 0.0121, value_ma5: 0.0095, selected_ma5: 0.0095, team_clean_sheet_ma5: 0.0088, points_per_game: 0.0087, form: 0.0086, transfers_balance_lag1: 0.0083
2025-11-10 08:15:02,812 [INFO] fplmodel - Estimator HistGradientBoostingClassifier for classifier does not expose feature_importances_; skipping logging.
2025-11-10 08:15:02,812 [INFO] fplmodel - Model training complete; fitted 3 candidate pair(s).
2025-11-10 08:15:02,812 [INFO] fplmodel - Generating next gameweek predictions...
2025-11-10 08:15:02,931 [INFO] fplmodel - Generating next gameweek predictions completed in 0.12s
2025-11-10 08:15:02,932 [INFO] fplmodel - Generated ensemble predictions for 752 players using 3 model(s): Histogram Gradient Boosting, Random Forest, Neural Network (MLP)
2025-11-10 08:15:02,934 [INFO] fplmodel - Applied fixture multipliers; average EP now 1.79
2025-11-10 08:15:02,934 [INFO] fplmodel - Top 5 expected point predictions (ensemble): Ryan Sessegnon (6.88); Leandro Trossard (6.78); João Pedro Junqueira de Jesus (6.32); Lukas Nmecha (4.51); Matheus Santos Carneiro da Cunha (4.49)
2025-11-10 08:15:02,935 [INFO] fplmodel - Evaluating last finished gameweek residuals...
2025-11-10 08:15:03,028 [INFO] fplmodel - Evaluating last finished gameweek residuals completed in 0.09s
2025-11-10 08:15:03,028 [INFO] fplmodel - Residuals computed for 3250 players in GW 12
2025-11-10 08:15:03,028 [INFO] fplmodel - Selecting best XI from 752 candidates
2025-11-10 08:15:03,028 [INFO] fplmodel - Optimising best XI selection...
2025-11-10 08:15:03,853 [INFO] fplmodel - Optimising best XI selection completed in 0.82s
2025-11-10 08:15:03,854 [INFO] fplmodel - Selected squad: total cost 94.2M | starting cost 62.5M | bench cost 31.7M
2025-11-10 08:15:03,854 [INFO] fplmodel - Projected points: XI 52.94 | Captain included 59.82 | Bench 14.37
2025-11-10 08:15:03,854 [INFO] fplmodel - Captain: Ryan Sessegnon
2025-11-10 08:15:03,854 [INFO] fplmodel - XI | Walter Benítez (Crystal Palace) - 3.23 pts | 4.0M
2025-11-10 08:15:03,854 [INFO] fplmodel - XI | Neco Williams (Nott'm Forest) - 4.11 pts | 4.7M
2025-11-10 08:15:03,854 [INFO] fplmodel - XI | Daniel Muñoz Mejía (Crystal Palace) - 4.07 pts | 5.7M
2025-11-10 08:15:03,854 [INFO] fplmodel - XI | Nathan Collins (Brentford) - 3.99 pts | 4.9M
2025-11-10 08:15:03,854 [INFO] fplmodel - XI | Ryan Sessegnon (Fulham) - 6.88 pts | 5.4M
2025-11-10 08:15:03,854 [INFO] fplmodel - XI | Leandro Trossard (Arsenal) - 6.78 pts | 6.9M
2025-11-10 08:15:03,854 [INFO] fplmodel - XI | Matheus Santos Carneiro da Cunha (Man Utd) - 4.49 pts | 7.9M
2025-11-10 08:15:03,854 [INFO] fplmodel - XI | Martín Zubimendi Ibáñez (Arsenal) - 4.42 pts | 5.4M
2025-11-10 08:15:03,854 [INFO] fplmodel - XI | Granit Xhaka (Sunderland) - 4.15 pts | 5.1M
2025-11-10 08:15:03,854 [INFO] fplmodel - XI | João Pedro Junqueira de Jesus (Chelsea) - 6.32 pts | 7.5M
2025-11-10 08:15:03,854 [INFO] fplmodel - XI | Lukas Nmecha (Leeds) - 4.51 pts | 5.0M
2025-11-10 08:15:03,855 [INFO] fplmodel - Bench 1 | Erling Haaland (Man City) - 4.00 pts
2025-11-10 08:15:03,855 [INFO] fplmodel - Bench 2 | Gabriel dos Santos Magalhães (Arsenal) - 3.69 pts
2025-11-10 08:15:03,855 [INFO] fplmodel - Bench 3 | Oleksandr Zinchenko (Nott'm Forest) - 3.61 pts
2025-11-10 08:15:03,855 [INFO] fplmodel - Bench 4 | Alisson Becker (Liverpool) - 3.07 pts
2025-11-10 08:15:03,860 [INFO] fplmodel - Predictions saved to /Users/kyle/Documents/FPL-Prediction/outputs/predictions_gw13.csv
2025-11-10 08:15:03,861 [INFO] fplmodel - Starting XI saved to /Users/kyle/Documents/FPL-Prediction/outputs/starting_xi_gw13.csv
2025-11-10 08:15:03,862 [INFO] fplmodel - Bench saved to /Users/kyle/Documents/FPL-Prediction/outputs/bench_gw13.csv
2025-11-10 08:15:03,862 [INFO] fplmodel - Best XI JSON saved to /Users/kyle/Documents/FPL-Prediction/outputs/best_xi_gw13.json
2025-11-10 08:15:03,862 [INFO] fplmodel - Rendering best XI graphic...
2025-11-10 08:15:04,003 [INFO] fplmodel - Rendering best XI graphic completed in 0.14s
2025-11-10 08:15:04,003 [INFO] fplmodel - Best XI graphic generated at /Users/kyle/Documents/FPL-Prediction/outputs/best_xi_gw13.png
2025-11-10 08:15:04,007 [INFO] fplmodel - Residuals saved to /Users/kyle/Documents/FPL-Prediction/outputs/residuals_gw12.csv
2025-11-10 08:15:04,007 [INFO] fplmodel - Pipeline complete for GW 13
