2025-10-27 08:38:30,995 [INFO] fplmodel - Logging initialised. Writing to /Users/kyle/Documents/FPL-Prediction/logs/run_20251027_083830.log
2025-10-27 08:38:30,995 [INFO] fplmodel - Starting pipeline run (force_refetch=False)
2025-10-27 08:38:30,995 [INFO] fplmodel - Fetching bootstrap static data...
2025-10-27 08:38:31,013 [INFO] fplmodel - Fetching bootstrap static data completed in 0.02s
2025-10-27 08:38:31,013 [INFO] fplmodel - Fetching fixtures data...
2025-10-27 08:38:31,016 [INFO] fplmodel - Fetching fixtures data completed in 0.00s
2025-10-27 08:38:31,016 [INFO] fplmodel - Normalising bootstrap data...
2025-10-27 08:38:31,026 [INFO] fplmodel - Normalising bootstrap data completed in 0.01s
2025-10-27 08:38:31,026 [INFO] fplmodel - Loaded normalised frames: 746 elements, 20 teams, 38 events
2025-10-27 08:38:31,026 [INFO] fplmodel - Gameweek override applied -> next_gw=8 | last_finished_gw=7
2025-10-27 08:38:31,026 [INFO] fplmodel - Next gameweek: 8 | Last finished gameweek: 7
2025-10-27 08:38:31,026 [INFO] fplmodel - Renaming log file to highlight gameweek 8
2025-10-27 08:38:31,026 [INFO] fplmodel - Log file renamed to /Users/kyle/Documents/FPL-Prediction/logs/run_gw8_20251027_083830.log
2025-10-27 08:38:31,026 [INFO] fplmodel - Fetching player histories for 746 players (force_refetch=False)...
2025-10-27 08:38:31,639 [INFO] fplmodel - Fetching player histories for 746 players (force_refetch=False) completed in 0.61s
2025-10-27 08:38:31,640 [INFO] fplmodel - Loading 746 player history files from /Users/kyle/Documents/FPL-Prediction/data/raw
2025-10-27 08:38:31,640 [INFO] fplmodel - Collating player history JSON into dataframe...
2025-10-27 08:38:31,882 [INFO] fplmodel - Collating player history JSON into dataframe completed in 0.24s
2025-10-27 08:38:32,083 [INFO] fplmodel - Built player histories dataframe with 39384 rows
2025-10-27 08:38:32,083 [INFO] fplmodel - Loading external history data...
2025-10-27 08:38:32,843 [INFO] fplmodel - Loading external history data completed in 0.76s
2025-10-27 08:38:32,882 [INFO] fplmodel - Loaded 130942 external history rows for seasons 2020-21, 2021-22, 2022-23, 2023-24, 2024-25
2025-10-27 08:38:32,952 [INFO] fplmodel - Combined history dataset now has 167014 rows
2025-10-27 08:38:32,952 [INFO] fplmodel - Building training and prediction feature frames...
2025-10-27 08:38:36,550 [INFO] fplmodel - Building training and prediction feature frames completed in 3.60s
2025-10-27 08:38:36,550 [INFO] fplmodel - Prepared features: X_train=(48090, 151), y_train=48090, X_pred=(743, 158)
2025-10-27 08:38:36,552 [INFO] fplmodel - Training models with 151 features
2025-10-27 08:38:36,552 [INFO] fplmodel - Training feature columns: total_points_ma5, minutes_ma5, goals_scored_ma5, assists_ma5, clean_sheets_ma5, influence_ma5, creativity_ma5, threat_ma5, ict_index_ma5, goals_conceded_ma5, own_goals_ma5, penalties_saved_ma5, penalties_missed_ma5, yellow_cards_ma5, red_cards_ma5, saves_ma5, bonus_ma5, bps_ma5, clearances_blocks_interceptions_ma5, recoveries_ma5, tackles_ma5, defensive_contribution_ma5, starts_ma5, expected_goals_ma5, expected_assists_ma5, expected_goal_involvements_ma5, expected_goals_conceded_ma5, value_ma5, transfers_balance_ma5, selected_ma5, transfers_in_ma5, transfers_out_ma5, attacking_returns_ma5, finishing_plus_minus_ma5, finishing_ratio_ma5, creation_plus_minus_ma5, creation_ratio_ma5, xgi_plus_minus_ma5, minutes_share_ma5, points_per_90_ma5, tackles_plus_interceptions_ma5, defensive_actions_ma5, total_points_lag1, minutes_lag1, goals_scored_lag1, assists_lag1, clean_sheets_lag1, influence_lag1, creativity_lag1, threat_lag1, ict_index_lag1, goals_conceded_lag1, own_goals_lag1, penalties_saved_lag1, penalties_missed_lag1, yellow_cards_lag1, red_cards_lag1, saves_lag1, bonus_lag1, bps_lag1, clearances_blocks_interceptions_lag1, recoveries_lag1, tackles_lag1, defensive_contribution_lag1, starts_lag1, expected_goals_lag1, expected_assists_lag1, expected_goal_involvements_lag1, expected_goals_conceded_lag1, value_lag1, transfers_balance_lag1, selected_lag1, transfers_in_lag1, transfers_out_lag1, attacking_returns_lag1, finishing_plus_minus_lag1, finishing_ratio_lag1, creation_plus_minus_lag1, creation_ratio_lag1, xgi_plus_minus_lag1, minutes_share_lag1, points_per_90_lag1, tackles_plus_interceptions_lag1, defensive_actions_lag1, team_goals_for_ma5, team_goals_against_ma5, team_goal_diff_ma5, team_clean_sheet_ma5, team_conceded_two_plus_ma5, team_match_points_ma5, opp_team_goals_for_ma5, opp_team_goals_against_ma5, opp_team_goal_diff_ma5, opp_team_clean_sheet_ma5, opp_team_conceded_two_plus_ma5, opp_team_match_points_ma5, was_home, team_strength_overall, team_strength_home, team_strength_away, team_attack_home, team_attack_away, team_def_home, team_def_away, team_form_rating, team_points_table, team_league_position, team_matches_played, team_wins, team_draws, team_losses, opp_strength_overall, opp_strength_home, opp_strength_away, opp_attack_home, opp_attack_away, opp_def_home, opp_def_away, opp_form_rating, opp_points_table, opp_league_position, opp_matches_played, opp_wins, opp_draws, opp_losses, form, points_per_game, value_form, value_season, selected_by_percent, expected_goals_per_90, expected_assists_per_90, expected_goal_involvements_per_90, expected_goals_conceded_per_90, goals_conceded_per_90, saves_per_90, starts_per_90, clean_sheets_per_90, defensive_contribution_per_90, corners_and_indirect_freekicks_order, direct_freekicks_order, penalties_order, has_corners_duty, primary_corners_taker, has_direct_fk_duty, primary_direct_fk_taker, has_penalty_duty, primary_penalty_taker, set_piece_duty_score, player_bias, pos_bias
2025-10-27 08:38:36,552 [INFO] fplmodel - Training prediction models...
2025-10-27 08:38:36,618 [INFO] fplmodel.model - Season sample weights applied: 2020-21: 0.25, 2021-22: 0.25, 2022-23: 0.34, 2023-24: 0.49, 2024-25: 0.70, 2025-26: 1.00
2025-10-27 08:38:36,618 [INFO] fplmodel.model - Using TimeSeriesSplit with 3 folds for hyperparameter tuning.
2025-10-27 08:38:55,798 [INFO] fplmodel.model - Best classifier[hist_gbdt] params from tuning: {'est__min_samples_leaf': 20, 'est__max_iter': 350, 'est__max_depth': 4, 'est__learning_rate': 0.04, 'est__l2_regularization': 0.1} (score=1.0000)
2025-10-27 08:39:15,803 [INFO] fplmodel.model - Best regressor[hist_gbdt] params from tuning: {'est__min_samples_leaf': 10, 'est__max_iter': 400, 'est__max_depth': None, 'est__learning_rate': 0.08, 'est__l2_regularization': 0.05} (score=-0.9761)
2025-10-27 08:39:15,804 [INFO] fplmodel.model - Candidate Histogram Gradient Boosting | classifier=1.0000 ± 0.0000 ↑ | regressor=0.9761 ± 0.0873 ↓
2025-10-27 08:40:06,830 [INFO] fplmodel.model - Best classifier[random_forest] params from tuning: {'est__n_estimators': 200, 'est__min_samples_split': 6, 'est__min_samples_leaf': 1, 'est__max_features': 'sqrt', 'est__max_depth': None} (score=1.0000)
2025-10-27 08:47:47,514 [INFO] fplmodel.model - Best regressor[random_forest] params from tuning: {'est__n_estimators': 600, 'est__min_samples_split': 6, 'est__min_samples_leaf': 4, 'est__max_features': 0.7, 'est__max_depth': 20} (score=-0.9573)
2025-10-27 08:47:47,515 [INFO] fplmodel.model - Candidate Random Forest | classifier=1.0000 ± 0.0000 ↑ | regressor=0.9573 ± 0.0896 ↓
2025-10-27 08:48:21,665 [INFO] fplmodel.model - Best classifier[neural_network] params from tuning: {'est__learning_rate_init': 0.003, 'est__hidden_layer_sizes': (256, 128), 'est__beta_1': 0.85, 'est__alpha': 0.0005} (score=0.9984)
2025-10-27 08:48:44,544 [INFO] fplmodel.model - Best regressor[neural_network] params from tuning: {'est__learning_rate_init': 0.003, 'est__hidden_layer_sizes': (256, 128), 'est__beta_1': 0.95, 'est__alpha': 0.0005} (score=-1.0130)
2025-10-27 08:48:44,544 [INFO] fplmodel.model - Candidate Neural Network (MLP) | classifier=0.9984 ± 0.0011 ↑ | regressor=1.0130 ± 0.1214 ↓
2025-10-27 08:48:44,545 [INFO] fplmodel.model - Saved model selection summary to /Users/kyle/Documents/FPL-Prediction/models/model_selection_summary.csv
2025-10-27 08:48:44,545 [INFO] fplmodel.model - Selected classifier model: Histogram Gradient Boosting (balanced_accuracy=1.0000 ± 0.0000 ↑)
2025-10-27 08:48:44,545 [INFO] fplmodel.model - Selected regressor model: Random Forest (MAE=0.9573 ± 0.0896 ↓)
2025-10-27 08:50:05,358 [INFO] fplmodel.model - Classifier (histogram gradient boosting) feature selector dropped 39 column(s): bps_lag1, bps_ma5, creation_plus_minus_lag1, creation_plus_minus_ma5, defensive_actions_lag1, defensive_actions_ma5, expected_goal_involvements_lag1, expected_goal_involvements_ma5, expected_goal_involvements_per_90, minutes_share_lag1, ... (+29 more)
2025-10-27 08:50:05,359 [INFO] fplmodel.model - Regressor (random forest) feature selector dropped 39 column(s): bps_lag1, bps_ma5, creation_plus_minus_lag1, creation_plus_minus_ma5, defensive_actions_lag1, defensive_actions_ma5, expected_goal_involvements_lag1, expected_goal_involvements_ma5, expected_goal_involvements_per_90, minutes_share_lag1, ... (+29 more)
2025-10-27 08:50:05,359 [INFO] fplmodel.model - Final model selection: classifier=Histogram Gradient Boosting | regressor=Random Forest
2025-10-27 08:50:05,503 [INFO] fplmodel - Training prediction models completed in 688.95s
2025-10-27 08:50:05,539 [INFO] fplmodel - Top feature weights for regressor: total_points_lag1: 0.3705, total_points_ma5: 0.0822, recoveries_lag1: 0.0706, points_per_90_lag1: 0.0452, defensive_contribution_lag1: 0.0301, player_bias: 0.0260, bonus_lag1: 0.0160, selected_lag1: 0.0128, team_conceded_two_plus_ma5: 0.0116, opp_league_position: 0.0099, value_ma5: 0.0093, selected_ma5: 0.0091, points_per_game: 0.0090, team_league_position: 0.0089, bonus_ma5: 0.0083
2025-10-27 08:50:05,539 [INFO] fplmodel - Estimator HistGradientBoostingClassifier for classifier does not expose feature_importances_; skipping logging.
2025-10-27 08:50:05,539 [INFO] fplmodel - Model training complete; fitted 3 candidate pair(s).
2025-10-27 08:50:05,539 [INFO] fplmodel - Generating next gameweek predictions...
2025-10-27 08:50:05,657 [INFO] fplmodel - Generating next gameweek predictions completed in 0.12s
2025-10-27 08:50:05,658 [INFO] fplmodel - Generated ensemble predictions for 743 players using 3 model(s): Histogram Gradient Boosting, Random Forest, Neural Network (MLP)
2025-10-27 08:50:05,660 [INFO] fplmodel - Applied fixture multipliers; average EP now 0.94
2025-10-27 08:50:05,660 [INFO] fplmodel - Top 5 expected point predictions (ensemble): Senne Lammens (8.87); Gianluigi Donnarumma (5.65); Erling Haaland (5.22); Noah Okafor (4.68); Bernd Leno (4.58)
2025-10-27 08:50:05,660 [INFO] fplmodel - Evaluating last finished gameweek residuals...
2025-10-27 08:50:05,777 [INFO] fplmodel - Evaluating last finished gameweek residuals completed in 0.12s
2025-10-27 08:50:05,777 [INFO] fplmodel - Residuals computed for 6768 players in GW 7
2025-10-27 08:50:05,777 [INFO] fplmodel - Selecting best XI from 743 candidates
2025-10-27 08:50:05,777 [INFO] fplmodel - Optimising best XI selection...
2025-10-27 08:50:06,552 [INFO] fplmodel - Optimising best XI selection completed in 0.77s
2025-10-27 08:50:06,552 [INFO] fplmodel - Selected squad: total cost 92.8M | starting cost 69.7M | bench cost 23.1M
2025-10-27 08:50:06,553 [INFO] fplmodel - Projected points: XI 50.31 | Captain included 59.17 | Bench 16.44
2025-10-27 08:50:06,553 [INFO] fplmodel - Captain: Senne Lammens
2025-10-27 08:50:06,553 [INFO] fplmodel - XI | Senne Lammens (Man Utd) - 8.87 pts | 5.0M
2025-10-27 08:50:06,553 [INFO] fplmodel - XI | Jurriën Timber (Arsenal) - 4.08 pts | 6.0M
2025-10-27 08:50:06,553 [INFO] fplmodel - XI | Malick Thiaw (Newcastle) - 3.88 pts | 4.9M
2025-10-27 08:50:06,553 [INFO] fplmodel - XI | Ferdi Kadıoğlu (Brighton) - 3.86 pts | 4.4M
2025-10-27 08:50:06,553 [INFO] fplmodel - XI | William Saliba (Arsenal) - 3.81 pts | 6.0M
2025-10-27 08:50:06,553 [INFO] fplmodel - XI | Noah Okafor (Leeds) - 4.68 pts | 5.5M
2025-10-27 08:50:06,553 [INFO] fplmodel - XI | Ryan Gravenberch (Liverpool) - 4.01 pts | 5.6M
2025-10-27 08:50:06,553 [INFO] fplmodel - XI | Granit Xhaka (Sunderland) - 3.85 pts | 5.1M
2025-10-27 08:50:06,553 [INFO] fplmodel - XI | Emiliano Buendía Stati (Aston Villa) - 3.68 pts | 5.3M
2025-10-27 08:50:06,553 [INFO] fplmodel - XI | Erling Haaland (Man City) - 5.22 pts | 14.7M
2025-10-27 08:50:06,553 [INFO] fplmodel - XI | Chris Wood (Nott'm Forest) - 4.36 pts | 7.2M
2025-10-27 08:50:06,553 [INFO] fplmodel - Bench 1 | Benjamin Sesko (Man Utd) - 3.66 pts
2025-10-27 08:50:06,553 [INFO] fplmodel - Bench 2 | Matty Cash (Aston Villa) - 3.61 pts
2025-10-27 08:50:06,553 [INFO] fplmodel - Bench 3 | Mateus Gonçalo Espanha Fernandes (West Ham) - 3.51 pts
2025-10-27 08:50:06,553 [INFO] fplmodel - Bench 4 | Gianluigi Donnarumma (Man City) - 5.65 pts
2025-10-27 08:50:06,559 [INFO] fplmodel - Predictions saved to /Users/kyle/Documents/FPL-Prediction/outputs/predictions_gw8.csv
2025-10-27 08:50:06,559 [INFO] fplmodel - Starting XI saved to /Users/kyle/Documents/FPL-Prediction/outputs/starting_xi_gw8.csv
2025-10-27 08:50:06,560 [INFO] fplmodel - Bench saved to /Users/kyle/Documents/FPL-Prediction/outputs/bench_gw8.csv
2025-10-27 08:50:06,560 [INFO] fplmodel - Best XI JSON saved to /Users/kyle/Documents/FPL-Prediction/outputs/best_xi_gw8.json
2025-10-27 08:50:06,560 [INFO] fplmodel - Rendering best XI graphic...
2025-10-27 08:50:06,729 [INFO] fplmodel - Rendering best XI graphic completed in 0.17s
2025-10-27 08:50:06,729 [INFO] fplmodel - Best XI graphic generated at /Users/kyle/Documents/FPL-Prediction/outputs/best_xi_gw8.png
2025-10-27 08:50:06,737 [INFO] fplmodel - Residuals saved to /Users/kyle/Documents/FPL-Prediction/outputs/residuals_gw7.csv
2025-10-27 08:50:06,737 [INFO] fplmodel - Pipeline complete for GW 8
