2025-10-27 08:20:37,087 [INFO] fplmodel - Logging initialised. Writing to /Users/kyle/Documents/FPL-Prediction/logs/run_20251027_082037.log
2025-10-27 08:20:37,087 [INFO] fplmodel - Starting pipeline run (force_refetch=False)
2025-10-27 08:20:37,087 [INFO] fplmodel - Fetching bootstrap static data...
2025-10-27 08:20:37,106 [INFO] fplmodel - Fetching bootstrap static data completed in 0.02s
2025-10-27 08:20:37,106 [INFO] fplmodel - Fetching fixtures data...
2025-10-27 08:20:37,110 [INFO] fplmodel - Fetching fixtures data completed in 0.00s
2025-10-27 08:20:37,110 [INFO] fplmodel - Normalising bootstrap data...
2025-10-27 08:20:37,119 [INFO] fplmodel - Normalising bootstrap data completed in 0.01s
2025-10-27 08:20:37,119 [INFO] fplmodel - Loaded normalised frames: 746 elements, 20 teams, 38 events
2025-10-27 08:20:37,120 [INFO] fplmodel - Gameweek override applied -> next_gw=6 | last_finished_gw=5
2025-10-27 08:20:37,120 [INFO] fplmodel - Next gameweek: 6 | Last finished gameweek: 5
2025-10-27 08:20:37,120 [INFO] fplmodel - Renaming log file to highlight gameweek 6
2025-10-27 08:20:37,120 [INFO] fplmodel - Log file renamed to /Users/kyle/Documents/FPL-Prediction/logs/run_gw6_20251027_082037.log
2025-10-27 08:20:37,120 [INFO] fplmodel - Fetching player histories for 746 players (force_refetch=False)...
2025-10-27 08:20:37,738 [INFO] fplmodel - Fetching player histories for 746 players (force_refetch=False) completed in 0.62s
2025-10-27 08:20:37,738 [INFO] fplmodel - Loading 746 player history files from /Users/kyle/Documents/FPL-Prediction/data/raw
2025-10-27 08:20:37,739 [INFO] fplmodel - Collating player history JSON into dataframe...
2025-10-27 08:20:37,993 [INFO] fplmodel - Collating player history JSON into dataframe completed in 0.25s
2025-10-27 08:20:38,192 [INFO] fplmodel - Built player histories dataframe with 39384 rows
2025-10-27 08:20:38,192 [INFO] fplmodel - Loading external history data...
2025-10-27 08:20:38,973 [INFO] fplmodel - Loading external history data completed in 0.78s
2025-10-27 08:20:39,016 [INFO] fplmodel - Loaded 130942 external history rows for seasons 2020-21, 2021-22, 2022-23, 2023-24, 2024-25
2025-10-27 08:20:39,088 [INFO] fplmodel - Combined history dataset now has 167014 rows
2025-10-27 08:20:39,089 [INFO] fplmodel - Building training and prediction feature frames...
2025-10-27 08:20:42,641 [INFO] fplmodel - Building training and prediction feature frames completed in 3.55s
2025-10-27 08:20:42,641 [INFO] fplmodel - Prepared features: X_train=(34205, 151), y_train=34205, X_pred=(741, 158)
2025-10-27 08:20:42,642 [INFO] fplmodel - Training models with 151 features
2025-10-27 08:20:42,642 [INFO] fplmodel - Training feature columns: total_points_ma5, minutes_ma5, goals_scored_ma5, assists_ma5, clean_sheets_ma5, influence_ma5, creativity_ma5, threat_ma5, ict_index_ma5, goals_conceded_ma5, own_goals_ma5, penalties_saved_ma5, penalties_missed_ma5, yellow_cards_ma5, red_cards_ma5, saves_ma5, bonus_ma5, bps_ma5, clearances_blocks_interceptions_ma5, recoveries_ma5, tackles_ma5, defensive_contribution_ma5, starts_ma5, expected_goals_ma5, expected_assists_ma5, expected_goal_involvements_ma5, expected_goals_conceded_ma5, value_ma5, transfers_balance_ma5, selected_ma5, transfers_in_ma5, transfers_out_ma5, attacking_returns_ma5, finishing_plus_minus_ma5, finishing_ratio_ma5, creation_plus_minus_ma5, creation_ratio_ma5, xgi_plus_minus_ma5, minutes_share_ma5, points_per_90_ma5, tackles_plus_interceptions_ma5, defensive_actions_ma5, total_points_lag1, minutes_lag1, goals_scored_lag1, assists_lag1, clean_sheets_lag1, influence_lag1, creativity_lag1, threat_lag1, ict_index_lag1, goals_conceded_lag1, own_goals_lag1, penalties_saved_lag1, penalties_missed_lag1, yellow_cards_lag1, red_cards_lag1, saves_lag1, bonus_lag1, bps_lag1, clearances_blocks_interceptions_lag1, recoveries_lag1, tackles_lag1, defensive_contribution_lag1, starts_lag1, expected_goals_lag1, expected_assists_lag1, expected_goal_involvements_lag1, expected_goals_conceded_lag1, value_lag1, transfers_balance_lag1, selected_lag1, transfers_in_lag1, transfers_out_lag1, attacking_returns_lag1, finishing_plus_minus_lag1, finishing_ratio_lag1, creation_plus_minus_lag1, creation_ratio_lag1, xgi_plus_minus_lag1, minutes_share_lag1, points_per_90_lag1, tackles_plus_interceptions_lag1, defensive_actions_lag1, team_goals_for_ma5, team_goals_against_ma5, team_goal_diff_ma5, team_clean_sheet_ma5, team_conceded_two_plus_ma5, team_match_points_ma5, opp_team_goals_for_ma5, opp_team_goals_against_ma5, opp_team_goal_diff_ma5, opp_team_clean_sheet_ma5, opp_team_conceded_two_plus_ma5, opp_team_match_points_ma5, was_home, team_strength_overall, team_strength_home, team_strength_away, team_attack_home, team_attack_away, team_def_home, team_def_away, team_form_rating, team_points_table, team_league_position, team_matches_played, team_wins, team_draws, team_losses, opp_strength_overall, opp_strength_home, opp_strength_away, opp_attack_home, opp_attack_away, opp_def_home, opp_def_away, opp_form_rating, opp_points_table, opp_league_position, opp_matches_played, opp_wins, opp_draws, opp_losses, form, points_per_game, value_form, value_season, selected_by_percent, expected_goals_per_90, expected_assists_per_90, expected_goal_involvements_per_90, expected_goals_conceded_per_90, goals_conceded_per_90, saves_per_90, starts_per_90, clean_sheets_per_90, defensive_contribution_per_90, corners_and_indirect_freekicks_order, direct_freekicks_order, penalties_order, has_corners_duty, primary_corners_taker, has_direct_fk_duty, primary_direct_fk_taker, has_penalty_duty, primary_penalty_taker, set_piece_duty_score, player_bias, pos_bias
2025-10-27 08:20:42,643 [INFO] fplmodel - Training prediction models...
2025-10-27 08:20:42,692 [INFO] fplmodel.model - Season sample weights applied: 2020-21: 0.25, 2021-22: 0.25, 2022-23: 0.34, 2023-24: 0.49, 2024-25: 0.70, 2025-26: 1.00
2025-10-27 08:20:42,692 [INFO] fplmodel.model - Using TimeSeriesSplit with 3 folds for hyperparameter tuning.
2025-10-27 08:20:57,379 [INFO] fplmodel.model - Best classifier[hist_gbdt] params from tuning: {'est__min_samples_leaf': 20, 'est__max_iter': 350, 'est__max_depth': 4, 'est__learning_rate': 0.04, 'est__l2_regularization': 0.1} (score=1.0000)
2025-10-27 08:21:17,578 [INFO] fplmodel.model - Best regressor[hist_gbdt] params from tuning: {'est__min_samples_leaf': 20, 'est__max_iter': 300, 'est__max_depth': 8, 'est__learning_rate': 0.06, 'est__l2_regularization': 0.05} (score=-0.9922)
2025-10-27 08:21:17,578 [INFO] fplmodel.model - Candidate Histogram Gradient Boosting | classifier=1.0000 ± 0.0000 ↑ | regressor=0.9922 ± 0.1303 ↓
2025-10-27 08:21:53,770 [INFO] fplmodel.model - Best classifier[random_forest] params from tuning: {'est__n_estimators': 200, 'est__min_samples_split': 6, 'est__min_samples_leaf': 4, 'est__max_features': 'sqrt', 'est__max_depth': None} (score=1.0000)
2025-10-27 08:27:06,451 [INFO] fplmodel.model - Best regressor[random_forest] params from tuning: {'est__n_estimators': 600, 'est__min_samples_split': 6, 'est__min_samples_leaf': 4, 'est__max_features': 0.7, 'est__max_depth': 20} (score=-0.9915)
2025-10-27 08:27:06,452 [INFO] fplmodel.model - Candidate Random Forest | classifier=1.0000 ± 0.0000 ↑ | regressor=0.9915 ± 0.1541 ↓
2025-10-27 08:27:27,576 [INFO] fplmodel.model - Best classifier[neural_network] params from tuning: {'est__learning_rate_init': 0.003, 'est__hidden_layer_sizes': (256, 128), 'est__beta_1': 0.95, 'est__alpha': 0.0001} (score=0.9973)
2025-10-27 08:27:46,153 [INFO] fplmodel.model - Best regressor[neural_network] params from tuning: {'est__learning_rate_init': 0.003, 'est__hidden_layer_sizes': (128, 64), 'est__beta_1': 0.9, 'est__alpha': 0.0001} (score=-1.0472)
2025-10-27 08:27:46,153 [INFO] fplmodel.model - Candidate Neural Network (MLP) | classifier=0.9973 ± 0.0019 ↑ | regressor=1.0472 ± 0.1243 ↓
2025-10-27 08:27:46,154 [INFO] fplmodel.model - Saved model selection summary to /Users/kyle/Documents/FPL-Prediction/models/model_selection_summary.csv
2025-10-27 08:27:46,154 [INFO] fplmodel.model - Selected classifier model: Histogram Gradient Boosting (balanced_accuracy=1.0000 ± 0.0000 ↑)
2025-10-27 08:27:46,154 [INFO] fplmodel.model - Selected regressor model: Random Forest (MAE=0.9915 ± 0.1541 ↓)
2025-10-27 08:28:42,844 [INFO] fplmodel.model - Classifier (histogram gradient boosting) feature selector dropped 38 column(s): bps_lag1, bps_ma5, creation_plus_minus_lag1, creation_plus_minus_ma5, defensive_actions_lag1, defensive_actions_ma5, expected_goal_involvements_ma5, expected_goal_involvements_per_90, minutes_share_lag1, minutes_share_ma5, ... (+28 more)
2025-10-27 08:28:42,844 [INFO] fplmodel.model - Regressor (random forest) feature selector dropped 38 column(s): bps_lag1, bps_ma5, creation_plus_minus_lag1, creation_plus_minus_ma5, defensive_actions_lag1, defensive_actions_ma5, expected_goal_involvements_ma5, expected_goal_involvements_per_90, minutes_share_lag1, minutes_share_ma5, ... (+28 more)
2025-10-27 08:28:42,844 [INFO] fplmodel.model - Final model selection: classifier=Histogram Gradient Boosting | regressor=Random Forest
2025-10-27 08:28:42,963 [INFO] fplmodel - Training prediction models completed in 480.33s
2025-10-27 08:28:43,000 [INFO] fplmodel - Top feature weights for regressor: total_points_lag1: 0.3727, total_points_ma5: 0.0904, recoveries_lag1: 0.0729, points_per_90_lag1: 0.0481, player_bias: 0.0247, defensive_contribution_lag1: 0.0240, bonus_lag1: 0.0121, selected_lag1: 0.0120, team_conceded_two_plus_ma5: 0.0112, opp_league_position: 0.0105, selected_ma5: 0.0094, value_ma5: 0.0092, points_per_game: 0.0091, team_league_position: 0.0089, selected_by_percent: 0.0079
2025-10-27 08:28:43,000 [INFO] fplmodel - Estimator HistGradientBoostingClassifier for classifier does not expose feature_importances_; skipping logging.
2025-10-27 08:28:43,000 [INFO] fplmodel - Model training complete; fitted 3 candidate pair(s).
2025-10-27 08:28:43,000 [INFO] fplmodel - Generating next gameweek predictions...
2025-10-27 08:28:43,128 [INFO] fplmodel - Generating next gameweek predictions completed in 0.13s
2025-10-27 08:28:43,130 [INFO] fplmodel - Generated ensemble predictions for 741 players using 3 model(s): Histogram Gradient Boosting, Random Forest, Neural Network (MLP)
2025-10-27 08:28:43,132 [INFO] fplmodel - Applied fixture multipliers; average EP now 0.51
2025-10-27 08:28:43,132 [INFO] fplmodel - Top 5 expected point predictions (ensemble): Noah Okafor (7.64); Bruno Borges Fernandes (5.55); Tosin Adarabioyo (5.05); Gabriel Martinelli Silva (4.25); Ferdi Kadıoğlu (3.99)
2025-10-27 08:28:43,133 [INFO] fplmodel - Evaluating last finished gameweek residuals...
2025-10-27 08:28:43,253 [INFO] fplmodel - Evaluating last finished gameweek residuals completed in 0.12s
2025-10-27 08:28:43,253 [INFO] fplmodel - Residuals computed for 7216 players in GW 5
2025-10-27 08:28:43,253 [INFO] fplmodel - Selecting best XI from 741 candidates
2025-10-27 08:28:43,253 [INFO] fplmodel - Optimising best XI selection...
2025-10-27 08:28:44,057 [INFO] fplmodel - Optimising best XI selection completed in 0.80s
2025-10-27 08:28:44,058 [INFO] fplmodel - Selected squad: total cost 91.6M | starting cost 60.1M | bench cost 31.5M
2025-10-27 08:28:44,058 [INFO] fplmodel - Projected points: XI 46.54 | Captain included 54.18 | Bench 9.21
2025-10-27 08:28:44,058 [INFO] fplmodel - Captain: Noah Okafor
2025-10-27 08:28:44,058 [INFO] fplmodel - XI | Robin Roefs (Sunderland) - 2.60 pts | 4.6M
2025-10-27 08:28:44,058 [INFO] fplmodel - XI | Tosin Adarabioyo (Chelsea) - 5.05 pts | 4.4M
2025-10-27 08:28:44,058 [INFO] fplmodel - XI | Ferdi Kadıoğlu (Brighton) - 3.99 pts | 4.4M
2025-10-27 08:28:44,058 [INFO] fplmodel - XI | Nordi Mukiele (Sunderland) - 3.48 pts | 4.1M
2025-10-27 08:28:44,058 [INFO] fplmodel - XI | Ladislav Krejcí (Wolves) - 3.47 pts | 4.5M
2025-10-27 08:28:44,058 [INFO] fplmodel - XI | Noah Okafor (Leeds) - 7.64 pts | 5.5M
2025-10-27 08:28:44,058 [INFO] fplmodel - XI | Bruno Borges Fernandes (Man Utd) - 5.55 pts | 8.9M
2025-10-27 08:28:44,058 [INFO] fplmodel - XI | Gabriel Martinelli Silva (Arsenal) - 4.25 pts | 6.9M
2025-10-27 08:28:44,058 [INFO] fplmodel - XI | Mitoma Kaoru (Brighton) - 3.38 pts | 6.3M
2025-10-27 08:28:44,058 [INFO] fplmodel - XI | Florentino Ibrain Morris Luís (Burnley) - 3.28 pts | 5.0M
2025-10-27 08:28:44,058 [INFO] fplmodel - XI | Dominic Calvert-Lewin (Leeds) - 3.84 pts | 5.5M
2025-10-27 08:28:44,058 [INFO] fplmodel - Bench 1 | Omar Alderete (Sunderland) - 3.00 pts
2025-10-27 08:28:44,058 [INFO] fplmodel - Bench 2 | João Pedro Junqueira de Jesus (Chelsea) - 2.17 pts
2025-10-27 08:28:44,059 [INFO] fplmodel - Bench 3 | Erling Haaland (Man City) - 1.92 pts
2025-10-27 08:28:44,059 [INFO] fplmodel - Bench 4 | Nick Pope (Newcastle) - 2.12 pts
2025-10-27 08:28:44,064 [INFO] fplmodel - Predictions saved to /Users/kyle/Documents/FPL-Prediction/outputs/predictions_gw6.csv
2025-10-27 08:28:44,065 [INFO] fplmodel - Starting XI saved to /Users/kyle/Documents/FPL-Prediction/outputs/starting_xi_gw6.csv
2025-10-27 08:28:44,065 [INFO] fplmodel - Bench saved to /Users/kyle/Documents/FPL-Prediction/outputs/bench_gw6.csv
2025-10-27 08:28:44,065 [INFO] fplmodel - Best XI JSON saved to /Users/kyle/Documents/FPL-Prediction/outputs/best_xi_gw6.json
2025-10-27 08:28:44,065 [INFO] fplmodel - Rendering best XI graphic...
2025-10-27 08:28:44,206 [INFO] fplmodel - Rendering best XI graphic completed in 0.14s
2025-10-27 08:28:44,206 [INFO] fplmodel - Best XI graphic generated at /Users/kyle/Documents/FPL-Prediction/outputs/best_xi_gw6.png
2025-10-27 08:28:44,215 [INFO] fplmodel - Residuals saved to /Users/kyle/Documents/FPL-Prediction/outputs/residuals_gw5.csv
2025-10-27 08:28:44,215 [INFO] fplmodel - Pipeline complete for GW 6
