2025-10-15 15:04:58,949 [INFO] fplmodel - Logging initialised. Writing to /Users/kyle/Documents/FPL-Prediction/logs/run_20251015_150458.log
2025-10-15 15:04:58,949 [INFO] fplmodel - Starting pipeline run (force_refetch=False)
2025-10-15 15:04:58,949 [INFO] fplmodel - Fetching bootstrap static data...
2025-10-15 15:04:58,967 [INFO] fplmodel - Fetching fixtures data...
2025-10-15 15:04:58,980 [INFO] fplmodel - Loaded normalised frames: 743 elements, 20 teams, 38 events
2025-10-15 15:04:58,981 [INFO] fplmodel - Next gameweek: 8 | Last finished gameweek: 7
2025-10-15 15:04:58,981 [INFO] fplmodel - Renaming log file to highlight gameweek 8
2025-10-15 15:04:58,982 [INFO] fplmodel - Log file renamed to /Users/kyle/Documents/FPL-Prediction/logs/run_gw8_20251015_150458.log
2025-10-15 15:04:58,982 [INFO] fplmodel - Fetching player histories for 743 players (force_refetch=False)
2025-10-15 15:12:25,125 [INFO] fplmodel - Loading 743 player history files from /Users/kyle/Documents/FPL-Prediction/data/raw
2025-10-15 15:12:25,520 [INFO] fplmodel - Built player histories dataframe with 30438 rows
2025-10-15 15:12:26,446 [INFO] fplmodel - Loaded 130764 external history rows for seasons 2020-21, 2021-22, 2022-23, 2023-24, 2024-25
2025-10-15 15:12:26,517 [INFO] fplmodel - Combined history dataset now has 158552 rows
2025-10-15 15:12:30,321 [INFO] fplmodel - Prepared features: X_train=(48078, 151), y_train=48078, X_pred=(743, 158)
2025-10-15 15:12:30,323 [INFO] fplmodel - Training models with 151 features
2025-10-15 15:12:30,323 [INFO] fplmodel - Training feature columns: total_points_ma5, minutes_ma5, goals_scored_ma5, assists_ma5, clean_sheets_ma5, influence_ma5, creativity_ma5, threat_ma5, ict_index_ma5, goals_conceded_ma5, own_goals_ma5, penalties_saved_ma5, penalties_missed_ma5, yellow_cards_ma5, red_cards_ma5, saves_ma5, bonus_ma5, bps_ma5, clearances_blocks_interceptions_ma5, recoveries_ma5, tackles_ma5, defensive_contribution_ma5, starts_ma5, expected_goals_ma5, expected_assists_ma5, expected_goal_involvements_ma5, expected_goals_conceded_ma5, value_ma5, transfers_balance_ma5, selected_ma5, transfers_in_ma5, transfers_out_ma5, attacking_returns_ma5, finishing_plus_minus_ma5, finishing_ratio_ma5, creation_plus_minus_ma5, creation_ratio_ma5, xgi_plus_minus_ma5, minutes_share_ma5, points_per_90_ma5, tackles_plus_interceptions_ma5, defensive_actions_ma5, total_points_lag1, minutes_lag1, goals_scored_lag1, assists_lag1, clean_sheets_lag1, influence_lag1, creativity_lag1, threat_lag1, ict_index_lag1, goals_conceded_lag1, own_goals_lag1, penalties_saved_lag1, penalties_missed_lag1, yellow_cards_lag1, red_cards_lag1, saves_lag1, bonus_lag1, bps_lag1, clearances_blocks_interceptions_lag1, recoveries_lag1, tackles_lag1, defensive_contribution_lag1, starts_lag1, expected_goals_lag1, expected_assists_lag1, expected_goal_involvements_lag1, expected_goals_conceded_lag1, value_lag1, transfers_balance_lag1, selected_lag1, transfers_in_lag1, transfers_out_lag1, attacking_returns_lag1, finishing_plus_minus_lag1, finishing_ratio_lag1, creation_plus_minus_lag1, creation_ratio_lag1, xgi_plus_minus_lag1, minutes_share_lag1, points_per_90_lag1, tackles_plus_interceptions_lag1, defensive_actions_lag1, team_goals_for_ma5, team_goals_against_ma5, team_goal_diff_ma5, team_clean_sheet_ma5, team_conceded_two_plus_ma5, team_match_points_ma5, opp_team_goals_for_ma5, opp_team_goals_against_ma5, opp_team_goal_diff_ma5, opp_team_clean_sheet_ma5, opp_team_conceded_two_plus_ma5, opp_team_match_points_ma5, was_home, team_strength_overall, team_strength_home, team_strength_away, team_attack_home, team_attack_away, team_def_home, team_def_away, team_form_rating, team_points_table, team_league_position, team_matches_played, team_wins, team_draws, team_losses, opp_strength_overall, opp_strength_home, opp_strength_away, opp_attack_home, opp_attack_away, opp_def_home, opp_def_away, opp_form_rating, opp_points_table, opp_league_position, opp_matches_played, opp_wins, opp_draws, opp_losses, form, points_per_game, value_form, value_season, selected_by_percent, expected_goals_per_90, expected_assists_per_90, expected_goal_involvements_per_90, expected_goals_conceded_per_90, goals_conceded_per_90, saves_per_90, starts_per_90, clean_sheets_per_90, defensive_contribution_per_90, corners_and_indirect_freekicks_order, direct_freekicks_order, penalties_order, has_corners_duty, primary_corners_taker, has_direct_fk_duty, primary_direct_fk_taker, has_penalty_duty, primary_penalty_taker, set_piece_duty_score, player_bias, pos_bias
2025-10-15 15:12:58,758 [INFO] fplmodel.model - Best classifier[hist_gbdt] params from tuning: {'est__min_samples_leaf': 20, 'est__max_iter': 350, 'est__max_depth': 4, 'est__learning_rate': 0.04, 'est__l2_regularization': 0.1} (score=1.0000)
2025-10-15 15:13:27,915 [INFO] fplmodel.model - Best regressor[hist_gbdt] params from tuning: {'est__min_samples_leaf': 20, 'est__max_iter': 300, 'est__max_depth': 8, 'est__learning_rate': 0.06, 'est__l2_regularization': 0.05} (score=-0.9681)
2025-10-15 15:13:27,915 [INFO] fplmodel.model - Candidate Histogram Gradient Boosting | classifier=1.0000 ± 0.0000 ↑ | regressor=0.9681 ± 0.0393 ↓
2025-10-15 15:14:44,065 [INFO] fplmodel.model - Best classifier[random_forest] params from tuning: {'est__n_estimators': 200, 'est__min_samples_split': 6, 'est__min_samples_leaf': 4, 'est__max_features': 'sqrt', 'est__max_depth': None} (score=1.0000)
2025-10-15 15:25:33,230 [INFO] fplmodel.model - Best regressor[random_forest] params from tuning: {'est__n_estimators': 600, 'est__min_samples_split': 4, 'est__min_samples_leaf': 1, 'est__max_features': 0.7, 'est__max_depth': 10} (score=-0.9695)
2025-10-15 15:25:33,231 [INFO] fplmodel.model - Candidate Random Forest | classifier=1.0000 ± 0.0000 ↑ | regressor=0.9695 ± 0.0463 ↓
2025-10-15 15:26:07,361 [INFO] fplmodel.model - Best classifier[neural_network] params from tuning: {'est__learning_rate_init': 0.003, 'est__hidden_layer_sizes': (128, 64), 'est__beta_1': 0.85, 'est__alpha': 0.0005} (score=0.9964)
2025-10-15 15:26:41,680 [INFO] fplmodel.model - Best regressor[neural_network] params from tuning: {'est__learning_rate_init': 0.003, 'est__hidden_layer_sizes': (256, 128), 'est__beta_1': 0.85, 'est__alpha': 0.0005} (score=-1.0489)
2025-10-15 15:26:41,680 [INFO] fplmodel.model - Candidate Neural Network (MLP) | classifier=0.9964 ± 0.0010 ↑ | regressor=1.0489 ± 0.0844 ↓
2025-10-15 15:26:41,683 [INFO] fplmodel.model - Saved model selection summary to /Users/kyle/Documents/FPL-Prediction/models/model_selection_summary.csv
2025-10-15 15:26:41,683 [INFO] fplmodel.model - Selected classifier model: Histogram Gradient Boosting (balanced_accuracy=1.0000 ± 0.0000 ↑)
2025-10-15 15:26:41,683 [INFO] fplmodel.model - Selected regressor model: Histogram Gradient Boosting (MAE=0.9681 ± 0.0393 ↓)
2025-10-15 15:27:38,654 [INFO] fplmodel.model - Classifier (histogram gradient boosting) feature selector dropped 41 column(s): bps_lag1, bps_ma5, creation_plus_minus_lag1, creation_plus_minus_ma5, defensive_actions_lag1, defensive_actions_ma5, expected_goal_involvements_lag1, expected_goal_involvements_ma5, expected_goal_involvements_per_90, minutes_share_lag1, ... (+31 more)
2025-10-15 15:27:38,655 [INFO] fplmodel.model - Regressor (histogram gradient boosting) feature selector dropped 41 column(s): bps_lag1, bps_ma5, creation_plus_minus_lag1, creation_plus_minus_ma5, defensive_actions_lag1, defensive_actions_ma5, expected_goal_involvements_lag1, expected_goal_involvements_ma5, expected_goal_involvements_per_90, minutes_share_lag1, ... (+31 more)
2025-10-15 15:27:38,655 [INFO] fplmodel.model - Final model selection: classifier=Histogram Gradient Boosting | regressor=Histogram Gradient Boosting
2025-10-15 15:27:38,702 [INFO] fplmodel - Estimator HistGradientBoostingRegressor for regressor does not expose feature_importances_; skipping logging.
2025-10-15 15:27:38,703 [INFO] fplmodel - Estimator HistGradientBoostingClassifier for classifier does not expose feature_importances_; skipping logging.
2025-10-15 15:27:38,703 [INFO] fplmodel - Model training complete; fitted 3 candidate pair(s).
2025-10-15 15:27:38,837 [INFO] fplmodel - Generated ensemble predictions for 743 players using 3 model(s): Histogram Gradient Boosting, Random Forest, Neural Network (MLP)
2025-10-15 15:27:38,839 [INFO] fplmodel - Applied fixture multipliers; average EP now 0.30
2025-10-15 15:27:38,840 [INFO] fplmodel - Top 5 expected point predictions (ensemble): Gianluigi Donnarumma (5.30); Bernd Leno (3.85); Noah Okafor (3.63); Malick Thiaw (3.50); Mateus Gonçalo Espanha Fernandes (3.23)
2025-10-15 15:27:38,924 [INFO] fplmodel - Residuals computed for 6768 players in GW 7
2025-10-15 15:27:38,924 [INFO] fplmodel - Selecting best XI from 743 candidates
2025-10-15 15:27:39,725 [INFO] fplmodel - Selected squad: total cost 92.8M | starting cost 69.1M | bench cost 23.7M
2025-10-15 15:27:39,726 [INFO] fplmodel - Projected points: XI 34.68 | Captain included 39.98 | Bench 1.43
2025-10-15 15:27:39,726 [INFO] fplmodel - Captain: Gianluigi Donnarumma
2025-10-15 15:27:39,726 [INFO] fplmodel - XI | Gianluigi Donnarumma (Man City) - 5.30 pts | 5.7M
2025-10-15 15:27:39,726 [INFO] fplmodel - XI | Malick Thiaw (Newcastle) - 3.50 pts | 4.9M
2025-10-15 15:27:39,726 [INFO] fplmodel - XI | James Tarkowski (Everton) - 3.09 pts | 5.5M
2025-10-15 15:27:39,726 [INFO] fplmodel - XI | Michael Kayode (Brentford) - 2.77 pts | 4.5M
2025-10-15 15:27:39,726 [INFO] fplmodel - XI | Nathan Collins (Brentford) - 2.57 pts | 4.9M
2025-10-15 15:27:39,726 [INFO] fplmodel - XI | Noah Okafor (Leeds) - 3.63 pts | 5.5M
2025-10-15 15:27:39,726 [INFO] fplmodel - XI | Mateus Gonçalo Espanha Fernandes (West Ham) - 3.23 pts | 5.5M
2025-10-15 15:27:39,726 [INFO] fplmodel - XI | Florentino Ibrain Morris Luís (Burnley) - 2.66 pts | 5.0M
2025-10-15 15:27:39,726 [INFO] fplmodel - XI | Callum Hudson-Odoi (Nott'm Forest) - 2.58 pts | 5.9M
2025-10-15 15:27:39,726 [INFO] fplmodel - XI | Nick Woltemade (Newcastle) - 2.71 pts | 7.2M
2025-10-15 15:27:39,726 [INFO] fplmodel - XI | Erling Haaland (Man City) - 2.63 pts | 14.5M
2025-10-15 15:27:39,726 [INFO] fplmodel - Bench 1 | Rodrigo Muniz Carvalho (Fulham) - 1.43 pts
2025-10-15 15:27:39,726 [INFO] fplmodel - Bench 2 | Cole Palmer (Chelsea) - 0.00 pts
2025-10-15 15:27:39,726 [INFO] fplmodel - Bench 3 | Aaron Hickey (Brentford) - 0.00 pts
2025-10-15 15:27:39,726 [INFO] fplmodel - Bench 4 | Remi Matthews (Crystal Palace) - 0.00 pts
2025-10-15 15:27:39,732 [INFO] fplmodel - Predictions saved to /Users/kyle/Documents/FPL-Prediction/outputs/predictions_gw8.csv
2025-10-15 15:27:39,733 [INFO] fplmodel - Starting XI saved to /Users/kyle/Documents/FPL-Prediction/outputs/starting_xi_gw8.csv
2025-10-15 15:27:39,733 [INFO] fplmodel - Bench saved to /Users/kyle/Documents/FPL-Prediction/outputs/bench_gw8.csv
2025-10-15 15:27:39,734 [INFO] fplmodel - Best XI JSON saved to /Users/kyle/Documents/FPL-Prediction/outputs/best_xi_gw8.json
2025-10-15 15:27:40,127 [INFO] fplmodel - Best XI graphic generated at /Users/kyle/Documents/FPL-Prediction/outputs/best_xi_gw8.png
2025-10-15 15:27:40,136 [INFO] fplmodel - Residuals saved to /Users/kyle/Documents/FPL-Prediction/outputs/residuals_gw7.csv
2025-10-15 15:27:40,137 [INFO] fplmodel - Pipeline complete for GW 8
