2025-10-14 14:58:19,751 [INFO] fplmodel - Logging initialised. Writing to /Users/kyle/Documents/FPL-Prediction/logs/run_20251014_145819.log
2025-10-14 14:58:19,751 [INFO] fplmodel - Starting pipeline run (force_refetch=False)
2025-10-14 14:58:19,751 [INFO] fplmodel - Fetching bootstrap static data...
2025-10-14 14:58:19,770 [INFO] fplmodel - Fetching fixtures data...
2025-10-14 14:58:19,786 [INFO] fplmodel - Loaded normalised frames: 743 elements, 20 teams, 38 events
2025-10-14 14:58:19,787 [INFO] fplmodel - Next gameweek: 8 | Last finished gameweek: 7
2025-10-14 14:58:19,787 [INFO] fplmodel - Renaming log file to highlight gameweek 8
2025-10-14 14:58:19,787 [INFO] fplmodel - Log file renamed to /Users/kyle/Documents/FPL-Prediction/logs/run_gw8_20251014_145819.log
2025-10-14 14:58:19,787 [INFO] fplmodel - Fetching player histories for 743 players (force_refetch=False)
2025-10-14 14:58:20,020 [INFO] fplmodel - Loading 743 player history files from /Users/kyle/Documents/FPL-Prediction/data/raw
2025-10-14 14:58:20,130 [INFO] fplmodel - Built player histories dataframe with 5073 rows
2025-10-14 14:58:25,272 [INFO] fplmodel - Prepared features: X_train=(3588, 205), y_train=3588, X_pred=(743, 211)
2025-10-14 14:58:25,274 [INFO] fplmodel - Training models with 205 features
2025-10-14 14:58:25,274 [INFO] fplmodel - Training feature columns: total_points_ma3, minutes_ma3, goals_scored_ma3, assists_ma3, clean_sheets_ma3, influence_ma3, creativity_ma3, threat_ma3, ict_index_ma3, goals_conceded_ma3, own_goals_ma3, penalties_saved_ma3, penalties_missed_ma3, yellow_cards_ma3, red_cards_ma3, saves_ma3, bonus_ma3, bps_ma3, clearances_blocks_interceptions_ma3, recoveries_ma3, tackles_ma3, defensive_contribution_ma3, starts_ma3, expected_goals_ma3, expected_assists_ma3, expected_goal_involvements_ma3, expected_goals_conceded_ma3, value_ma3, transfers_balance_ma3, selected_ma3, transfers_in_ma3, transfers_out_ma3, attacking_returns_ma3, finishing_plus_minus_ma3, finishing_ratio_ma3, creation_plus_minus_ma3, creation_ratio_ma3, xgi_plus_minus_ma3, minutes_share_ma3, points_per_90_ma3, tackles_plus_interceptions_ma3, defensive_actions_ma3, total_points_ma5, minutes_ma5, goals_scored_ma5, assists_ma5, clean_sheets_ma5, influence_ma5, creativity_ma5, threat_ma5, ict_index_ma5, goals_conceded_ma5, own_goals_ma5, penalties_saved_ma5, penalties_missed_ma5, yellow_cards_ma5, red_cards_ma5, saves_ma5, bonus_ma5, bps_ma5, clearances_blocks_interceptions_ma5, recoveries_ma5, tackles_ma5, defensive_contribution_ma5, starts_ma5, expected_goals_ma5, expected_assists_ma5, expected_goal_involvements_ma5, expected_goals_conceded_ma5, value_ma5, transfers_balance_ma5, selected_ma5, transfers_in_ma5, transfers_out_ma5, attacking_returns_ma5, finishing_plus_minus_ma5, finishing_ratio_ma5, creation_plus_minus_ma5, creation_ratio_ma5, xgi_plus_minus_ma5, minutes_share_ma5, points_per_90_ma5, tackles_plus_interceptions_ma5, defensive_actions_ma5, total_points_lag1, minutes_lag1, goals_scored_lag1, assists_lag1, clean_sheets_lag1, influence_lag1, creativity_lag1, threat_lag1, ict_index_lag1, goals_conceded_lag1, own_goals_lag1, penalties_saved_lag1, penalties_missed_lag1, yellow_cards_lag1, red_cards_lag1, saves_lag1, bonus_lag1, bps_lag1, clearances_blocks_interceptions_lag1, recoveries_lag1, tackles_lag1, defensive_contribution_lag1, starts_lag1, expected_goals_lag1, expected_assists_lag1, expected_goal_involvements_lag1, expected_goals_conceded_lag1, value_lag1, transfers_balance_lag1, selected_lag1, transfers_in_lag1, transfers_out_lag1, attacking_returns_lag1, finishing_plus_minus_lag1, finishing_ratio_lag1, creation_plus_minus_lag1, creation_ratio_lag1, xgi_plus_minus_lag1, minutes_share_lag1, points_per_90_lag1, tackles_plus_interceptions_lag1, defensive_actions_lag1, team_goals_for_ma3, team_goals_against_ma3, team_goal_diff_ma3, team_clean_sheet_ma3, team_conceded_two_plus_ma3, team_match_points_ma3, team_goals_for_ma5, team_goals_against_ma5, team_goal_diff_ma5, team_clean_sheet_ma5, team_conceded_two_plus_ma5, team_match_points_ma5, opp_team_goals_for_ma3, opp_team_goals_for_ma5, opp_team_goals_against_ma3, opp_team_goals_against_ma5, opp_team_goal_diff_ma3, opp_team_goal_diff_ma5, opp_team_clean_sheet_ma3, opp_team_clean_sheet_ma5, opp_team_conceded_two_plus_ma3, opp_team_conceded_two_plus_ma5, opp_team_match_points_ma3, opp_team_match_points_ma5, was_home, team_strength_overall, team_strength_home, team_strength_away, team_attack_home, team_attack_away, team_def_home, team_def_away, team_form_rating, team_points_table, team_league_position, team_matches_played, team_wins, team_draws, team_losses, opp_strength_overall, opp_strength_home, opp_strength_away, opp_attack_home, opp_attack_away, opp_def_home, opp_def_away, opp_form_rating, opp_points_table, opp_league_position, opp_matches_played, opp_wins, opp_draws, opp_losses, form, points_per_game, value_form, value_season, selected_by_percent, expected_goals_per_90, expected_assists_per_90, expected_goal_involvements_per_90, expected_goals_conceded_per_90, goals_conceded_per_90, saves_per_90, starts_per_90, clean_sheets_per_90, defensive_contribution_per_90, corners_and_indirect_freekicks_order, direct_freekicks_order, penalties_order, has_corners_duty, primary_corners_taker, has_direct_fk_duty, primary_direct_fk_taker, has_penalty_duty, primary_penalty_taker, set_piece_duty_score, player_bias, pos_bias
2025-10-14 14:58:28,512 [INFO] fplmodel - Estimator HistGradientBoostingRegressor for regressor does not expose feature_importances_; skipping logging.
2025-10-14 14:58:28,512 [INFO] fplmodel - Estimator HistGradientBoostingClassifier for classifier does not expose feature_importances_; skipping logging.
2025-10-14 14:58:28,512 [INFO] fplmodel - Model training complete
2025-10-14 14:58:28,559 [INFO] fplmodel - Generated baseline predictions for 743 players
2025-10-14 14:58:28,561 [INFO] fplmodel - Applied fixture multipliers; average EP now 1.65
2025-10-14 14:58:28,562 [INFO] fplmodel - Top 5 expected point predictions: Bruno Guimarães Rodriguez Moura (17.01); Donyell Malen (15.60); Joško Gvardiol (13.94); Jan Paul van Hecke (13.87); Mohammed Kudus (13.08)
2025-10-14 14:58:28,611 [INFO] fplmodel - Residuals computed for 743 players in GW 7
2025-10-14 14:58:28,612 [INFO] fplmodel - Selecting best XI from 743 candidates
2025-10-14 14:58:29,322 [INFO] fplmodel - Selected squad: total cost 96.0M | starting cost 73.2M | bench cost 22.8M
2025-10-14 14:58:29,322 [INFO] fplmodel - Projected points: XI 131.65 | Captain included 148.66 | Bench 8.95
2025-10-14 14:58:29,322 [INFO] fplmodel - Captain: Bruno Guimarães Rodriguez Moura
2025-10-14 14:58:29,322 [INFO] fplmodel - XI | Senne Lammens (Man Utd) - 9.11 pts | 5.0M
2025-10-14 14:58:29,322 [INFO] fplmodel - XI | Joško Gvardiol (Man City) - 13.94 pts | 5.9M
2025-10-14 14:58:29,322 [INFO] fplmodel - XI | Jan Paul van Hecke (Brighton) - 13.87 pts | 4.4M
2025-10-14 14:58:29,322 [INFO] fplmodel - XI | Rúben dos Santos Gato Alves Dias (Man City) - 10.61 pts | 5.5M
2025-10-14 14:58:29,322 [INFO] fplmodel - XI | Riccardo Calafiori (Arsenal) - 9.45 pts | 5.7M
2025-10-14 14:58:29,322 [INFO] fplmodel - XI | Bruno Guimarães Rodriguez Moura (Newcastle) - 17.01 pts | 6.5M
2025-10-14 14:58:29,322 [INFO] fplmodel - XI | Donyell Malen (Aston Villa) - 15.60 pts | 5.1M
2025-10-14 14:58:29,322 [INFO] fplmodel - XI | Mohammed Kudus (Spurs) - 13.08 pts | 6.8M
2025-10-14 14:58:29,322 [INFO] fplmodel - XI | Antoine Semenyo (Bournemouth) - 10.74 pts | 7.9M
2025-10-14 14:58:29,322 [INFO] fplmodel - XI | Mason Mount (Man Utd) - 10.60 pts | 5.9M
2025-10-14 14:58:29,322 [INFO] fplmodel - XI | Erling Haaland (Man City) - 7.65 pts | 14.5M
2025-10-14 14:58:29,322 [INFO] fplmodel - Bench 1 | Myles Lewis-Skelly (Arsenal) - 1.41 pts
2025-10-14 14:58:29,322 [INFO] fplmodel - Bench 2 | Eli Junior Kroupi (Bournemouth) - 0.32 pts
2025-10-14 14:58:29,322 [INFO] fplmodel - Bench 3 | Yoane Wissa (Newcastle) - 0.32 pts
2025-10-14 14:58:29,322 [INFO] fplmodel - Bench 4 | David Raya Martín (Arsenal) - 6.91 pts
2025-10-14 14:58:29,328 [INFO] fplmodel - Predictions saved to /Users/kyle/Documents/FPL-Prediction/outputs/predictions_gw8.csv
2025-10-14 14:58:29,329 [INFO] fplmodel - Starting XI saved to /Users/kyle/Documents/FPL-Prediction/outputs/starting_xi_gw8.csv
2025-10-14 14:58:29,329 [INFO] fplmodel - Bench saved to /Users/kyle/Documents/FPL-Prediction/outputs/bench_gw8.csv
2025-10-14 14:58:29,330 [INFO] fplmodel - Best XI JSON saved to /Users/kyle/Documents/FPL-Prediction/outputs/best_xi_gw8.json
2025-10-14 14:58:29,695 [INFO] fplmodel - Best XI graphic generated at /Users/kyle/Documents/FPL-Prediction/outputs/best_xi_gw8.png
2025-10-14 14:58:29,697 [INFO] fplmodel - Residuals saved to /Users/kyle/Documents/FPL-Prediction/outputs/residuals_gw7.csv
2025-10-14 14:58:29,697 [INFO] fplmodel - Pipeline complete for GW 8
