2025-10-16 08:35:15,086 [INFO] fplmodel - Logging initialised. Writing to /Users/kyle/Documents/FPL-Prediction/logs/run_20251016_083515.log
2025-10-16 08:35:15,086 [INFO] fplmodel - Starting pipeline run (force_refetch=True)
2025-10-16 08:35:15,086 [INFO] fplmodel - Fetching bootstrap static data...
2025-10-16 08:35:15,379 [INFO] fplmodel - Fetching fixtures data...
2025-10-16 08:35:15,491 [INFO] fplmodel - Loaded normalised frames: 743 elements, 20 teams, 38 events
2025-10-16 08:35:15,491 [INFO] fplmodel - Gameweek override applied -> next_gw=3 | last_finished_gw=2
2025-10-16 08:35:15,491 [INFO] fplmodel - Next gameweek: 3 | Last finished gameweek: 2
2025-10-16 08:35:15,491 [INFO] fplmodel - Renaming log file to highlight gameweek 3
2025-10-16 08:35:15,492 [INFO] fplmodel - Log file renamed to /Users/kyle/Documents/FPL-Prediction/logs/run_gw3_20251016_083515.log
2025-10-16 08:35:15,492 [INFO] fplmodel - Fetching player histories for 743 players (force_refetch=True)
2025-10-16 08:50:32,201 [INFO] fplmodel - Loading 743 player history files from /Users/kyle/Documents/FPL-Prediction/data/raw
2025-10-16 08:50:32,588 [INFO] fplmodel - Built player histories dataframe with 30438 rows
2025-10-16 08:50:33,412 [INFO] fplmodel - Loaded 130764 external history rows for seasons 2020-21, 2021-22, 2022-23, 2023-24, 2024-25
2025-10-16 08:50:33,482 [INFO] fplmodel - Combined history dataset now has 158552 rows
2025-10-16 08:50:37,001 [INFO] fplmodel - Prepared features: X_train=(13221, 151), y_train=13221, X_pred=(705, 158)
2025-10-16 08:50:37,001 [INFO] fplmodel - Training models with 151 features
2025-10-16 08:50:37,001 [INFO] fplmodel - Training feature columns: total_points_ma4, minutes_ma4, goals_scored_ma4, assists_ma4, clean_sheets_ma4, influence_ma4, creativity_ma4, threat_ma4, ict_index_ma4, goals_conceded_ma4, own_goals_ma4, penalties_saved_ma4, penalties_missed_ma4, yellow_cards_ma4, red_cards_ma4, saves_ma4, bonus_ma4, bps_ma4, clearances_blocks_interceptions_ma4, recoveries_ma4, tackles_ma4, defensive_contribution_ma4, starts_ma4, expected_goals_ma4, expected_assists_ma4, expected_goal_involvements_ma4, expected_goals_conceded_ma4, value_ma4, transfers_balance_ma4, selected_ma4, transfers_in_ma4, transfers_out_ma4, attacking_returns_ma4, finishing_plus_minus_ma4, finishing_ratio_ma4, creation_plus_minus_ma4, creation_ratio_ma4, xgi_plus_minus_ma4, minutes_share_ma4, points_per_90_ma4, tackles_plus_interceptions_ma4, defensive_actions_ma4, total_points_lag1, minutes_lag1, goals_scored_lag1, assists_lag1, clean_sheets_lag1, influence_lag1, creativity_lag1, threat_lag1, ict_index_lag1, goals_conceded_lag1, own_goals_lag1, penalties_saved_lag1, penalties_missed_lag1, yellow_cards_lag1, red_cards_lag1, saves_lag1, bonus_lag1, bps_lag1, clearances_blocks_interceptions_lag1, recoveries_lag1, tackles_lag1, defensive_contribution_lag1, starts_lag1, expected_goals_lag1, expected_assists_lag1, expected_goal_involvements_lag1, expected_goals_conceded_lag1, value_lag1, transfers_balance_lag1, selected_lag1, transfers_in_lag1, transfers_out_lag1, attacking_returns_lag1, finishing_plus_minus_lag1, finishing_ratio_lag1, creation_plus_minus_lag1, creation_ratio_lag1, xgi_plus_minus_lag1, minutes_share_lag1, points_per_90_lag1, tackles_plus_interceptions_lag1, defensive_actions_lag1, team_goals_for_ma4, team_goals_against_ma4, team_goal_diff_ma4, team_clean_sheet_ma4, team_conceded_two_plus_ma4, team_match_points_ma4, opp_team_goals_for_ma4, opp_team_goals_against_ma4, opp_team_goal_diff_ma4, opp_team_clean_sheet_ma4, opp_team_conceded_two_plus_ma4, opp_team_match_points_ma4, was_home, team_strength_overall, team_strength_home, team_strength_away, team_attack_home, team_attack_away, team_def_home, team_def_away, team_form_rating, team_points_table, team_league_position, team_matches_played, team_wins, team_draws, team_losses, opp_strength_overall, opp_strength_home, opp_strength_away, opp_attack_home, opp_attack_away, opp_def_home, opp_def_away, opp_form_rating, opp_points_table, opp_league_position, opp_matches_played, opp_wins, opp_draws, opp_losses, form, points_per_game, value_form, value_season, selected_by_percent, expected_goals_per_90, expected_assists_per_90, expected_goal_involvements_per_90, expected_goals_conceded_per_90, goals_conceded_per_90, saves_per_90, starts_per_90, clean_sheets_per_90, defensive_contribution_per_90, corners_and_indirect_freekicks_order, direct_freekicks_order, penalties_order, has_corners_duty, primary_corners_taker, has_direct_fk_duty, primary_direct_fk_taker, has_penalty_duty, primary_penalty_taker, set_piece_duty_score, player_bias, pos_bias
2025-10-16 08:50:47,972 [INFO] fplmodel.model - Best classifier[hist_gbdt] params from tuning: {'est__min_samples_leaf': 20, 'est__max_iter': 350, 'est__max_depth': 4, 'est__learning_rate': 0.04, 'est__l2_regularization': 0.1} (score=1.0000)
2025-10-16 08:51:01,767 [INFO] fplmodel.model - Best regressor[hist_gbdt] params from tuning: {'est__min_samples_leaf': 20, 'est__max_iter': 400, 'est__max_depth': 4, 'est__learning_rate': 0.04, 'est__l2_regularization': 0.1} (score=-1.1015)
2025-10-16 08:51:01,767 [INFO] fplmodel.model - Candidate Histogram Gradient Boosting | classifier=1.0000 ± 0.0000 ↑ | regressor=1.1015 ± 0.0603 ↓
2025-10-16 08:51:19,754 [INFO] fplmodel.model - Best classifier[random_forest] params from tuning: {'est__n_estimators': 600, 'est__min_samples_split': 6, 'est__min_samples_leaf': 2, 'est__max_features': 0.6, 'est__max_depth': 10} (score=1.0000)
2025-10-16 08:53:08,956 [INFO] fplmodel.model - Best regressor[random_forest] params from tuning: {'est__n_estimators': 600, 'est__min_samples_split': 6, 'est__min_samples_leaf': 2, 'est__max_features': 'sqrt', 'est__max_depth': 10} (score=-1.1041)
2025-10-16 08:53:08,957 [INFO] fplmodel.model - Candidate Random Forest | classifier=1.0000 ± 0.0000 ↑ | regressor=1.1041 ± 0.0798 ↓
2025-10-16 08:53:16,071 [INFO] fplmodel.model - Best classifier[neural_network] params from tuning: {'est__learning_rate_init': 0.003, 'est__hidden_layer_sizes': (128, 64), 'est__beta_1': 0.85, 'est__alpha': 0.0005} (score=0.9901)
2025-10-16 08:53:24,184 [INFO] fplmodel.model - Best regressor[neural_network] params from tuning: {'est__learning_rate_init': 0.003, 'est__hidden_layer_sizes': (128, 128, 64), 'est__beta_1': 0.9, 'est__alpha': 0.001} (score=-1.2053)
2025-10-16 08:53:24,184 [INFO] fplmodel.model - Candidate Neural Network (MLP) | classifier=0.9901 ± 0.0032 ↑ | regressor=1.2053 ± 0.1260 ↓
2025-10-16 08:53:24,186 [INFO] fplmodel.model - Saved model selection summary to /Users/kyle/Documents/FPL-Prediction/models/model_selection_summary.csv
2025-10-16 08:53:24,186 [INFO] fplmodel.model - Selected classifier model: Histogram Gradient Boosting (balanced_accuracy=1.0000 ± 0.0000 ↑)
2025-10-16 08:53:24,186 [INFO] fplmodel.model - Selected regressor model: Histogram Gradient Boosting (MAE=1.1015 ± 0.0603 ↓)
2025-10-16 08:53:32,514 [INFO] fplmodel.model - Classifier (histogram gradient boosting) feature selector dropped 42 column(s): bps_lag1, bps_ma4, creation_plus_minus_lag1, creation_plus_minus_ma4, defensive_actions_lag1, defensive_actions_ma4, expected_goal_involvements_ma4, expected_goal_involvements_per_90, minutes_share_lag1, minutes_share_ma4, ... (+32 more)
2025-10-16 08:53:32,514 [INFO] fplmodel.model - Regressor (histogram gradient boosting) feature selector dropped 42 column(s): bps_lag1, bps_ma4, creation_plus_minus_lag1, creation_plus_minus_ma4, defensive_actions_lag1, defensive_actions_ma4, expected_goal_involvements_ma4, expected_goal_involvements_per_90, minutes_share_lag1, minutes_share_ma4, ... (+32 more)
2025-10-16 08:53:32,515 [INFO] fplmodel.model - Final model selection: classifier=Histogram Gradient Boosting | regressor=Histogram Gradient Boosting
2025-10-16 08:53:32,558 [INFO] fplmodel - Estimator HistGradientBoostingRegressor for regressor does not expose feature_importances_; skipping logging.
2025-10-16 08:53:32,558 [INFO] fplmodel - Estimator HistGradientBoostingClassifier for classifier does not expose feature_importances_; skipping logging.
2025-10-16 08:53:32,558 [INFO] fplmodel - Model training complete; fitted 3 candidate pair(s).
2025-10-16 08:53:32,702 [INFO] fplmodel - Generated ensemble predictions for 705 players using 3 model(s): Histogram Gradient Boosting, Random Forest, Neural Network (MLP)
2025-10-16 08:53:32,704 [INFO] fplmodel - Applied fixture multipliers; average EP now 0.32
2025-10-16 08:53:32,705 [INFO] fplmodel - Top 5 expected point predictions (ensemble): João Maria Lobo Alves Palhares Costa Palhinha Gonçalves (11.19); Bafodé Diakité (9.50); Lucas Tolentino Coelho de Lima (6.93); Hugo Ekitiké (4.58); Emmanuel Agbadou (3.57)
2025-10-16 08:53:32,776 [INFO] fplmodel - Residuals computed for 6763 players in GW 2
2025-10-16 08:53:32,776 [INFO] fplmodel - Selecting best XI from 705 candidates
2025-10-16 08:53:33,511 [INFO] fplmodel - Selected squad: total cost 87.2M | starting cost 66.8M | bench cost 20.4M
2025-10-16 08:53:33,512 [INFO] fplmodel - Projected points: XI 54.95 | Captain included 66.14 | Bench 11.00
2025-10-16 08:53:33,512 [INFO] fplmodel - Captain: João Maria Lobo Alves Palhares Costa Palhinha Gonçalves
2025-10-16 08:53:33,512 [INFO] fplmodel - XI | James Trafford (Man City) - 3.02 pts | 4.8M
2025-10-16 08:53:33,512 [INFO] fplmodel - XI | Bafodé Diakité (Bournemouth) - 9.50 pts | 4.5M
2025-10-16 08:53:33,512 [INFO] fplmodel - XI | Emmanuel Agbadou (Wolves) - 3.57 pts | 4.4M
2025-10-16 08:53:33,512 [INFO] fplmodel - XI | Micky van de Ven (Spurs) - 3.54 pts | 4.8M
2025-10-16 08:53:33,512 [INFO] fplmodel - XI | Murillo Costa dos Santos (Nott'm Forest) - 3.02 pts | 5.4M
2025-10-16 08:53:33,512 [INFO] fplmodel - XI | João Maria Lobo Alves Palhares Costa Palhinha Gonçalves (Spurs) - 11.19 pts | 5.5M
2025-10-16 08:53:33,512 [INFO] fplmodel - XI | Lucas Tolentino Coelho de Lima (West Ham) - 6.93 pts | 5.9M
2025-10-16 08:53:33,512 [INFO] fplmodel - XI | Dango Ouattara (Brentford) - 3.47 pts | 6.0M
2025-10-16 08:53:33,512 [INFO] fplmodel - XI | Hugo Ekitiké (Liverpool) - 4.58 pts | 8.7M
2025-10-16 08:53:33,512 [INFO] fplmodel - XI | Viktor Gyökeres (Arsenal) - 3.57 pts | 9.1M
2025-10-16 08:53:33,512 [INFO] fplmodel - XI | João Pedro Junqueira de Jesus (Chelsea) - 2.57 pts | 7.7M
2025-10-16 08:53:33,512 [INFO] fplmodel - Bench 1 | Dan Ndoye (Nott'm Forest) - 3.21 pts
2025-10-16 08:53:33,512 [INFO] fplmodel - Bench 2 | Granit Xhaka (Sunderland) - 3.07 pts
2025-10-16 08:53:33,512 [INFO] fplmodel - Bench 3 | Ferdi Kadıoğlu (Brighton) - 2.33 pts
2025-10-16 08:53:33,512 [INFO] fplmodel - Bench 4 | Nick Pope (Newcastle) - 2.39 pts
2025-10-16 08:53:33,517 [INFO] fplmodel - Predictions saved to /Users/kyle/Documents/FPL-Prediction/outputs/predictions_gw3.csv
2025-10-16 08:53:33,518 [INFO] fplmodel - Starting XI saved to /Users/kyle/Documents/FPL-Prediction/outputs/starting_xi_gw3.csv
2025-10-16 08:53:33,518 [INFO] fplmodel - Bench saved to /Users/kyle/Documents/FPL-Prediction/outputs/bench_gw3.csv
2025-10-16 08:53:33,519 [INFO] fplmodel - Best XI JSON saved to /Users/kyle/Documents/FPL-Prediction/outputs/best_xi_gw3.json
2025-10-16 08:53:33,827 [INFO] fplmodel - Best XI graphic generated at /Users/kyle/Documents/FPL-Prediction/outputs/best_xi_gw3.png
2025-10-16 08:53:33,835 [INFO] fplmodel - Residuals saved to /Users/kyle/Documents/FPL-Prediction/outputs/residuals_gw2.csv
2025-10-16 08:53:33,835 [INFO] fplmodel - Pipeline complete for GW 3
