2025-10-27 08:28:44,269 [INFO] fplmodel - Logging initialised. Writing to /Users/kyle/Documents/FPL-Prediction/logs/run_20251027_082844.log
2025-10-27 08:28:44,269 [INFO] fplmodel - Starting pipeline run (force_refetch=False)
2025-10-27 08:28:44,269 [INFO] fplmodel - Fetching bootstrap static data...
2025-10-27 08:28:44,287 [INFO] fplmodel - Fetching bootstrap static data completed in 0.02s
2025-10-27 08:28:44,287 [INFO] fplmodel - Fetching fixtures data...
2025-10-27 08:28:44,291 [INFO] fplmodel - Fetching fixtures data completed in 0.00s
2025-10-27 08:28:44,291 [INFO] fplmodel - Normalising bootstrap data...
2025-10-27 08:28:44,300 [INFO] fplmodel - Normalising bootstrap data completed in 0.01s
2025-10-27 08:28:44,300 [INFO] fplmodel - Loaded normalised frames: 746 elements, 20 teams, 38 events
2025-10-27 08:28:44,300 [INFO] fplmodel - Gameweek override applied -> next_gw=7 | last_finished_gw=6
2025-10-27 08:28:44,300 [INFO] fplmodel - Next gameweek: 7 | Last finished gameweek: 6
2025-10-27 08:28:44,300 [INFO] fplmodel - Renaming log file to highlight gameweek 7
2025-10-27 08:28:44,301 [INFO] fplmodel - Log file renamed to /Users/kyle/Documents/FPL-Prediction/logs/run_gw7_20251027_082844.log
2025-10-27 08:28:44,301 [INFO] fplmodel - Fetching player histories for 746 players (force_refetch=False)...
2025-10-27 08:28:44,772 [INFO] fplmodel - Fetching player histories for 746 players (force_refetch=False) completed in 0.47s
2025-10-27 08:28:44,773 [INFO] fplmodel - Loading 746 player history files from /Users/kyle/Documents/FPL-Prediction/data/raw
2025-10-27 08:28:44,773 [INFO] fplmodel - Collating player history JSON into dataframe...
2025-10-27 08:28:45,021 [INFO] fplmodel - Collating player history JSON into dataframe completed in 0.25s
2025-10-27 08:28:45,223 [INFO] fplmodel - Built player histories dataframe with 39384 rows
2025-10-27 08:28:45,223 [INFO] fplmodel - Loading external history data...
2025-10-27 08:28:46,016 [INFO] fplmodel - Loading external history data completed in 0.79s
2025-10-27 08:28:46,055 [INFO] fplmodel - Loaded 130942 external history rows for seasons 2020-21, 2021-22, 2022-23, 2023-24, 2024-25
2025-10-27 08:28:46,126 [INFO] fplmodel - Combined history dataset now has 167014 rows
2025-10-27 08:28:46,127 [INFO] fplmodel - Building training and prediction feature frames...
2025-10-27 08:28:49,687 [INFO] fplmodel - Building training and prediction feature frames completed in 3.56s
2025-10-27 08:28:49,687 [INFO] fplmodel - Prepared features: X_train=(41410, 151), y_train=41410, X_pred=(742, 158)
2025-10-27 08:28:49,689 [INFO] fplmodel - Training models with 151 features
2025-10-27 08:28:49,689 [INFO] fplmodel - Training feature columns: total_points_ma5, minutes_ma5, goals_scored_ma5, assists_ma5, clean_sheets_ma5, influence_ma5, creativity_ma5, threat_ma5, ict_index_ma5, goals_conceded_ma5, own_goals_ma5, penalties_saved_ma5, penalties_missed_ma5, yellow_cards_ma5, red_cards_ma5, saves_ma5, bonus_ma5, bps_ma5, clearances_blocks_interceptions_ma5, recoveries_ma5, tackles_ma5, defensive_contribution_ma5, starts_ma5, expected_goals_ma5, expected_assists_ma5, expected_goal_involvements_ma5, expected_goals_conceded_ma5, value_ma5, transfers_balance_ma5, selected_ma5, transfers_in_ma5, transfers_out_ma5, attacking_returns_ma5, finishing_plus_minus_ma5, finishing_ratio_ma5, creation_plus_minus_ma5, creation_ratio_ma5, xgi_plus_minus_ma5, minutes_share_ma5, points_per_90_ma5, tackles_plus_interceptions_ma5, defensive_actions_ma5, total_points_lag1, minutes_lag1, goals_scored_lag1, assists_lag1, clean_sheets_lag1, influence_lag1, creativity_lag1, threat_lag1, ict_index_lag1, goals_conceded_lag1, own_goals_lag1, penalties_saved_lag1, penalties_missed_lag1, yellow_cards_lag1, red_cards_lag1, saves_lag1, bonus_lag1, bps_lag1, clearances_blocks_interceptions_lag1, recoveries_lag1, tackles_lag1, defensive_contribution_lag1, starts_lag1, expected_goals_lag1, expected_assists_lag1, expected_goal_involvements_lag1, expected_goals_conceded_lag1, value_lag1, transfers_balance_lag1, selected_lag1, transfers_in_lag1, transfers_out_lag1, attacking_returns_lag1, finishing_plus_minus_lag1, finishing_ratio_lag1, creation_plus_minus_lag1, creation_ratio_lag1, xgi_plus_minus_lag1, minutes_share_lag1, points_per_90_lag1, tackles_plus_interceptions_lag1, defensive_actions_lag1, team_goals_for_ma5, team_goals_against_ma5, team_goal_diff_ma5, team_clean_sheet_ma5, team_conceded_two_plus_ma5, team_match_points_ma5, opp_team_goals_for_ma5, opp_team_goals_against_ma5, opp_team_goal_diff_ma5, opp_team_clean_sheet_ma5, opp_team_conceded_two_plus_ma5, opp_team_match_points_ma5, was_home, team_strength_overall, team_strength_home, team_strength_away, team_attack_home, team_attack_away, team_def_home, team_def_away, team_form_rating, team_points_table, team_league_position, team_matches_played, team_wins, team_draws, team_losses, opp_strength_overall, opp_strength_home, opp_strength_away, opp_attack_home, opp_attack_away, opp_def_home, opp_def_away, opp_form_rating, opp_points_table, opp_league_position, opp_matches_played, opp_wins, opp_draws, opp_losses, form, points_per_game, value_form, value_season, selected_by_percent, expected_goals_per_90, expected_assists_per_90, expected_goal_involvements_per_90, expected_goals_conceded_per_90, goals_conceded_per_90, saves_per_90, starts_per_90, clean_sheets_per_90, defensive_contribution_per_90, corners_and_indirect_freekicks_order, direct_freekicks_order, penalties_order, has_corners_duty, primary_corners_taker, has_direct_fk_duty, primary_direct_fk_taker, has_penalty_duty, primary_penalty_taker, set_piece_duty_score, player_bias, pos_bias
2025-10-27 08:28:49,689 [INFO] fplmodel - Training prediction models...
2025-10-27 08:28:49,747 [INFO] fplmodel.model - Season sample weights applied: 2020-21: 0.25, 2021-22: 0.25, 2022-23: 0.34, 2023-24: 0.49, 2024-25: 0.70, 2025-26: 1.00
2025-10-27 08:28:49,747 [INFO] fplmodel.model - Using TimeSeriesSplit with 3 folds for hyperparameter tuning.
2025-10-27 08:29:06,902 [INFO] fplmodel.model - Best classifier[hist_gbdt] params from tuning: {'est__min_samples_leaf': 20, 'est__max_iter': 350, 'est__max_depth': 4, 'est__learning_rate': 0.04, 'est__l2_regularization': 0.1} (score=1.0000)
2025-10-27 08:29:26,926 [INFO] fplmodel.model - Best regressor[hist_gbdt] params from tuning: {'est__min_samples_leaf': 20, 'est__max_iter': 300, 'est__max_depth': 8, 'est__learning_rate': 0.06, 'est__l2_regularization': 0.05} (score=-0.9980)
2025-10-27 08:29:26,926 [INFO] fplmodel.model - Candidate Histogram Gradient Boosting | classifier=1.0000 ± 0.0000 ↑ | regressor=0.9980 ± 0.1238 ↓
2025-10-27 08:30:11,209 [INFO] fplmodel.model - Best classifier[random_forest] params from tuning: {'est__n_estimators': 200, 'est__min_samples_split': 6, 'est__min_samples_leaf': 4, 'est__max_features': 'sqrt', 'est__max_depth': None} (score=1.0000)
2025-10-27 08:36:44,851 [INFO] fplmodel.model - Best regressor[random_forest] params from tuning: {'est__n_estimators': 600, 'est__min_samples_split': 6, 'est__min_samples_leaf': 4, 'est__max_features': 0.7, 'est__max_depth': 20} (score=-0.9800)
2025-10-27 08:36:44,852 [INFO] fplmodel.model - Candidate Random Forest | classifier=1.0000 ± 0.0000 ↑ | regressor=0.9800 ± 0.1105 ↓
2025-10-27 08:37:06,522 [INFO] fplmodel.model - Best classifier[neural_network] params from tuning: {'est__learning_rate_init': 0.003, 'est__hidden_layer_sizes': (128, 64), 'est__beta_1': 0.85, 'est__alpha': 0.0005} (score=0.9977)
2025-10-27 08:37:26,734 [INFO] fplmodel.model - Best regressor[neural_network] params from tuning: {'est__learning_rate_init': 0.003, 'est__hidden_layer_sizes': (256, 128), 'est__beta_1': 0.95, 'est__alpha': 0.0005} (score=-1.0036)
2025-10-27 08:37:26,734 [INFO] fplmodel.model - Candidate Neural Network (MLP) | classifier=0.9977 ± 0.0012 ↑ | regressor=1.0036 ± 0.1336 ↓
2025-10-27 08:37:26,735 [INFO] fplmodel.model - Saved model selection summary to /Users/kyle/Documents/FPL-Prediction/models/model_selection_summary.csv
2025-10-27 08:37:26,735 [INFO] fplmodel.model - Selected classifier model: Histogram Gradient Boosting (balanced_accuracy=1.0000 ± 0.0000 ↑)
2025-10-27 08:37:26,735 [INFO] fplmodel.model - Selected regressor model: Random Forest (MAE=0.9800 ± 0.1105 ↓)
2025-10-27 08:38:29,608 [INFO] fplmodel.model - Classifier (histogram gradient boosting) feature selector dropped 39 column(s): bps_lag1, bps_ma5, creation_plus_minus_lag1, creation_plus_minus_ma5, defensive_actions_lag1, defensive_actions_ma5, expected_goal_involvements_lag1, expected_goal_involvements_ma5, expected_goal_involvements_per_90, minutes_share_lag1, ... (+29 more)
2025-10-27 08:38:29,608 [INFO] fplmodel.model - Regressor (random forest) feature selector dropped 39 column(s): bps_lag1, bps_ma5, creation_plus_minus_lag1, creation_plus_minus_ma5, defensive_actions_lag1, defensive_actions_ma5, expected_goal_involvements_lag1, expected_goal_involvements_ma5, expected_goal_involvements_per_90, minutes_share_lag1, ... (+29 more)
2025-10-27 08:38:29,608 [INFO] fplmodel.model - Final model selection: classifier=Histogram Gradient Boosting | regressor=Random Forest
2025-10-27 08:38:29,748 [INFO] fplmodel - Training prediction models completed in 579.98s
2025-10-27 08:38:29,784 [INFO] fplmodel - Top feature weights for regressor: total_points_lag1: 0.3660, total_points_ma5: 0.0832, recoveries_lag1: 0.0711, points_per_90_lag1: 0.0463, defensive_contribution_lag1: 0.0301, player_bias: 0.0261, bonus_lag1: 0.0153, selected_lag1: 0.0131, team_conceded_two_plus_ma5: 0.0123, opp_league_position: 0.0098, selected_ma5: 0.0095, points_per_game: 0.0093, value_ma5: 0.0092, team_league_position: 0.0084, points_per_90_ma5: 0.0076
2025-10-27 08:38:29,784 [INFO] fplmodel - Estimator HistGradientBoostingClassifier for classifier does not expose feature_importances_; skipping logging.
2025-10-27 08:38:29,784 [INFO] fplmodel - Model training complete; fitted 3 candidate pair(s).
2025-10-27 08:38:29,784 [INFO] fplmodel - Generating next gameweek predictions...
2025-10-27 08:38:29,898 [INFO] fplmodel - Generating next gameweek predictions completed in 0.11s
2025-10-27 08:38:29,899 [INFO] fplmodel - Generated ensemble predictions for 742 players using 3 model(s): Histogram Gradient Boosting, Random Forest, Neural Network (MLP)
2025-10-27 08:38:29,900 [INFO] fplmodel - Applied fixture multipliers; average EP now 0.72
2025-10-27 08:38:29,901 [INFO] fplmodel - Top 5 expected point predictions (ensemble): Omar Alderete (8.24); Granit Xhaka (6.94); Santiago Ignacio Bueno (5.78); Ryan Sessegnon (4.74); Neco Williams (4.65)
2025-10-27 08:38:29,901 [INFO] fplmodel - Evaluating last finished gameweek residuals...
2025-10-27 08:38:30,008 [INFO] fplmodel - Evaluating last finished gameweek residuals completed in 0.11s
2025-10-27 08:38:30,008 [INFO] fplmodel - Residuals computed for 7305 players in GW 6
2025-10-27 08:38:30,008 [INFO] fplmodel - Selecting best XI from 742 candidates
2025-10-27 08:38:30,008 [INFO] fplmodel - Optimising best XI selection...
2025-10-27 08:38:30,800 [INFO] fplmodel - Optimising best XI selection completed in 0.79s
2025-10-27 08:38:30,800 [INFO] fplmodel - Selected squad: total cost 89.8M | starting cost 66.3M | bench cost 23.5M
2025-10-27 08:38:30,801 [INFO] fplmodel - Projected points: XI 54.40 | Captain included 62.64 | Bench 12.31
2025-10-27 08:38:30,801 [INFO] fplmodel - Captain: Omar Alderete
2025-10-27 08:38:30,801 [INFO] fplmodel - XI | Robin Roefs (Sunderland) - 4.08 pts | 4.6M
2025-10-27 08:38:30,801 [INFO] fplmodel - XI | Omar Alderete (Sunderland) - 8.24 pts | 4.1M
2025-10-27 08:38:30,801 [INFO] fplmodel - XI | Santiago Ignacio Bueno (Wolves) - 5.78 pts | 4.4M
2025-10-27 08:38:30,801 [INFO] fplmodel - XI | Neco Williams (Nott'm Forest) - 4.65 pts | 4.8M
2025-10-27 08:38:30,801 [INFO] fplmodel - XI | Murillo Costa dos Santos (Nott'm Forest) - 4.15 pts | 5.3M
2025-10-27 08:38:30,801 [INFO] fplmodel - XI | Granit Xhaka (Sunderland) - 6.94 pts | 5.1M
2025-10-27 08:38:30,801 [INFO] fplmodel - XI | Ryan Sessegnon (Fulham) - 4.74 pts | 5.4M
2025-10-27 08:38:30,801 [INFO] fplmodel - XI | Florentino Ibrain Morris Luís (Burnley) - 4.04 pts | 5.0M
2025-10-27 08:38:30,801 [INFO] fplmodel - XI | Brenden Aaronson (Leeds) - 3.68 pts | 5.4M
2025-10-27 08:38:30,801 [INFO] fplmodel - XI | Erling Haaland (Man City) - 4.30 pts | 14.7M
2025-10-27 08:38:30,801 [INFO] fplmodel - XI | João Pedro Junqueira de Jesus (Chelsea) - 3.80 pts | 7.5M
2025-10-27 08:38:30,801 [INFO] fplmodel - Bench 1 | Benjamin Sesko (Man Utd) - 3.58 pts
2025-10-27 08:38:30,801 [INFO] fplmodel - Bench 2 | João Maria Lobo Alves Palhares Costa Palhinha Gonçalves (Spurs) - 3.53 pts
2025-10-27 08:38:30,801 [INFO] fplmodel - Bench 3 | Jake O'Brien (Everton) - 3.07 pts
2025-10-27 08:38:30,801 [INFO] fplmodel - Bench 4 | Gianluigi Donnarumma (Man City) - 2.13 pts
2025-10-27 08:38:30,806 [INFO] fplmodel - Predictions saved to /Users/kyle/Documents/FPL-Prediction/outputs/predictions_gw7.csv
2025-10-27 08:38:30,807 [INFO] fplmodel - Starting XI saved to /Users/kyle/Documents/FPL-Prediction/outputs/starting_xi_gw7.csv
2025-10-27 08:38:30,807 [INFO] fplmodel - Bench saved to /Users/kyle/Documents/FPL-Prediction/outputs/bench_gw7.csv
2025-10-27 08:38:30,808 [INFO] fplmodel - Best XI JSON saved to /Users/kyle/Documents/FPL-Prediction/outputs/best_xi_gw7.json
2025-10-27 08:38:30,808 [INFO] fplmodel - Rendering best XI graphic...
2025-10-27 08:38:30,945 [INFO] fplmodel - Rendering best XI graphic completed in 0.14s
2025-10-27 08:38:30,945 [INFO] fplmodel - Best XI graphic generated at /Users/kyle/Documents/FPL-Prediction/outputs/best_xi_gw7.png
2025-10-27 08:38:30,954 [INFO] fplmodel - Residuals saved to /Users/kyle/Documents/FPL-Prediction/outputs/residuals_gw6.csv
2025-10-27 08:38:30,954 [INFO] fplmodel - Pipeline complete for GW 7
