2025-10-20 11:44:19,878 [INFO] fplmodel - Logging initialised. Writing to /Users/kyle/Documents/FPL-Prediction/logs/run_20251020_114419.log
2025-10-20 11:44:19,878 [INFO] fplmodel - Starting pipeline run (force_refetch=True)
2025-10-20 11:44:19,878 [INFO] fplmodel - Fetching bootstrap static data...
2025-10-20 11:44:19,878 [INFO] fplmodel.data_pull - Fetching bootstrap static data from https://fantasy.premierleague.com/api/bootstrap-static/ (force=True)
2025-10-20 11:44:21,334 [INFO] fplmodel.data_pull - Saved bootstrap static payload to /Users/kyle/Documents/FPL-Prediction/data/raw/bootstrap-static.json
2025-10-20 11:44:21,334 [INFO] fplmodel - Fetching fixtures data...
2025-10-20 11:44:21,334 [INFO] fplmodel.data_pull - Fetching fixtures data from https://fantasy.premierleague.com/api/fixtures/ (force=True)
2025-10-20 11:44:21,445 [INFO] fplmodel.data_pull - Saved fixtures payload to /Users/kyle/Documents/FPL-Prediction/data/raw/fixtures-all.json
2025-10-20 11:44:21,456 [INFO] fplmodel - Loaded normalised frames: 745 elements, 20 teams, 38 events
2025-10-20 11:44:21,456 [INFO] fplmodel - Gameweek override applied -> next_gw=8 | last_finished_gw=7
2025-10-20 11:44:21,456 [INFO] fplmodel - Next gameweek: 8 | Last finished gameweek: 7
2025-10-20 11:44:21,457 [INFO] fplmodel - Renaming log file to highlight gameweek 8
2025-10-20 11:44:21,457 [INFO] fplmodel - Log file renamed to /Users/kyle/Documents/FPL-Prediction/logs/run_gw8_20251020_114419.log
2025-10-20 11:44:21,457 [INFO] fplmodel - Fetching player histories for 745 players (force_refetch=True)
2025-10-20 11:44:21,457 [INFO] fplmodel.data_pull - Starting player history fetch for 745 players (force=True, seasons_back=5)
2025-10-20 11:44:29,808 [INFO] fplmodel.data_pull - Fetched player history 74/745 (player_id=702)
2025-10-20 11:44:37,330 [INFO] fplmodel.data_pull - Fetched player history 148/745 (player_id=96)
2025-10-20 11:44:46,807 [INFO] fplmodel.data_pull - Fetched player history 222/745 (player_id=165)
2025-10-20 11:44:56,813 [INFO] fplmodel.data_pull - Fetched player history 296/745 (player_id=275)
2025-10-20 11:45:06,585 [INFO] fplmodel.data_pull - Fetched player history 370/745 (player_id=337)
2025-10-20 11:45:16,544 [INFO] fplmodel.data_pull - Fetched player history 444/745 (player_id=692)
2025-10-20 11:45:26,465 [INFO] fplmodel.data_pull - Fetched player history 518/745 (player_id=733)
2025-10-20 11:45:35,884 [INFO] fplmodel.data_pull - Fetched player history 592/745 (player_id=528)
2025-10-20 11:45:43,226 [INFO] fplmodel.data_pull - Fetched player history 666/745 (player_id=594)
2025-10-20 11:45:50,316 [INFO] fplmodel.data_pull - Fetched player history 740/745 (player_id=658)
2025-10-20 11:45:50,885 [INFO] fplmodel.data_pull - Fetched player history 745/745 (player_id=720)
2025-10-20 11:45:50,885 [INFO] fplmodel.data_pull - Completed player history fetch cycle for 745 players
2025-10-20 11:45:50,886 [INFO] fplmodel - Loading 745 player history files from /Users/kyle/Documents/FPL-Prediction/data/raw
2025-10-20 11:45:51,307 [INFO] fplmodel - Built player histories dataframe with 34908 rows
2025-10-20 11:45:52,095 [INFO] fplmodel - Loaded 130884 external history rows for seasons 2020-21, 2021-22, 2022-23, 2023-24, 2024-25
2025-10-20 11:45:52,166 [INFO] fplmodel - Combined history dataset now has 162884 rows
2025-10-20 11:45:52,175 [INFO] fplmodel - History coverage: 745 players across 6 seasons (latest season=2024-25)
2025-10-20 11:45:52,176 [INFO] fplmodel - Beginning feature frame construction with 162884 history rows
2025-10-20 11:50:44,845 [WARNING] fplmodel.features - FBRef match stats build failed: HTTPSConnectionPool(host='fbrapi.com', port=443): Read timed out. (read timeout=30)
2025-10-20 11:50:49,068 [INFO] fplmodel - Prepared features in 296.89s: X_train=(48094, 305), y_train=48094, X_pred=(743, 312)
2025-10-20 11:50:49,071 [INFO] fplmodel - Training models with 305 features
2025-10-20 11:50:49,071 [INFO] fplmodel - Training feature columns: total_points_ma4, minutes_ma4, goals_scored_ma4, assists_ma4, clean_sheets_ma4, influence_ma4, creativity_ma4, threat_ma4, ict_index_ma4, goals_conceded_ma4, own_goals_ma4, penalties_saved_ma4, penalties_missed_ma4, yellow_cards_ma4, red_cards_ma4, saves_ma4, bonus_ma4, bps_ma4, clearances_blocks_interceptions_ma4, recoveries_ma4, tackles_ma4, defensive_contribution_ma4, starts_ma4, expected_goals_ma4, expected_assists_ma4, expected_goal_involvements_ma4, expected_goals_conceded_ma4, value_ma4, transfers_balance_ma4, selected_ma4, transfers_in_ma4, transfers_out_ma4, attacking_returns_ma4, finishing_plus_minus_ma4, finishing_ratio_ma4, creation_plus_minus_ma4, creation_ratio_ma4, xgi_plus_minus_ma4, minutes_share_ma4, points_per_90_ma4, tackles_plus_interceptions_ma4, defensive_actions_ma4, total_points_lag1, minutes_lag1, goals_scored_lag1, assists_lag1, clean_sheets_lag1, influence_lag1, creativity_lag1, threat_lag1, ict_index_lag1, goals_conceded_lag1, own_goals_lag1, penalties_saved_lag1, penalties_missed_lag1, yellow_cards_lag1, red_cards_lag1, saves_lag1, bonus_lag1, bps_lag1, clearances_blocks_interceptions_lag1, recoveries_lag1, tackles_lag1, defensive_contribution_lag1, starts_lag1, expected_goals_lag1, expected_assists_lag1, expected_goal_involvements_lag1, expected_goals_conceded_lag1, value_lag1, transfers_balance_lag1, selected_lag1, transfers_in_lag1, transfers_out_lag1, attacking_returns_lag1, finishing_plus_minus_lag1, finishing_ratio_lag1, creation_plus_minus_lag1, creation_ratio_lag1, xgi_plus_minus_lag1, minutes_share_lag1, points_per_90_lag1, tackles_plus_interceptions_lag1, defensive_actions_lag1, team_goals_for_ma4, team_goals_against_ma4, team_goal_diff_ma4, team_clean_sheet_ma4, team_conceded_two_plus_ma4, team_match_points_ma4, opp_team_goals_for_ma4, opp_team_goals_against_ma4, opp_team_goal_diff_ma4, opp_team_clean_sheet_ma4, opp_team_conceded_two_plus_ma4, opp_team_match_points_ma4, was_home, team_strength_overall, team_strength_home, team_strength_away, team_attack_home, team_attack_away, team_def_home, team_def_away, team_form_rating, team_points_table, team_league_position, team_matches_played, team_wins, team_draws, team_losses, opp_strength_overall, opp_strength_home, opp_strength_away, opp_attack_home, opp_attack_away, opp_def_home, opp_def_away, opp_form_rating, opp_points_table, opp_league_position, opp_matches_played, opp_wins, opp_draws, opp_losses, form, points_per_game, value_form, value_season, selected_by_percent, expected_goals_per_90, expected_assists_per_90, expected_goal_involvements_per_90, expected_goals_conceded_per_90, goals_conceded_per_90, saves_per_90, starts_per_90, clean_sheets_per_90, defensive_contribution_per_90, corners_and_indirect_freekicks_order, direct_freekicks_order, penalties_order, has_corners_duty, primary_corners_taker, has_direct_fk_duty, primary_direct_fk_taker, has_penalty_duty, primary_penalty_taker, set_piece_duty_score, player_bias, pos_bias, fbref_age, fbref_ast, fbref_att_3rd_tackles, fbref_blocks_per90, fbref_blocks_total, fbref_carries_prog, fbref_clearances, fbref_clearances_per90, fbref_def_3rd_tackles, fbref_defense_def_error, fbref_defense_pass_blocked, fbref_defense_pct_tkl_drb_suc, fbref_defense_sh_blocked, fbref_defense_tkl_drb, fbref_defense_tkl_drb_att, fbref_gca_def_gca, fbref_gca_def_sca, fbref_gca_fld_gca, fbref_gca_fld_sca, fbref_gca_gca, fbref_gca_pass_dead_gca, fbref_gca_pass_dead_sca, fbref_gca_pass_live_gca, fbref_gca_pass_live_sca, fbref_gca_per90_gca, fbref_gca_per90_sca, fbref_gca_sh_gca, fbref_gca_sh_sca, fbref_gca_take_on_gca, fbref_gca_take_on_sca, fbref_gca_ttl_sca, fbref_gls, fbref_gls_and_ast, fbref_interceptions, fbref_interceptions_per90, fbref_matches_played, fbref_mid_3rd_tackles, fbref_minutes_played, fbref_minutes_played_90s, fbref_misc_air_dual_lost, fbref_misc_air_dual_won, fbref_misc_ball_recov, fbref_misc_crosses, fbref_misc_fls_com, fbref_misc_fls_drawn, fbref_misc_int, fbref_misc_offside, fbref_misc_og, fbref_misc_pct_air_dual_won, fbref_misc_pk_conceded, fbref_misc_pk_won, fbref_misc_second_yellow_cards, fbref_misc_tkl_won, fbref_non_pen_gls, fbref_non_pen_xg, fbref_passes_prog, fbref_passing_ast_xag_diff, fbref_passing_cross_opp_box, fbref_passing_key_passes, fbref_passing_pass_att, fbref_passing_pass_att_l, fbref_passing_pass_att_m, fbref_passing_pass_att_s, fbref_passing_pass_cmp, fbref_passing_pass_cmp_l, fbref_passing_pass_cmp_m, fbref_passing_pass_cmp_s, fbref_passing_pass_fthird, fbref_passing_pass_opp_box, fbref_passing_pass_prog, fbref_passing_pass_prog_ttl_dist, fbref_passing_pass_ttl_dist, fbref_passing_pct_pass_cmp, fbref_passing_pct_pass_cmp_l, fbref_passing_pct_pass_cmp_m, fbref_passing_pct_pass_cmp_s, fbref_passing_types_ck, fbref_passing_types_ck_in_swinger, fbref_passing_types_ck_out_swinger, fbref_passing_types_ck_straight, fbref_passing_types_crosses, fbref_passing_types_pass_att, fbref_passing_types_pass_blocked, fbref_passing_types_pass_cmp, fbref_passing_types_pass_dead, fbref_passing_types_pass_fk, fbref_passing_types_pass_live, fbref_passing_types_pass_offside, fbref_passing_types_switches, fbref_passing_types_through_balls, fbref_passing_types_throw_ins, fbref_passing_xa, fbref_per90_ast, fbref_per90_gls, fbref_per90_non_pen_gls, fbref_per90_non_pen_xg, fbref_per90_xag, fbref_per90_xg, fbref_pk_att, fbref_pk_made, fbref_playingtime_avg_min_starter, fbref_playingtime_avg_min_sub, fbref_playingtime_min_per_match_played, fbref_playingtime_pct_squad_min, fbref_playingtime_subs, fbref_playingtime_team_gls_ag_on_pitch, fbref_playingtime_team_gls_on_pitch, fbref_playingtime_team_xg_ag_on_pitch, fbref_playingtime_team_xg_on_pitch, fbref_playingtime_unused_sub, fbref_possession_carries, fbref_possession_carries_dispossessed, fbref_possession_carries_fthird, fbref_possession_carries_miscontrolled, fbref_possession_carries_opp_box, fbref_possession_pass_prog_rcvd, fbref_possession_pass_recvd, fbref_possession_pct_take_on_suc, fbref_possession_pct_take_on_tkld, fbref_possession_take_on_att, fbref_possession_take_on_suc, fbref_possession_take_on_tkld, fbref_possession_touch_def_box, fbref_possession_touch_def_third, fbref_possession_touch_fthird, fbref_possession_touch_live, fbref_possession_touch_mid_third, fbref_possession_touch_opp_box, fbref_possession_touches, fbref_possession_ttl_carries_dist, fbref_possession_ttl_carries_prog_dist, fbref_red_cards, fbref_shooting_avg_sh_dist, fbref_shooting_fk_sh, fbref_shooting_gls_per_sh, fbref_shooting_gls_per_sot, fbref_shooting_gls_xg_diff, fbref_shooting_non_pen_gls_xg_diff, fbref_shooting_npxg_per_sh, fbref_shooting_pct_sot, fbref_shooting_per90_sh, fbref_shooting_per90_sot, fbref_shooting_sh, fbref_shooting_sot, fbref_starts, fbref_tackles_per90, fbref_tackles_plus_interceptions, fbref_tackles_plus_interceptions_per90, fbref_tackles_total, fbref_tackles_won, fbref_tackles_won_pct, fbref_xag, fbref_xg, fbref_yellow_cards
2025-10-20 11:51:49,015 [INFO] fplmodel.model - Best classifier[hist_gbdt] params from tuning: {'est__min_samples_leaf': 20, 'est__max_iter': 350, 'est__max_depth': 4, 'est__learning_rate': 0.04, 'est__l2_regularization': 0.1} (score=1.0000)
2025-10-20 11:53:00,621 [INFO] fplmodel.model - Best regressor[hist_gbdt] params from tuning: {'est__min_samples_leaf': 40, 'est__max_iter': 400, 'est__max_depth': 6, 'est__learning_rate': 0.04, 'est__l2_regularization': 0.0} (score=-0.9794)
2025-10-20 11:53:00,622 [INFO] fplmodel.model - Candidate Histogram Gradient Boosting | classifier=1.0000 ± 0.0000 ↑ | regressor=0.9794 ± 0.0472 ↓
