2025-10-20 12:14:30,031 [INFO] fplmodel - Logging initialised. Writing to /Users/kyle/Documents/FPL-Prediction/logs/run_20251020_121430.log
2025-10-20 12:14:30,031 [INFO] fplmodel - Starting pipeline run (force_refetch=True)
2025-10-20 12:14:30,031 [INFO] fplmodel - Fetching bootstrap static data...
2025-10-20 12:14:30,031 [INFO] fplmodel.data_pull - Fetching bootstrap static data from https://fantasy.premierleague.com/api/bootstrap-static/ (force=True)
2025-10-20 12:14:30,414 [INFO] fplmodel.data_pull - Saved bootstrap static payload to /Users/kyle/Documents/FPL-Prediction/data/raw/bootstrap-static.json
2025-10-20 12:14:30,414 [INFO] fplmodel - Fetching fixtures data...
2025-10-20 12:14:30,414 [INFO] fplmodel.data_pull - Fetching fixtures data from https://fantasy.premierleague.com/api/fixtures/ (force=True)
2025-10-20 12:14:30,512 [INFO] fplmodel.data_pull - Saved fixtures payload to /Users/kyle/Documents/FPL-Prediction/data/raw/fixtures-all.json
2025-10-20 12:14:30,523 [INFO] fplmodel - Loaded normalised frames: 745 elements, 20 teams, 38 events
2025-10-20 12:14:30,523 [INFO] fplmodel - Gameweek override applied -> next_gw=8 | last_finished_gw=7
2025-10-20 12:14:30,523 [INFO] fplmodel - Next gameweek: 8 | Last finished gameweek: 7
2025-10-20 12:14:30,523 [INFO] fplmodel - Renaming log file to highlight gameweek 8
2025-10-20 12:14:30,524 [INFO] fplmodel - Log file renamed to /Users/kyle/Documents/FPL-Prediction/logs/run_gw8_20251020_121430.log
2025-10-20 12:14:30,524 [INFO] fplmodel - Fetching player histories for 745 players (force_refetch=True)
2025-10-20 12:14:30,524 [INFO] fplmodel.data_pull - Starting player history fetch for 745 players (force=True, seasons_back=5)
2025-10-20 12:14:36,505 [INFO] fplmodel.data_pull - Fetched player history 74/745 (player_id=702)
2025-10-20 12:14:44,139 [INFO] fplmodel.data_pull - Fetched player history 148/745 (player_id=96)
2025-10-20 12:14:50,136 [INFO] fplmodel.data_pull - Fetched player history 222/745 (player_id=165)
2025-10-20 12:14:56,238 [INFO] fplmodel.data_pull - Fetched player history 296/745 (player_id=275)
2025-10-20 12:15:02,387 [INFO] fplmodel.data_pull - Fetched player history 370/745 (player_id=337)
2025-10-20 12:15:08,648 [INFO] fplmodel.data_pull - Fetched player history 444/745 (player_id=692)
2025-10-20 12:15:14,821 [INFO] fplmodel.data_pull - Fetched player history 518/745 (player_id=733)
2025-10-20 12:15:23,924 [INFO] fplmodel.data_pull - Fetched player history 592/745 (player_id=528)
2025-10-20 12:15:35,273 [INFO] fplmodel.data_pull - Fetched player history 666/745 (player_id=594)
2025-10-20 12:15:46,504 [INFO] fplmodel.data_pull - Fetched player history 740/745 (player_id=658)
2025-10-20 12:15:47,411 [INFO] fplmodel.data_pull - Fetched player history 745/745 (player_id=720)
2025-10-20 12:15:47,411 [INFO] fplmodel.data_pull - Completed player history fetch cycle for 745 players
2025-10-20 12:15:47,412 [INFO] fplmodel - Loading 745 player history files from /Users/kyle/Documents/FPL-Prediction/data/raw
2025-10-20 12:15:47,848 [INFO] fplmodel - Built player histories dataframe with 34908 rows
2025-10-20 12:15:48,623 [INFO] fplmodel - Loaded 130884 external history rows for seasons 2020-21, 2021-22, 2022-23, 2023-24, 2024-25
2025-10-20 12:15:48,695 [INFO] fplmodel - Combined history dataset now has 162884 rows
2025-10-20 12:15:48,705 [INFO] fplmodel - History coverage: 745 players across 6 seasons (latest season=2024-25)
2025-10-20 12:15:48,705 [INFO] fplmodel - Beginning feature frame construction with 162884 history rows
2025-10-20 12:15:49,730 [INFO] fplmodel.fbref_data - Fetching FBRef match logs for 509 players across up to 6 seasons
2025-10-20 12:15:50,155 [WARNING] fplmodel.fbref_data - FBRef request player-match-stats returned HTTP 500 (attempt 1/4); retrying...
2025-10-20 12:15:51,492 [WARNING] fplmodel.fbref_data - FBRef request player-match-stats returned HTTP 500 (attempt 2/4); retrying...
2025-10-20 12:15:52,744 [WARNING] fplmodel.fbref_data - FBRef request player-match-stats returned HTTP 500 (attempt 3/4); retrying...
2025-10-20 12:15:54,984 [WARNING] fplmodel.fbref_data - FBRef match stats unavailable for player 972aeb2a season 2020-2021: 500 Server Error: Internal Server Error for url: https://fbrapi.com/player-match-stats/?league_id=9&player_id=972aeb2a&season_id=2020-2021
2025-10-20 12:15:55,374 [WARNING] fplmodel.fbref_data - FBRef request player-match-stats returned HTTP 500 (attempt 1/4); retrying...
2025-10-20 12:15:56,219 [WARNING] fplmodel.fbref_data - FBRef request player-match-stats returned HTTP 500 (attempt 2/4); retrying...
2025-10-20 12:15:57,482 [WARNING] fplmodel.fbref_data - FBRef request player-match-stats returned HTTP 500 (attempt 3/4); retrying...
2025-10-20 12:15:59,738 [WARNING] fplmodel.fbref_data - FBRef match stats unavailable for player 972aeb2a season 2021-2022: 500 Server Error: Internal Server Error for url: https://fbrapi.com/player-match-stats/?league_id=9&player_id=972aeb2a&season_id=2021-2022
2025-10-20 12:16:00,133 [WARNING] fplmodel.fbref_data - FBRef request player-match-stats returned HTTP 500 (attempt 1/4); retrying...
2025-10-20 12:16:00,881 [WARNING] fplmodel.fbref_data - FBRef request player-match-stats returned HTTP 500 (attempt 2/4); retrying...
2025-10-20 12:16:02,139 [WARNING] fplmodel.fbref_data - FBRef request player-match-stats returned HTTP 500 (attempt 3/4); retrying...
2025-10-20 12:16:04,388 [WARNING] fplmodel.fbref_data - FBRef match stats unavailable for player 972aeb2a season 2022-2023: 500 Server Error: Internal Server Error for url: https://fbrapi.com/player-match-stats/?league_id=9&player_id=972aeb2a&season_id=2022-2023
2025-10-20 12:16:04,816 [WARNING] fplmodel.fbref_data - FBRef request player-match-stats returned HTTP 500 (attempt 1/4); retrying...
2025-10-20 12:16:05,564 [WARNING] fplmodel.fbref_data - FBRef request player-match-stats returned HTTP 500 (attempt 2/4); retrying...
2025-10-20 12:16:06,833 [WARNING] fplmodel.fbref_data - FBRef request player-match-stats returned HTTP 500 (attempt 3/4); retrying...
2025-10-20 12:16:09,061 [WARNING] fplmodel.fbref_data - FBRef match stats unavailable for player 972aeb2a season 2023-2024: 500 Server Error: Internal Server Error for url: https://fbrapi.com/player-match-stats/?league_id=9&player_id=972aeb2a&season_id=2023-2024
2025-10-20 12:16:09,444 [WARNING] fplmodel.fbref_data - FBRef request player-match-stats returned HTTP 500 (attempt 1/4); retrying...
2025-10-20 12:16:10,196 [WARNING] fplmodel.fbref_data - FBRef request player-match-stats returned HTTP 500 (attempt 2/4); retrying...
2025-10-20 12:16:11,473 [WARNING] fplmodel.fbref_data - FBRef request player-match-stats returned HTTP 500 (attempt 3/4); retrying...
2025-10-20 12:16:13,737 [WARNING] fplmodel.fbref_data - FBRef match stats unavailable for player 972aeb2a season 2024-2025: 500 Server Error: Internal Server Error for url: https://fbrapi.com/player-match-stats/?league_id=9&player_id=972aeb2a&season_id=2024-2025
