2025-10-21 07:45:16,907 [INFO] fplmodel - Logging initialised. Writing to /Users/kyle/Documents/FPL-Prediction/logs/run_20251021_074516.log
2025-10-21 07:45:16,907 [INFO] fplmodel - Starting pipeline run (force_refetch=False)
2025-10-21 07:45:16,907 [INFO] fplmodel - Fetching bootstrap static data...
2025-10-21 07:45:16,925 [INFO] fplmodel - Fetching bootstrap static data completed in 0.02s
2025-10-21 07:45:16,925 [INFO] fplmodel - Fetching fixtures data...
2025-10-21 07:45:16,963 [INFO] fplmodel - Fetching fixtures data completed in 0.04s
2025-10-21 07:45:16,963 [INFO] fplmodel - Normalising bootstrap data...
2025-10-21 07:45:16,972 [INFO] fplmodel - Normalising bootstrap data completed in 0.01s
2025-10-21 07:45:16,972 [INFO] fplmodel - Loaded normalised frames: 745 elements, 20 teams, 38 events
2025-10-21 07:45:16,973 [INFO] fplmodel - Gameweek override applied -> next_gw=6 | last_finished_gw=5
2025-10-21 07:45:16,973 [INFO] fplmodel - Next gameweek: 6 | Last finished gameweek: 5
2025-10-21 07:45:16,973 [INFO] fplmodel - Renaming log file to highlight gameweek 6
2025-10-21 07:45:16,973 [INFO] fplmodel - Log file renamed to /Users/kyle/Documents/FPL-Prediction/logs/run_gw6_20251021_074516.log
2025-10-21 07:45:16,973 [INFO] fplmodel - Fetching player histories for 745 players (force_refetch=False)...
2025-10-21 07:45:17,557 [INFO] fplmodel - Fetching player histories for 745 players (force_refetch=False) completed in 0.58s
2025-10-21 07:45:17,558 [INFO] fplmodel - Loading 745 player history files from /Users/kyle/Documents/FPL-Prediction/data/raw
2025-10-21 07:45:17,558 [INFO] fplmodel - Collating player history JSON into dataframe...
2025-10-21 07:45:17,779 [INFO] fplmodel - Collating player history JSON into dataframe completed in 0.22s
2025-10-21 07:45:17,960 [INFO] fplmodel - Built player histories dataframe with 34908 rows
2025-10-21 07:45:17,960 [INFO] fplmodel - Loading external history data...
2025-10-21 07:45:18,721 [INFO] fplmodel - Loading external history data completed in 0.76s
2025-10-21 07:45:18,778 [INFO] fplmodel - Loaded 130884 external history rows for seasons 2020-21, 2021-22, 2022-23, 2023-24, 2024-25
2025-10-21 07:45:18,845 [INFO] fplmodel - Combined history dataset now has 162884 rows
2025-10-21 07:45:18,846 [INFO] fplmodel - Building training and prediction feature frames...
2025-10-21 07:45:22,357 [INFO] fplmodel - Building training and prediction feature frames completed in 3.51s
2025-10-21 07:45:22,357 [INFO] fplmodel - Prepared features: X_train=(34197, 151), y_train=34197, X_pred=(741, 158)
2025-10-21 07:45:22,359 [INFO] fplmodel - Training models with 151 features
2025-10-21 07:45:22,359 [INFO] fplmodel - Training feature columns: total_points_ma4, minutes_ma4, goals_scored_ma4, assists_ma4, clean_sheets_ma4, influence_ma4, creativity_ma4, threat_ma4, ict_index_ma4, goals_conceded_ma4, own_goals_ma4, penalties_saved_ma4, penalties_missed_ma4, yellow_cards_ma4, red_cards_ma4, saves_ma4, bonus_ma4, bps_ma4, clearances_blocks_interceptions_ma4, recoveries_ma4, tackles_ma4, defensive_contribution_ma4, starts_ma4, expected_goals_ma4, expected_assists_ma4, expected_goal_involvements_ma4, expected_goals_conceded_ma4, value_ma4, transfers_balance_ma4, selected_ma4, transfers_in_ma4, transfers_out_ma4, attacking_returns_ma4, finishing_plus_minus_ma4, finishing_ratio_ma4, creation_plus_minus_ma4, creation_ratio_ma4, xgi_plus_minus_ma4, minutes_share_ma4, points_per_90_ma4, tackles_plus_interceptions_ma4, defensive_actions_ma4, total_points_lag1, minutes_lag1, goals_scored_lag1, assists_lag1, clean_sheets_lag1, influence_lag1, creativity_lag1, threat_lag1, ict_index_lag1, goals_conceded_lag1, own_goals_lag1, penalties_saved_lag1, penalties_missed_lag1, yellow_cards_lag1, red_cards_lag1, saves_lag1, bonus_lag1, bps_lag1, clearances_blocks_interceptions_lag1, recoveries_lag1, tackles_lag1, defensive_contribution_lag1, starts_lag1, expected_goals_lag1, expected_assists_lag1, expected_goal_involvements_lag1, expected_goals_conceded_lag1, value_lag1, transfers_balance_lag1, selected_lag1, transfers_in_lag1, transfers_out_lag1, attacking_returns_lag1, finishing_plus_minus_lag1, finishing_ratio_lag1, creation_plus_minus_lag1, creation_ratio_lag1, xgi_plus_minus_lag1, minutes_share_lag1, points_per_90_lag1, tackles_plus_interceptions_lag1, defensive_actions_lag1, team_goals_for_ma4, team_goals_against_ma4, team_goal_diff_ma4, team_clean_sheet_ma4, team_conceded_two_plus_ma4, team_match_points_ma4, opp_team_goals_for_ma4, opp_team_goals_against_ma4, opp_team_goal_diff_ma4, opp_team_clean_sheet_ma4, opp_team_conceded_two_plus_ma4, opp_team_match_points_ma4, was_home, team_strength_overall, team_strength_home, team_strength_away, team_attack_home, team_attack_away, team_def_home, team_def_away, team_form_rating, team_points_table, team_league_position, team_matches_played, team_wins, team_draws, team_losses, opp_strength_overall, opp_strength_home, opp_strength_away, opp_attack_home, opp_attack_away, opp_def_home, opp_def_away, opp_form_rating, opp_points_table, opp_league_position, opp_matches_played, opp_wins, opp_draws, opp_losses, form, points_per_game, value_form, value_season, selected_by_percent, expected_goals_per_90, expected_assists_per_90, expected_goal_involvements_per_90, expected_goals_conceded_per_90, goals_conceded_per_90, saves_per_90, starts_per_90, clean_sheets_per_90, defensive_contribution_per_90, corners_and_indirect_freekicks_order, direct_freekicks_order, penalties_order, has_corners_duty, primary_corners_taker, has_direct_fk_duty, primary_direct_fk_taker, has_penalty_duty, primary_penalty_taker, set_piece_duty_score, player_bias, pos_bias
2025-10-21 07:45:22,359 [INFO] fplmodel - Training prediction models...
2025-10-21 07:45:39,390 [INFO] fplmodel.model - Best classifier[hist_gbdt] params from tuning: {'est__min_samples_leaf': 20, 'est__max_iter': 350, 'est__max_depth': 4, 'est__learning_rate': 0.04, 'est__l2_regularization': 0.1} (score=1.0000)
2025-10-21 07:45:59,852 [INFO] fplmodel.model - Best regressor[hist_gbdt] params from tuning: {'est__min_samples_leaf': 40, 'est__max_iter': 350, 'est__max_depth': 4, 'est__learning_rate': 0.06, 'est__l2_regularization': 0.1} (score=-1.0079)
2025-10-21 07:45:59,853 [INFO] fplmodel.model - Candidate Histogram Gradient Boosting | classifier=1.0000 ± 0.0000 ↑ | regressor=1.0079 ± 0.0892 ↓
2025-10-21 07:46:48,312 [INFO] fplmodel.model - Best classifier[random_forest] params from tuning: {'est__n_estimators': 600, 'est__min_samples_split': 6, 'est__min_samples_leaf': 2, 'est__max_features': 0.6, 'est__max_depth': 10} (score=1.0000)
2025-10-21 07:52:57,532 [INFO] fplmodel.model - Best regressor[random_forest] params from tuning: {'est__n_estimators': 600, 'est__min_samples_split': 4, 'est__min_samples_leaf': 1, 'est__max_features': 0.7, 'est__max_depth': 10} (score=-1.0311)
2025-10-21 07:52:57,533 [INFO] fplmodel.model - Candidate Random Forest | classifier=1.0000 ± 0.0000 ↑ | regressor=1.0311 ± 0.0701 ↓
2025-10-21 07:53:17,910 [INFO] fplmodel.model - Best classifier[neural_network] params from tuning: {'est__learning_rate_init': 0.001, 'est__hidden_layer_sizes': (128, 64), 'est__beta_1': 0.85, 'est__alpha': 0.0001} (score=0.9960)
2025-10-21 07:53:43,187 [INFO] fplmodel.model - Best regressor[neural_network] params from tuning: {'est__learning_rate_init': 0.003, 'est__hidden_layer_sizes': (256, 128), 'est__beta_1': 0.95, 'est__alpha': 0.0001} (score=-1.1117)
2025-10-21 07:53:43,187 [INFO] fplmodel.model - Candidate Neural Network (MLP) | classifier=0.9960 ± 0.0010 ↑ | regressor=1.1117 ± 0.0552 ↓
2025-10-21 07:53:43,190 [INFO] fplmodel.model - Saved model selection summary to /Users/kyle/Documents/FPL-Prediction/models/model_selection_summary.csv
2025-10-21 07:53:43,190 [INFO] fplmodel.model - Selected classifier model: Histogram Gradient Boosting (balanced_accuracy=1.0000 ± 0.0000 ↑)
2025-10-21 07:53:43,190 [INFO] fplmodel.model - Selected regressor model: Histogram Gradient Boosting (MAE=1.0079 ± 0.0892 ↓)
2025-10-21 07:54:22,560 [INFO] fplmodel.model - Classifier (histogram gradient boosting) feature selector dropped 38 column(s): bps_lag1, bps_ma4, creation_plus_minus_lag1, creation_plus_minus_ma4, defensive_actions_lag1, defensive_actions_ma4, expected_goal_involvements_ma4, expected_goal_involvements_per_90, minutes_share_lag1, minutes_share_ma4, ... (+28 more)
2025-10-21 07:54:22,560 [INFO] fplmodel.model - Regressor (histogram gradient boosting) feature selector dropped 38 column(s): bps_lag1, bps_ma4, creation_plus_minus_lag1, creation_plus_minus_ma4, defensive_actions_lag1, defensive_actions_ma4, expected_goal_involvements_ma4, expected_goal_involvements_per_90, minutes_share_lag1, minutes_share_ma4, ... (+28 more)
2025-10-21 07:54:22,560 [INFO] fplmodel.model - Final model selection: classifier=Histogram Gradient Boosting | regressor=Histogram Gradient Boosting
2025-10-21 07:54:22,612 [INFO] fplmodel - Training prediction models completed in 540.25s
2025-10-21 07:54:22,612 [INFO] fplmodel - Estimator HistGradientBoostingRegressor for regressor does not expose feature_importances_; skipping logging.
2025-10-21 07:54:22,613 [INFO] fplmodel - Estimator HistGradientBoostingClassifier for classifier does not expose feature_importances_; skipping logging.
2025-10-21 07:54:22,613 [INFO] fplmodel - Model training complete; fitted 3 candidate pair(s).
2025-10-21 07:54:22,613 [INFO] fplmodel - Generating next gameweek predictions...
2025-10-21 07:54:22,771 [INFO] fplmodel - Generating next gameweek predictions completed in 0.16s
2025-10-21 07:54:22,772 [INFO] fplmodel - Generated ensemble predictions for 741 players using 3 model(s): Histogram Gradient Boosting, Random Forest, Neural Network (MLP)
2025-10-21 07:54:22,774 [INFO] fplmodel - Applied fixture multipliers; average EP now 1.96
2025-10-21 07:54:22,774 [INFO] fplmodel - Top 5 expected point predictions (ensemble): Tosin Adarabioyo (9.26); Bruno Borges Fernandes (8.95); Noah Okafor (8.79); Martín Zubimendi Ibáñez (7.87); Erling Haaland (5.95)
2025-10-21 07:54:22,775 [INFO] fplmodel - Evaluating last finished gameweek residuals...
2025-10-21 07:54:22,845 [INFO] fplmodel - Evaluating last finished gameweek residuals completed in 0.07s
2025-10-21 07:54:22,846 [INFO] fplmodel - Residuals computed for 7216 players in GW 5
2025-10-21 07:54:22,846 [INFO] fplmodel - Selecting best XI from 741 candidates
2025-10-21 07:54:22,846 [INFO] fplmodel - Optimising best XI selection...
2025-10-21 07:54:23,596 [INFO] fplmodel - Optimising best XI selection completed in 0.75s
2025-10-21 07:54:23,596 [INFO] fplmodel - Selected squad: total cost 95.6M | starting cost 64.2M | bench cost 31.4M
2025-10-21 07:54:23,597 [INFO] fplmodel - Projected points: XI 72.19 | Captain included 81.45 | Bench 20.56
2025-10-21 07:54:23,597 [INFO] fplmodel - Captain: Tosin Adarabioyo
2025-10-21 07:54:23,597 [INFO] fplmodel - XI | Alisson Becker (Liverpool) - 4.70 pts | 5.4M
2025-10-21 07:54:23,597 [INFO] fplmodel - XI | Tosin Adarabioyo (Chelsea) - 9.26 pts | 4.4M
2025-10-21 07:54:23,597 [INFO] fplmodel - XI | Marc Guéhi (Crystal Palace) - 5.70 pts | 4.9M
2025-10-21 07:54:23,597 [INFO] fplmodel - XI | Fabian Schär (Newcastle) - 5.47 pts | 5.4M
2025-10-21 07:54:23,597 [INFO] fplmodel - XI | Joško Gvardiol (Man City) - 5.11 pts | 5.9M
2025-10-21 07:54:23,597 [INFO] fplmodel - XI | Bruno Borges Fernandes (Man Utd) - 8.95 pts | 8.9M
2025-10-21 07:54:23,597 [INFO] fplmodel - XI | Noah Okafor (Leeds) - 8.79 pts | 5.5M
2025-10-21 07:54:23,597 [INFO] fplmodel - XI | Martín Zubimendi Ibáñez (Arsenal) - 7.87 pts | 5.5M
2025-10-21 07:54:23,597 [INFO] fplmodel - XI | Mitoma Kaoru (Brighton) - 5.83 pts | 6.3M
2025-10-21 07:54:23,597 [INFO] fplmodel - XI | Estêvão Almeida de Oliveira Gonçalves (Chelsea) - 5.09 pts | 6.5M
2025-10-21 07:54:23,597 [INFO] fplmodel - XI | Dominic Calvert-Lewin (Leeds) - 5.42 pts | 5.5M
2025-10-21 07:54:23,597 [INFO] fplmodel - Bench 1 | Erling Haaland (Man City) - 5.95 pts
2025-10-21 07:54:23,597 [INFO] fplmodel - Bench 2 | Nordi Mukiele (Sunderland) - 5.57 pts
2025-10-21 07:54:23,597 [INFO] fplmodel - Bench 3 | João Pedro Junqueira de Jesus (Chelsea) - 4.61 pts
2025-10-21 07:54:23,597 [INFO] fplmodel - Bench 4 | Nick Pope (Newcastle) - 4.43 pts
2025-10-21 07:54:23,603 [INFO] fplmodel - Predictions saved to /Users/kyle/Documents/FPL-Prediction/outputs/predictions_gw6.csv
2025-10-21 07:54:23,604 [INFO] fplmodel - Starting XI saved to /Users/kyle/Documents/FPL-Prediction/outputs/starting_xi_gw6.csv
2025-10-21 07:54:23,604 [INFO] fplmodel - Bench saved to /Users/kyle/Documents/FPL-Prediction/outputs/bench_gw6.csv
2025-10-21 07:54:23,605 [INFO] fplmodel - Best XI JSON saved to /Users/kyle/Documents/FPL-Prediction/outputs/best_xi_gw6.json
2025-10-21 07:54:23,605 [INFO] fplmodel - Rendering best XI graphic...
2025-10-21 07:54:23,747 [INFO] fplmodel - Rendering best XI graphic completed in 0.14s
2025-10-21 07:54:23,747 [INFO] fplmodel - Best XI graphic generated at /Users/kyle/Documents/FPL-Prediction/outputs/best_xi_gw6.png
2025-10-21 07:54:23,756 [INFO] fplmodel - Residuals saved to /Users/kyle/Documents/FPL-Prediction/outputs/residuals_gw5.csv
2025-10-21 07:54:23,756 [INFO] fplmodel - Pipeline complete for GW 6
