2025-11-10 08:15:04,085 [INFO] fplmodel - Logging initialised. Writing to /Users/kyle/Documents/FPL-Prediction/logs/run_20251110_081504.log
2025-11-10 08:15:04,085 [INFO] fplmodel - Starting pipeline run (force_refetch=False)
2025-11-10 08:15:04,085 [INFO] fplmodel - Fetching bootstrap static data...
2025-11-10 08:15:04,104 [INFO] fplmodel - Fetching bootstrap static data completed in 0.02s
2025-11-10 08:15:04,104 [INFO] fplmodel - Fetching fixtures data...
2025-11-10 08:15:04,108 [INFO] fplmodel - Fetching fixtures data completed in 0.00s
2025-11-10 08:15:04,108 [INFO] fplmodel - Normalising bootstrap data...
2025-11-10 08:15:04,117 [INFO] fplmodel - Normalising bootstrap data completed in 0.01s
2025-11-10 08:15:04,117 [INFO] fplmodel - Loaded normalised frames: 752 elements, 20 teams, 38 events
2025-11-10 08:15:04,118 [INFO] fplmodel - Gameweek override applied -> next_gw=14 | last_finished_gw=13
2025-11-10 08:15:04,118 [INFO] fplmodel - Next gameweek: 14 | Last finished gameweek: 13
2025-11-10 08:15:04,118 [INFO] fplmodel - Renaming log file to highlight gameweek 14
2025-11-10 08:15:04,118 [INFO] fplmodel - Log file renamed to /Users/kyle/Documents/FPL-Prediction/logs/run_gw14_20251110_081504.log
2025-11-10 08:15:04,118 [INFO] fplmodel - Fetching player histories for 752 players (force_refetch=False)...
2025-11-10 08:15:04,834 [INFO] fplmodel - Fetching player histories for 752 players (force_refetch=False) completed in 0.72s
2025-11-10 08:15:04,835 [INFO] fplmodel - Loading 752 player history files from /Users/kyle/Documents/FPL-Prediction/data/raw
2025-11-10 08:15:04,835 [INFO] fplmodel - Collating player history JSON into dataframe...
2025-11-10 08:15:05,121 [INFO] fplmodel - Collating player history JSON into dataframe completed in 0.29s
2025-11-10 08:15:05,369 [INFO] fplmodel - Built player histories dataframe with 48378 rows
2025-11-10 08:15:05,369 [INFO] fplmodel - Loading external history data...
2025-11-10 08:15:06,156 [INFO] fplmodel - Loading external history data completed in 0.79s
2025-11-10 08:15:06,201 [INFO] fplmodel - Loaded 131262 external history rows for seasons 2020-21, 2021-22, 2022-23, 2023-24, 2024-25
2025-11-10 08:15:06,277 [INFO] fplmodel - Combined history dataset now has 175466 rows
2025-11-10 08:15:06,277 [INFO] fplmodel - Building training and prediction feature frames...
2025-11-10 08:15:09,978 [INFO] fplmodel - Building training and prediction feature frames completed in 3.70s
2025-11-10 08:15:09,978 [INFO] fplmodel - Prepared features: X_train=(83403, 156), y_train=83403, X_pred=(752, 163)
2025-11-10 08:15:09,986 [INFO] fplmodel - Training models with 156 features
2025-11-10 08:15:09,987 [INFO] fplmodel - Training feature columns: total_points_ma5, minutes_ma5, goals_scored_ma5, assists_ma5, clean_sheets_ma5, influence_ma5, creativity_ma5, threat_ma5, ict_index_ma5, goals_conceded_ma5, own_goals_ma5, penalties_saved_ma5, penalties_missed_ma5, yellow_cards_ma5, red_cards_ma5, saves_ma5, bonus_ma5, bps_ma5, clearances_blocks_interceptions_ma5, recoveries_ma5, tackles_ma5, defensive_contribution_ma5, starts_ma5, expected_goals_ma5, expected_assists_ma5, expected_goal_involvements_ma5, expected_goals_conceded_ma5, value_ma5, transfers_balance_ma5, selected_ma5, transfers_in_ma5, transfers_out_ma5, attacking_returns_ma5, finishing_plus_minus_ma5, finishing_ratio_ma5, creation_plus_minus_ma5, creation_ratio_ma5, xgi_plus_minus_ma5, minutes_share_ma5, points_per_90_ma5, tackles_plus_interceptions_ma5, defensive_actions_ma5, total_points_lag1, minutes_lag1, goals_scored_lag1, assists_lag1, clean_sheets_lag1, influence_lag1, creativity_lag1, threat_lag1, ict_index_lag1, goals_conceded_lag1, own_goals_lag1, penalties_saved_lag1, penalties_missed_lag1, yellow_cards_lag1, red_cards_lag1, saves_lag1, bonus_lag1, bps_lag1, clearances_blocks_interceptions_lag1, recoveries_lag1, tackles_lag1, defensive_contribution_lag1, starts_lag1, expected_goals_lag1, expected_assists_lag1, expected_goal_involvements_lag1, expected_goals_conceded_lag1, value_lag1, transfers_balance_lag1, selected_lag1, transfers_in_lag1, transfers_out_lag1, attacking_returns_lag1, finishing_plus_minus_lag1, finishing_ratio_lag1, creation_plus_minus_lag1, creation_ratio_lag1, xgi_plus_minus_lag1, minutes_share_lag1, points_per_90_lag1, tackles_plus_interceptions_lag1, defensive_actions_lag1, team_goals_for_ma5, team_goals_against_ma5, team_goal_diff_ma5, team_clean_sheet_ma5, team_conceded_two_plus_ma5, team_match_points_ma5, opp_team_goals_for_ma5, opp_team_goals_against_ma5, opp_team_goal_diff_ma5, opp_team_clean_sheet_ma5, opp_team_conceded_two_plus_ma5, opp_team_match_points_ma5, was_home, team_strength_overall, team_strength_home, team_strength_away, team_attack_home, team_attack_away, team_def_home, team_def_away, team_form_rating, team_points_table, team_league_position, team_matches_played, team_wins, team_draws, team_losses, opp_strength_overall, opp_strength_home, opp_strength_away, opp_attack_home, opp_attack_away, opp_def_home, opp_def_away, opp_form_rating, opp_points_table, opp_league_position, opp_matches_played, opp_wins, opp_draws, opp_losses, form, points_per_game, value_form, value_season, selected_by_percent, expected_goals_per_90, expected_assists_per_90, expected_goal_involvements_per_90, expected_goals_conceded_per_90, goals_conceded_per_90, saves_per_90, starts_per_90, clean_sheets_per_90, defensive_contribution_per_90, availability_this_round, availability_next_round, status_availability, status_injury_flag, injury_risk_flag, corners_and_indirect_freekicks_order, direct_freekicks_order, penalties_order, has_corners_duty, primary_corners_taker, has_direct_fk_duty, primary_direct_fk_taker, has_penalty_duty, primary_penalty_taker, set_piece_duty_score, player_bias, pos_bias
2025-11-10 08:15:09,987 [INFO] fplmodel - Training prediction models...
2025-11-10 08:15:10,135 [INFO] fplmodel.model - Season sample weights applied: 2020-21: 0.25, 2021-22: 0.25, 2022-23: 0.34, 2023-24: 0.49, 2024-25: 0.70, 2025-26: 1.00
2025-11-10 08:15:10,135 [INFO] fplmodel.model - Using TimeSeriesSplit with 3 folds for hyperparameter tuning.
2025-11-10 08:15:44,891 [INFO] fplmodel.model - Best classifier[hist_gbdt] params from tuning: {'est__min_samples_leaf': 20, 'est__max_iter': 350, 'est__max_depth': 4, 'est__learning_rate': 0.04, 'est__l2_regularization': 0.1} (score=1.0000)
2025-11-10 08:16:36,481 [INFO] fplmodel.model - Best regressor[hist_gbdt] params from tuning: {'est__min_samples_leaf': 30, 'est__max_iter': 350, 'est__max_depth': 8, 'est__learning_rate': 0.06, 'est__l2_regularization': 0.1} (score=-1.0089)
2025-11-10 08:16:36,482 [INFO] fplmodel.model - Candidate Histogram Gradient Boosting | classifier=1.0000 ± 0.0000 ↑ | regressor=1.0089 ± 0.0767 ↓
2025-11-10 08:18:14,337 [INFO] fplmodel.model - Best classifier[random_forest] params from tuning: {'est__n_estimators': 200, 'est__min_samples_split': 6, 'est__min_samples_leaf': 4, 'est__max_features': 'sqrt', 'est__max_depth': None} (score=1.0000)
2025-11-10 08:33:58,967 [INFO] fplmodel.model - Best regressor[random_forest] params from tuning: {'est__n_estimators': 600, 'est__min_samples_split': 6, 'est__min_samples_leaf': 4, 'est__max_features': 0.7, 'est__max_depth': 20} (score=-1.0033)
2025-11-10 08:33:58,970 [INFO] fplmodel.model - Candidate Random Forest | classifier=1.0000 ± 0.0000 ↑ | regressor=1.0033 ± 0.0523 ↓
2025-11-10 08:35:02,053 [INFO] fplmodel.model - Best classifier[neural_network] params from tuning: {'est__learning_rate_init': 0.003, 'est__hidden_layer_sizes': (256, 128), 'est__beta_1': 0.85, 'est__alpha': 0.0005} (score=0.9987)
2025-11-10 08:35:44,012 [INFO] fplmodel.model - Best regressor[neural_network] params from tuning: {'est__learning_rate_init': 0.003, 'est__hidden_layer_sizes': (256, 128), 'est__beta_1': 0.85, 'est__alpha': 0.0005} (score=-1.0601)
2025-11-10 08:35:44,012 [INFO] fplmodel.model - Candidate Neural Network (MLP) | classifier=0.9987 ± 0.0007 ↑ | regressor=1.0601 ± 0.1445 ↓
2025-11-10 08:35:44,015 [INFO] fplmodel.model - Saved model selection summary to /Users/kyle/Documents/FPL-Prediction/models/model_selection_summary.csv
2025-11-10 08:35:44,015 [INFO] fplmodel.model - Selected classifier model: Histogram Gradient Boosting (balanced_accuracy=1.0000 ± 0.0000 ↑)
2025-11-10 08:35:44,015 [INFO] fplmodel.model - Selected regressor model: Random Forest (MAE=1.0033 ± 0.0523 ↓)
2025-11-10 08:38:04,873 [INFO] fplmodel.model - Classifier (histogram gradient boosting) feature selector dropped 39 column(s): availability_next_round, bps_lag1, bps_ma5, creation_plus_minus_lag1, creation_plus_minus_ma5, defensive_actions_lag1, defensive_actions_ma5, expected_goal_involvements_lag1, expected_goal_involvements_ma5, expected_goal_involvements_per_90, ... (+29 more)
2025-11-10 08:38:04,874 [INFO] fplmodel.model - Regressor (random forest) feature selector dropped 39 column(s): availability_next_round, bps_lag1, bps_ma5, creation_plus_minus_lag1, creation_plus_minus_ma5, defensive_actions_lag1, defensive_actions_ma5, expected_goal_involvements_lag1, expected_goal_involvements_ma5, expected_goal_involvements_per_90, ... (+29 more)
2025-11-10 08:38:04,874 [INFO] fplmodel.model - Final model selection: classifier=Histogram Gradient Boosting | regressor=Random Forest
2025-11-10 08:38:05,091 [INFO] fplmodel - Training prediction models completed in 1375.11s
2025-11-10 08:38:05,126 [INFO] fplmodel - Top feature weights for regressor: total_points_lag1: 0.3389, total_points_ma5: 0.0886, recoveries_lag1: 0.0803, points_per_90_lag1: 0.0357, defensive_contribution_lag1: 0.0341, player_bias: 0.0231, bonus_lag1: 0.0207, minutes_ma5: 0.0137, team_conceded_two_plus_ma5: 0.0123, selected_lag1: 0.0123, bonus_ma5: 0.0110, value_ma5: 0.0098, selected_ma5: 0.0093, team_clean_sheet_ma5: 0.0084, transfers_balance_lag1: 0.0084
2025-11-10 08:38:05,126 [INFO] fplmodel - Estimator HistGradientBoostingClassifier for classifier does not expose feature_importances_; skipping logging.
2025-11-10 08:38:05,126 [INFO] fplmodel - Model training complete; fitted 3 candidate pair(s).
2025-11-10 08:38:05,126 [INFO] fplmodel - Generating next gameweek predictions...
2025-11-10 08:38:05,254 [INFO] fplmodel - Generating next gameweek predictions completed in 0.13s
2025-11-10 08:38:05,255 [INFO] fplmodel - Generated ensemble predictions for 752 players using 3 model(s): Histogram Gradient Boosting, Random Forest, Neural Network (MLP)
2025-11-10 08:38:05,257 [INFO] fplmodel - Applied fixture multipliers; average EP now 1.81
2025-11-10 08:38:05,257 [INFO] fplmodel - Top 5 expected point predictions (ensemble): Ryan Sessegnon (8.95); Curtis Jones (6.83); Norberto Bercique Gomes Betuncal (6.74); Martin Ødegaard (6.67); James Trafford (6.03)
2025-11-10 08:38:05,258 [INFO] fplmodel - Evaluating last finished gameweek residuals...
2025-11-10 08:38:05,359 [INFO] fplmodel - Evaluating last finished gameweek residuals completed in 0.10s
2025-11-10 08:38:05,359 [INFO] fplmodel - Residuals computed for 3266 players in GW 13
2025-11-10 08:38:05,359 [INFO] fplmodel - Selecting best XI from 752 candidates
2025-11-10 08:38:05,359 [INFO] fplmodel - Optimising best XI selection...
2025-11-10 08:38:06,132 [INFO] fplmodel - Optimising best XI selection completed in 0.77s
2025-11-10 08:38:06,133 [INFO] fplmodel - Selected squad: total cost 82.7M | starting cost 63.8M | bench cost 18.9M
2025-11-10 08:38:06,133 [INFO] fplmodel - Projected points: XI 62.54 | Captain included 71.50 | Bench 14.83
2025-11-10 08:38:06,133 [INFO] fplmodel - Captain: Ryan Sessegnon
2025-11-10 08:38:06,133 [INFO] fplmodel - XI | James Trafford (Man City) - 6.03 pts | 4.7M
2025-11-10 08:38:06,133 [INFO] fplmodel - XI | Michael Kayode (Brentford) - 5.62 pts | 4.5M
2025-11-10 08:38:06,133 [INFO] fplmodel - XI | Daniel Muñoz Mejía (Crystal Palace) - 3.86 pts | 5.7M
2025-11-10 08:38:06,133 [INFO] fplmodel - XI | Pau Torres (Aston Villa) - 3.76 pts | 4.3M
2025-11-10 08:38:06,133 [INFO] fplmodel - XI | Ryan Sessegnon (Fulham) - 8.95 pts | 5.4M
2025-11-10 08:38:06,133 [INFO] fplmodel - XI | Curtis Jones (Liverpool) - 6.83 pts | 5.4M
2025-11-10 08:38:06,133 [INFO] fplmodel - XI | Martin Ødegaard (Arsenal) - 6.67 pts | 7.8M
2025-11-10 08:38:06,133 [INFO] fplmodel - XI | Martín Zubimendi Ibáñez (Arsenal) - 4.88 pts | 5.4M
2025-11-10 08:38:06,133 [INFO] fplmodel - XI | Matheus Santos Carneiro da Cunha (Man Utd) - 4.64 pts | 7.9M
2025-11-10 08:38:06,133 [INFO] fplmodel - XI | Norberto Bercique Gomes Betuncal (Everton) - 6.74 pts | 5.2M
2025-11-10 08:38:06,133 [INFO] fplmodel - XI | João Pedro Junqueira de Jesus (Chelsea) - 4.55 pts | 7.5M
2025-11-10 08:38:06,133 [INFO] fplmodel - Bench 1 | Lukas Nmecha (Leeds) - 3.87 pts
2025-11-10 08:38:06,133 [INFO] fplmodel - Bench 2 | Jayden Bogle (Leeds) - 3.65 pts
2025-11-10 08:38:06,133 [INFO] fplmodel - Bench 3 | James Tarkowski (Everton) - 3.63 pts
2025-11-10 08:38:06,133 [INFO] fplmodel - Bench 4 | Walter Benítez (Crystal Palace) - 3.68 pts
2025-11-10 08:38:06,139 [INFO] fplmodel - Predictions saved to /Users/kyle/Documents/FPL-Prediction/outputs/predictions_gw14.csv
2025-11-10 08:38:06,140 [INFO] fplmodel - Starting XI saved to /Users/kyle/Documents/FPL-Prediction/outputs/starting_xi_gw14.csv
2025-11-10 08:38:06,141 [INFO] fplmodel - Bench saved to /Users/kyle/Documents/FPL-Prediction/outputs/bench_gw14.csv
2025-11-10 08:38:06,141 [INFO] fplmodel - Best XI JSON saved to /Users/kyle/Documents/FPL-Prediction/outputs/best_xi_gw14.json
2025-11-10 08:38:06,141 [INFO] fplmodel - Rendering best XI graphic...
2025-11-10 08:38:06,283 [INFO] fplmodel - Rendering best XI graphic completed in 0.14s
2025-11-10 08:38:06,283 [INFO] fplmodel - Best XI graphic generated at /Users/kyle/Documents/FPL-Prediction/outputs/best_xi_gw14.png
2025-11-10 08:38:06,287 [INFO] fplmodel - Residuals saved to /Users/kyle/Documents/FPL-Prediction/outputs/residuals_gw13.csv
2025-11-10 08:38:06,287 [INFO] fplmodel - Pipeline complete for GW 14
