2025-10-15 19:30:39,582 [INFO] fplmodel - Logging initialised. Writing to /Users/kyle/Documents/FPL-Prediction/logs/run_20251015_193039.log
2025-10-15 19:30:39,583 [INFO] fplmodel - Starting pipeline run (force_refetch=False)
2025-10-15 19:30:39,583 [INFO] fplmodel - Fetching bootstrap static data...
2025-10-15 19:30:39,601 [INFO] fplmodel - Fetching fixtures data...
2025-10-15 19:30:39,614 [INFO] fplmodel - Loaded normalised frames: 743 elements, 20 teams, 38 events
2025-10-15 19:30:39,614 [INFO] fplmodel - Next gameweek: 8 | Last finished gameweek: 7
2025-10-15 19:30:39,614 [INFO] fplmodel - Renaming log file to highlight gameweek 8
2025-10-15 19:30:39,615 [INFO] fplmodel - Log file renamed to /Users/kyle/Documents/FPL-Prediction/logs/run_gw8_20251015_193039.log
2025-10-15 19:30:39,615 [INFO] fplmodel - Fetching player histories for 743 players (force_refetch=False)
2025-10-15 19:30:40,018 [INFO] fplmodel - Loading 743 player history files from /Users/kyle/Documents/FPL-Prediction/data/raw
2025-10-15 19:30:40,388 [INFO] fplmodel - Built player histories dataframe with 30438 rows
2025-10-15 19:30:41,248 [INFO] fplmodel - Loaded 130764 external history rows for seasons 2020-21, 2021-22, 2022-23, 2023-24, 2024-25
2025-10-15 19:30:41,321 [INFO] fplmodel - Combined history dataset now has 158552 rows
2025-10-15 19:30:44,930 [INFO] fplmodel - Prepared features: X_train=(48078, 151), y_train=48078, X_pred=(743, 158)
2025-10-15 19:30:44,932 [INFO] fplmodel - Training models with 151 features
2025-10-15 19:30:44,932 [INFO] fplmodel - Training feature columns: total_points_ma5, minutes_ma5, goals_scored_ma5, assists_ma5, clean_sheets_ma5, influence_ma5, creativity_ma5, threat_ma5, ict_index_ma5, goals_conceded_ma5, own_goals_ma5, penalties_saved_ma5, penalties_missed_ma5, yellow_cards_ma5, red_cards_ma5, saves_ma5, bonus_ma5, bps_ma5, clearances_blocks_interceptions_ma5, recoveries_ma5, tackles_ma5, defensive_contribution_ma5, starts_ma5, expected_goals_ma5, expected_assists_ma5, expected_goal_involvements_ma5, expected_goals_conceded_ma5, value_ma5, transfers_balance_ma5, selected_ma5, transfers_in_ma5, transfers_out_ma5, attacking_returns_ma5, finishing_plus_minus_ma5, finishing_ratio_ma5, creation_plus_minus_ma5, creation_ratio_ma5, xgi_plus_minus_ma5, minutes_share_ma5, points_per_90_ma5, tackles_plus_interceptions_ma5, defensive_actions_ma5, total_points_lag1, minutes_lag1, goals_scored_lag1, assists_lag1, clean_sheets_lag1, influence_lag1, creativity_lag1, threat_lag1, ict_index_lag1, goals_conceded_lag1, own_goals_lag1, penalties_saved_lag1, penalties_missed_lag1, yellow_cards_lag1, red_cards_lag1, saves_lag1, bonus_lag1, bps_lag1, clearances_blocks_interceptions_lag1, recoveries_lag1, tackles_lag1, defensive_contribution_lag1, starts_lag1, expected_goals_lag1, expected_assists_lag1, expected_goal_involvements_lag1, expected_goals_conceded_lag1, value_lag1, transfers_balance_lag1, selected_lag1, transfers_in_lag1, transfers_out_lag1, attacking_returns_lag1, finishing_plus_minus_lag1, finishing_ratio_lag1, creation_plus_minus_lag1, creation_ratio_lag1, xgi_plus_minus_lag1, minutes_share_lag1, points_per_90_lag1, tackles_plus_interceptions_lag1, defensive_actions_lag1, team_goals_for_ma5, team_goals_against_ma5, team_goal_diff_ma5, team_clean_sheet_ma5, team_conceded_two_plus_ma5, team_match_points_ma5, opp_team_goals_for_ma5, opp_team_goals_against_ma5, opp_team_goal_diff_ma5, opp_team_clean_sheet_ma5, opp_team_conceded_two_plus_ma5, opp_team_match_points_ma5, was_home, team_strength_overall, team_strength_home, team_strength_away, team_attack_home, team_attack_away, team_def_home, team_def_away, team_form_rating, team_points_table, team_league_position, team_matches_played, team_wins, team_draws, team_losses, opp_strength_overall, opp_strength_home, opp_strength_away, opp_attack_home, opp_attack_away, opp_def_home, opp_def_away, opp_form_rating, opp_points_table, opp_league_position, opp_matches_played, opp_wins, opp_draws, opp_losses, form, points_per_game, value_form, value_season, selected_by_percent, expected_goals_per_90, expected_assists_per_90, expected_goal_involvements_per_90, expected_goals_conceded_per_90, goals_conceded_per_90, saves_per_90, starts_per_90, clean_sheets_per_90, defensive_contribution_per_90, corners_and_indirect_freekicks_order, direct_freekicks_order, penalties_order, has_corners_duty, primary_corners_taker, has_direct_fk_duty, primary_direct_fk_taker, has_penalty_duty, primary_penalty_taker, set_piece_duty_score, player_bias, pos_bias
2025-10-15 19:31:10,629 [INFO] fplmodel.model - Best classifier[hist_gbdt] params from tuning: {'est__min_samples_leaf': 20, 'est__max_iter': 350, 'est__max_depth': 4, 'est__learning_rate': 0.04, 'est__l2_regularization': 0.1} (score=1.0000)
2025-10-15 19:31:39,408 [INFO] fplmodel.model - Best regressor[hist_gbdt] params from tuning: {'est__min_samples_leaf': 30, 'est__max_iter': 250, 'est__max_depth': None, 'est__learning_rate': 0.06, 'est__l2_regularization': 0.05} (score=-0.9726)
2025-10-15 19:31:39,409 [INFO] fplmodel.model - Candidate Histogram Gradient Boosting | classifier=1.0000 ± 0.0000 ↑ | regressor=0.9726 ± 0.0537 ↓
2025-10-15 19:32:45,124 [INFO] fplmodel.model - Best classifier[random_forest] params from tuning: {'est__n_estimators': 200, 'est__min_samples_split': 6, 'est__min_samples_leaf': 4, 'est__max_features': 'sqrt', 'est__max_depth': None} (score=1.0000)
2025-10-15 19:42:03,413 [INFO] fplmodel.model - Best regressor[random_forest] params from tuning: {'est__n_estimators': 600, 'est__min_samples_split': 4, 'est__min_samples_leaf': 1, 'est__max_features': 0.7, 'est__max_depth': 10} (score=-0.9742)
2025-10-15 19:42:03,413 [INFO] fplmodel.model - Candidate Random Forest | classifier=1.0000 ± 0.0000 ↑ | regressor=0.9742 ± 0.0529 ↓
2025-10-15 19:42:33,857 [INFO] fplmodel.model - Best classifier[neural_network] params from tuning: {'est__learning_rate_init': 0.001, 'est__hidden_layer_sizes': (128, 64), 'est__beta_1': 0.85, 'est__alpha': 0.0001} (score=0.9963)
2025-10-15 19:43:03,072 [INFO] fplmodel.model - Best regressor[neural_network] params from tuning: {'est__learning_rate_init': 0.003, 'est__hidden_layer_sizes': (256, 128), 'est__beta_1': 0.95, 'est__alpha': 0.0005} (score=-1.0209)
2025-10-15 19:43:03,073 [INFO] fplmodel.model - Candidate Neural Network (MLP) | classifier=0.9963 ± 0.0009 ↑ | regressor=1.0209 ± 0.1176 ↓
2025-10-15 19:43:03,075 [INFO] fplmodel.model - Saved model selection summary to /Users/kyle/Documents/FPL-Prediction/models/model_selection_summary.csv
2025-10-15 19:43:03,075 [INFO] fplmodel.model - Selected classifier model: Histogram Gradient Boosting (balanced_accuracy=1.0000 ± 0.0000 ↑)
2025-10-15 19:43:03,075 [INFO] fplmodel.model - Selected regressor model: Histogram Gradient Boosting (MAE=0.9726 ± 0.0537 ↓)
2025-10-15 19:43:52,646 [INFO] fplmodel.model - Classifier (histogram gradient boosting) feature selector dropped 39 column(s): bps_lag1, bps_ma5, creation_plus_minus_lag1, creation_plus_minus_ma5, defensive_actions_lag1, defensive_actions_ma5, expected_goal_involvements_lag1, expected_goal_involvements_ma5, expected_goal_involvements_per_90, minutes_share_lag1, ... (+29 more)
2025-10-15 19:43:52,646 [INFO] fplmodel.model - Regressor (histogram gradient boosting) feature selector dropped 39 column(s): bps_lag1, bps_ma5, creation_plus_minus_lag1, creation_plus_minus_ma5, defensive_actions_lag1, defensive_actions_ma5, expected_goal_involvements_lag1, expected_goal_involvements_ma5, expected_goal_involvements_per_90, minutes_share_lag1, ... (+29 more)
2025-10-15 19:43:52,646 [INFO] fplmodel.model - Final model selection: classifier=Histogram Gradient Boosting | regressor=Histogram Gradient Boosting
2025-10-15 19:43:52,692 [INFO] fplmodel - Estimator HistGradientBoostingRegressor for regressor does not expose feature_importances_; skipping logging.
2025-10-15 19:43:52,692 [INFO] fplmodel - Estimator HistGradientBoostingClassifier for classifier does not expose feature_importances_; skipping logging.
2025-10-15 19:43:52,692 [INFO] fplmodel - Model training complete; fitted 3 candidate pair(s).
2025-10-15 19:43:52,821 [INFO] fplmodel - Generated ensemble predictions for 743 players using 3 model(s): Histogram Gradient Boosting, Random Forest, Neural Network (MLP)
2025-10-15 19:43:52,823 [INFO] fplmodel - Applied fixture multipliers; average EP now 1.20
2025-10-15 19:43:52,824 [INFO] fplmodel - Top 5 expected point predictions (ensemble): Erling Haaland (8.24); Gianluigi Donnarumma (5.94); Ryan Gravenberch (5.92); Bernd Leno (5.47); Granit Xhaka (5.46)
2025-10-15 19:43:52,894 [INFO] fplmodel - Residuals computed for 6768 players in GW 7
2025-10-15 19:43:52,894 [INFO] fplmodel - Selecting best XI from 743 candidates
2025-10-15 19:43:53,678 [INFO] fplmodel - Selected squad: total cost 93.0M | starting cost 72.7M | bench cost 20.3M
2025-10-15 19:43:53,678 [INFO] fplmodel - Projected points: XI 56.44 | Captain included 64.67 | Bench 5.97
2025-10-15 19:43:53,678 [INFO] fplmodel - Captain: Erling Haaland
2025-10-15 19:43:53,678 [INFO] fplmodel - XI | Gianluigi Donnarumma (Man City) - 5.94 pts | 5.7M
2025-10-15 19:43:53,678 [INFO] fplmodel - XI | Sven Botman (Newcastle) - 4.50 pts | 4.9M
2025-10-15 19:43:53,678 [INFO] fplmodel - XI | Malick Thiaw (Newcastle) - 4.31 pts | 4.9M
2025-10-15 19:43:53,679 [INFO] fplmodel - XI | Tino Livramento (Newcastle) - 4.11 pts | 5.0M
2025-10-15 19:43:53,679 [INFO] fplmodel - XI | Ryan Gravenberch (Liverpool) - 5.92 pts | 5.7M
2025-10-15 19:43:53,679 [INFO] fplmodel - XI | Granit Xhaka (Sunderland) - 5.46 pts | 5.0M
2025-10-15 19:43:53,679 [INFO] fplmodel - XI | Mohammed Kudus (Spurs) - 4.69 pts | 6.8M
2025-10-15 19:43:53,679 [INFO] fplmodel - XI | Noah Okafor (Leeds) - 4.69 pts | 5.5M
2025-10-15 19:43:53,679 [INFO] fplmodel - XI | Yankuba Minteh (Brighton) - 4.21 pts | 6.0M
2025-10-15 19:43:53,679 [INFO] fplmodel - XI | Erling Haaland (Man City) - 8.24 pts | 14.5M
2025-10-15 19:43:53,679 [INFO] fplmodel - XI | Ollie Watkins (Aston Villa) - 4.38 pts | 8.7M
2025-10-15 19:43:53,679 [INFO] fplmodel - Bench 1 | Nathan Collins (Brentford) - 2.19 pts
2025-10-15 19:43:53,679 [INFO] fplmodel - Bench 2 | Eli Junior Kroupi (Bournemouth) - 1.41 pts
2025-10-15 19:43:53,679 [INFO] fplmodel - Bench 3 | Myles Lewis-Skelly (Arsenal) - 0.88 pts
2025-10-15 19:43:53,679 [INFO] fplmodel - Bench 4 | David Raya Martín (Arsenal) - 1.50 pts
2025-10-15 19:43:53,685 [INFO] fplmodel - Predictions saved to /Users/kyle/Documents/FPL-Prediction/outputs/predictions_gw8.csv
2025-10-15 19:43:53,686 [INFO] fplmodel - Starting XI saved to /Users/kyle/Documents/FPL-Prediction/outputs/starting_xi_gw8.csv
2025-10-15 19:43:53,686 [INFO] fplmodel - Bench saved to /Users/kyle/Documents/FPL-Prediction/outputs/bench_gw8.csv
2025-10-15 19:43:53,686 [INFO] fplmodel - Best XI JSON saved to /Users/kyle/Documents/FPL-Prediction/outputs/best_xi_gw8.json
2025-10-15 19:43:53,979 [INFO] fplmodel - Best XI graphic generated at /Users/kyle/Documents/FPL-Prediction/outputs/best_xi_gw8.png
2025-10-15 19:43:53,988 [INFO] fplmodel - Residuals saved to /Users/kyle/Documents/FPL-Prediction/outputs/residuals_gw7.csv
2025-10-15 19:43:53,988 [INFO] fplmodel - Pipeline complete for GW 8
