2025-10-14 11:15:48,187 [INFO] fplmodel - Logging initialised. Writing to /Users/kyle/Documents/FPL-Prediction/logs/run_20251014_111548.log
2025-10-14 11:15:48,187 [INFO] fplmodel - Starting pipeline run (force_refetch=False)
2025-10-14 11:15:48,187 [INFO] fplmodel - Fetching bootstrap static data...
2025-10-14 11:15:48,205 [INFO] fplmodel - Fetching fixtures data...
2025-10-14 11:15:48,221 [INFO] fplmodel - Loaded normalised frames: 743 elements, 20 teams, 38 events
2025-10-14 11:15:48,222 [INFO] fplmodel - Next gameweek: 8 | Last finished gameweek: 7
2025-10-14 11:15:48,222 [INFO] fplmodel - Renaming log file to highlight gameweek 8
2025-10-14 11:15:48,223 [INFO] fplmodel - Log file renamed to /Users/kyle/Documents/FPL-Prediction/logs/run_gw8_20251014_111548.log
2025-10-14 11:15:48,223 [INFO] fplmodel - Fetching player histories for 743 players (force_refetch=False)
2025-10-14 11:15:48,476 [INFO] fplmodel - Loading 743 player history files from /Users/kyle/Documents/FPL-Prediction/data/raw
2025-10-14 11:15:48,626 [INFO] fplmodel - Built player histories dataframe with 5073 rows
2025-10-14 11:15:49,769 [INFO] fplmodel - Prepared features: X_train=(3588, 36), y_train=3588, X_pred=(743, 42)
2025-10-14 11:15:49,769 [INFO] fplmodel - Training models with 36 features
2025-10-14 11:15:52,885 [INFO] fplmodel - Model training complete
2025-10-14 11:15:52,936 [INFO] fplmodel - Generated baseline predictions for 743 players
2025-10-14 11:15:52,938 [INFO] fplmodel - Applied fixture multipliers; average EP now 1.66
2025-10-14 11:15:52,939 [INFO] fplmodel - Top 5 expected point predictions: Antoine Semenyo (18.61); Donyell Malen (15.57); Bruno Guimarães Rodriguez Moura (14.91); Mohammed Kudus (12.71); Joško Gvardiol (12.07)
2025-10-14 11:15:52,989 [INFO] fplmodel - Residuals computed for 743 players in GW 7
2025-10-14 11:15:52,989 [INFO] fplmodel - Selecting best XI from 743 candidates
2025-10-14 11:15:53,679 [INFO] fplmodel - Selected squad: total cost 88.0M | starting cost 66.4M | bench cost 21.6M
2025-10-14 11:15:53,679 [INFO] fplmodel - Projected points: XI 138.52 | Captain included 157.14 | Bench 5.26
2025-10-14 11:15:53,679 [INFO] fplmodel - Captain: Antoine Semenyo
2025-10-14 11:15:53,679 [INFO] fplmodel - XI | Senne Lammens (Man Utd) - 9.09 pts | 5.0M
2025-10-14 11:15:53,679 [INFO] fplmodel - XI | Joško Gvardiol (Man City) - 12.07 pts | 5.9M
2025-10-14 11:15:53,679 [INFO] fplmodel - XI | Jan Paul van Hecke (Brighton) - 11.91 pts | 4.4M
2025-10-14 11:15:53,679 [INFO] fplmodel - XI | Dan Burn (Newcastle) - 11.60 pts | 5.1M
2025-10-14 11:15:53,679 [INFO] fplmodel - XI | Jurriën Timber (Arsenal) - 11.13 pts | 5.9M
2025-10-14 11:15:53,680 [INFO] fplmodel - XI | Antoine Semenyo (Bournemouth) - 18.61 pts | 7.9M
2025-10-14 11:15:53,680 [INFO] fplmodel - XI | Donyell Malen (Aston Villa) - 15.57 pts | 5.1M
2025-10-14 11:15:53,680 [INFO] fplmodel - XI | Bruno Guimarães Rodriguez Moura (Newcastle) - 14.91 pts | 6.5M
2025-10-14 11:15:53,680 [INFO] fplmodel - XI | Mohammed Kudus (Spurs) - 12.71 pts | 6.8M
2025-10-14 11:15:53,680 [INFO] fplmodel - XI | Declan Rice (Arsenal) - 11.52 pts | 6.5M
2025-10-14 11:15:53,680 [INFO] fplmodel - XI | Benjamin Sesko (Man Utd) - 9.40 pts | 7.3M
2025-10-14 11:15:53,680 [INFO] fplmodel - Bench 1 | Myles Lewis-Skelly (Arsenal) - 1.41 pts
2025-10-14 11:15:53,680 [INFO] fplmodel - Bench 2 | Yoane Wissa (Newcastle) - 0.30 pts
2025-10-14 11:15:53,680 [INFO] fplmodel - Bench 3 | Eli Junior Kroupi (Bournemouth) - 0.30 pts
2025-10-14 11:15:53,680 [INFO] fplmodel - Bench 4 | Caoimhín Kelleher (Brentford) - 3.25 pts
2025-10-14 11:15:53,685 [INFO] fplmodel - Predictions saved to /Users/kyle/Documents/FPL-Prediction/outputs/predictions_gw8.csv
2025-10-14 11:15:53,686 [INFO] fplmodel - Starting XI saved to /Users/kyle/Documents/FPL-Prediction/outputs/starting_xi_gw8.csv
2025-10-14 11:15:53,686 [INFO] fplmodel - Bench saved to /Users/kyle/Documents/FPL-Prediction/outputs/bench_gw8.csv
2025-10-14 11:15:53,686 [INFO] fplmodel - Best XI JSON saved to /Users/kyle/Documents/FPL-Prediction/outputs/best_xi_gw8.json
2025-10-14 11:15:54,006 [INFO] fplmodel - Best XI graphic generated at /Users/kyle/Documents/FPL-Prediction/outputs/best_xi_gw8.png
2025-10-14 11:15:54,007 [INFO] fplmodel - Residuals saved to /Users/kyle/Documents/FPL-Prediction/outputs/residuals_gw7.csv
2025-10-14 11:15:54,007 [INFO] fplmodel - Pipeline complete for GW 8
