2025-11-10 07:10:43,098 [INFO] fplmodel - Logging initialised. Writing to /Users/kyle/Documents/FPL-Prediction/logs/run_20251110_071043.log
2025-11-10 07:10:43,098 [INFO] fplmodel - Starting pipeline run (force_refetch=True)
2025-11-10 07:10:43,098 [INFO] fplmodel - Fetching bootstrap static data...
2025-11-10 07:10:43,340 [INFO] fplmodel - Fetching bootstrap static data completed in 0.24s
2025-11-10 07:10:43,340 [INFO] fplmodel - Fetching fixtures data...
2025-11-10 07:10:43,453 [INFO] fplmodel - Fetching fixtures data completed in 0.11s
2025-11-10 07:10:43,454 [INFO] fplmodel - Normalising bootstrap data...
2025-11-10 07:10:43,468 [INFO] fplmodel - Normalising bootstrap data completed in 0.01s
2025-11-10 07:10:43,468 [INFO] fplmodel - Loaded normalised frames: 752 elements, 20 teams, 38 events
2025-11-10 07:10:43,469 [INFO] fplmodel - Gameweek override applied -> next_gw=12 | last_finished_gw=11
2025-11-10 07:10:43,469 [INFO] fplmodel - Next gameweek: 12 | Last finished gameweek: 11
2025-11-10 07:10:43,469 [INFO] fplmodel - Renaming log file to highlight gameweek 12
2025-11-10 07:10:43,470 [INFO] fplmodel - Log file renamed to /Users/kyle/Documents/FPL-Prediction/logs/run_gw12_20251110_071043.log
2025-11-10 07:10:43,470 [INFO] fplmodel - Fetching player histories for 752 players (force_refetch=True)...
2025-11-10 07:32:52,035 [INFO] fplmodel - Fetching player histories for 752 players (force_refetch=True) completed in 1328.58s
2025-11-10 07:32:52,037 [INFO] fplmodel - Loading 752 player history files from /Users/kyle/Documents/FPL-Prediction/data/raw
2025-11-10 07:32:52,037 [INFO] fplmodel - Collating player history JSON into dataframe...
2025-11-10 07:32:52,478 [INFO] fplmodel - Collating player history JSON into dataframe completed in 0.44s
2025-11-10 07:32:52,728 [INFO] fplmodel - Built player histories dataframe with 48348 rows
2025-11-10 07:32:52,728 [INFO] fplmodel - Loading external history data...
2025-11-10 07:32:53,526 [INFO] fplmodel - Loading external history data completed in 0.80s
2025-11-10 07:32:53,583 [INFO] fplmodel - Loaded 131262 external history rows for seasons 2020-21, 2021-22, 2022-23, 2023-24, 2024-25
2025-11-10 07:32:53,668 [INFO] fplmodel - Combined history dataset now has 175438 rows
2025-11-10 07:32:53,669 [INFO] fplmodel - Building training and prediction feature frames...
2025-11-10 07:32:57,591 [INFO] fplmodel - Building training and prediction feature frames completed in 3.92s
2025-11-10 07:32:57,591 [INFO] fplmodel - Prepared features: X_train=(76954, 156), y_train=76954, X_pred=(752, 163)
2025-11-10 07:32:57,594 [INFO] fplmodel - Training models with 156 features
2025-11-10 07:32:57,594 [INFO] fplmodel - Training feature columns: total_points_ma5, minutes_ma5, goals_scored_ma5, assists_ma5, clean_sheets_ma5, influence_ma5, creativity_ma5, threat_ma5, ict_index_ma5, goals_conceded_ma5, own_goals_ma5, penalties_saved_ma5, penalties_missed_ma5, yellow_cards_ma5, red_cards_ma5, saves_ma5, bonus_ma5, bps_ma5, clearances_blocks_interceptions_ma5, recoveries_ma5, tackles_ma5, defensive_contribution_ma5, starts_ma5, expected_goals_ma5, expected_assists_ma5, expected_goal_involvements_ma5, expected_goals_conceded_ma5, value_ma5, transfers_balance_ma5, selected_ma5, transfers_in_ma5, transfers_out_ma5, attacking_returns_ma5, finishing_plus_minus_ma5, finishing_ratio_ma5, creation_plus_minus_ma5, creation_ratio_ma5, xgi_plus_minus_ma5, minutes_share_ma5, points_per_90_ma5, tackles_plus_interceptions_ma5, defensive_actions_ma5, total_points_lag1, minutes_lag1, goals_scored_lag1, assists_lag1, clean_sheets_lag1, influence_lag1, creativity_lag1, threat_lag1, ict_index_lag1, goals_conceded_lag1, own_goals_lag1, penalties_saved_lag1, penalties_missed_lag1, yellow_cards_lag1, red_cards_lag1, saves_lag1, bonus_lag1, bps_lag1, clearances_blocks_interceptions_lag1, recoveries_lag1, tackles_lag1, defensive_contribution_lag1, starts_lag1, expected_goals_lag1, expected_assists_lag1, expected_goal_involvements_lag1, expected_goals_conceded_lag1, value_lag1, transfers_balance_lag1, selected_lag1, transfers_in_lag1, transfers_out_lag1, attacking_returns_lag1, finishing_plus_minus_lag1, finishing_ratio_lag1, creation_plus_minus_lag1, creation_ratio_lag1, xgi_plus_minus_lag1, minutes_share_lag1, points_per_90_lag1, tackles_plus_interceptions_lag1, defensive_actions_lag1, team_goals_for_ma5, team_goals_against_ma5, team_goal_diff_ma5, team_clean_sheet_ma5, team_conceded_two_plus_ma5, team_match_points_ma5, opp_team_goals_for_ma5, opp_team_goals_against_ma5, opp_team_goal_diff_ma5, opp_team_clean_sheet_ma5, opp_team_conceded_two_plus_ma5, opp_team_match_points_ma5, was_home, team_strength_overall, team_strength_home, team_strength_away, team_attack_home, team_attack_away, team_def_home, team_def_away, team_form_rating, team_points_table, team_league_position, team_matches_played, team_wins, team_draws, team_losses, opp_strength_overall, opp_strength_home, opp_strength_away, opp_attack_home, opp_attack_away, opp_def_home, opp_def_away, opp_form_rating, opp_points_table, opp_league_position, opp_matches_played, opp_wins, opp_draws, opp_losses, form, points_per_game, value_form, value_season, selected_by_percent, expected_goals_per_90, expected_assists_per_90, expected_goal_involvements_per_90, expected_goals_conceded_per_90, goals_conceded_per_90, saves_per_90, starts_per_90, clean_sheets_per_90, defensive_contribution_per_90, availability_this_round, availability_next_round, status_availability, status_injury_flag, injury_risk_flag, corners_and_indirect_freekicks_order, direct_freekicks_order, penalties_order, has_corners_duty, primary_corners_taker, has_direct_fk_duty, primary_direct_fk_taker, has_penalty_duty, primary_penalty_taker, set_piece_duty_score, player_bias, pos_bias
2025-11-10 07:32:57,594 [INFO] fplmodel - Training prediction models...
2025-11-10 07:32:57,712 [INFO] fplmodel.model - Season sample weights applied: 2020-21: 0.25, 2021-22: 0.25, 2022-23: 0.34, 2023-24: 0.49, 2024-25: 0.70, 2025-26: 1.00
2025-11-10 07:32:57,712 [INFO] fplmodel.model - Using TimeSeriesSplit with 3 folds for hyperparameter tuning.
2025-11-10 07:33:32,493 [INFO] fplmodel.model - Best classifier[hist_gbdt] params from tuning: {'est__min_samples_leaf': 20, 'est__max_iter': 350, 'est__max_depth': 4, 'est__learning_rate': 0.04, 'est__l2_regularization': 0.1} (score=1.0000)
2025-11-10 07:34:14,899 [INFO] fplmodel.model - Best regressor[hist_gbdt] params from tuning: {'est__min_samples_leaf': 20, 'est__max_iter': 300, 'est__max_depth': 8, 'est__learning_rate': 0.06, 'est__l2_regularization': 0.05} (score=-0.9546)
2025-11-10 07:34:14,900 [INFO] fplmodel.model - Candidate Histogram Gradient Boosting | classifier=1.0000 ± 0.0000 ↑ | regressor=0.9546 ± 0.0797 ↓
2025-11-10 07:35:42,142 [INFO] fplmodel.model - Best classifier[random_forest] params from tuning: {'est__n_estimators': 200, 'est__min_samples_split': 6, 'est__min_samples_leaf': 4, 'est__max_features': 'sqrt', 'est__max_depth': None} (score=1.0000)
2025-11-10 07:49:23,606 [INFO] fplmodel.model - Best regressor[random_forest] params from tuning: {'est__n_estimators': 600, 'est__min_samples_split': 6, 'est__min_samples_leaf': 4, 'est__max_features': 0.7, 'est__max_depth': 20} (score=-0.9431)
2025-11-10 07:49:23,608 [INFO] fplmodel.model - Candidate Random Forest | classifier=1.0000 ± 0.0000 ↑ | regressor=0.9431 ± 0.0643 ↓
2025-11-10 07:50:09,940 [INFO] fplmodel.model - Best classifier[neural_network] params from tuning: {'est__learning_rate_init': 0.003, 'est__hidden_layer_sizes': (128, 64), 'est__beta_1': 0.85, 'est__alpha': 0.0005} (score=0.9985)
2025-11-10 07:50:49,284 [INFO] fplmodel.model - Best regressor[neural_network] params from tuning: {'est__learning_rate_init': 0.003, 'est__hidden_layer_sizes': (256, 128), 'est__beta_1': 0.85, 'est__alpha': 0.0001} (score=-0.9977)
2025-11-10 07:50:49,285 [INFO] fplmodel.model - Candidate Neural Network (MLP) | classifier=0.9985 ± 0.0010 ↑ | regressor=0.9977 ± 0.1017 ↓
2025-11-10 07:50:49,289 [INFO] fplmodel.model - Saved model selection summary to /Users/kyle/Documents/FPL-Prediction/models/model_selection_summary.csv
2025-11-10 07:50:49,289 [INFO] fplmodel.model - Selected classifier model: Histogram Gradient Boosting (balanced_accuracy=1.0000 ± 0.0000 ↑)
2025-11-10 07:50:49,289 [INFO] fplmodel.model - Selected regressor model: Random Forest (MAE=0.9431 ± 0.0643 ↓)
2025-11-10 07:52:58,468 [INFO] fplmodel.model - Classifier (histogram gradient boosting) feature selector dropped 39 column(s): availability_next_round, bps_lag1, bps_ma5, creation_plus_minus_lag1, creation_plus_minus_ma5, defensive_actions_lag1, defensive_actions_ma5, expected_goal_involvements_lag1, expected_goal_involvements_ma5, expected_goal_involvements_per_90, ... (+29 more)
2025-11-10 07:52:58,469 [INFO] fplmodel.model - Regressor (random forest) feature selector dropped 39 column(s): availability_next_round, bps_lag1, bps_ma5, creation_plus_minus_lag1, creation_plus_minus_ma5, defensive_actions_lag1, defensive_actions_ma5, expected_goal_involvements_lag1, expected_goal_involvements_ma5, expected_goal_involvements_per_90, ... (+29 more)
2025-11-10 07:52:58,469 [INFO] fplmodel.model - Final model selection: classifier=Histogram Gradient Boosting | regressor=Random Forest
2025-11-10 07:52:58,677 [INFO] fplmodel - Training prediction models completed in 1201.09s
2025-11-10 07:52:58,714 [INFO] fplmodel - Top feature weights for regressor: total_points_lag1: 0.3689, total_points_ma5: 0.0878, recoveries_lag1: 0.0710, points_per_90_lag1: 0.0410, defensive_contribution_lag1: 0.0347, bonus_lag1: 0.0279, player_bias: 0.0202, selected_lag1: 0.0118, team_conceded_two_plus_ma5: 0.0117, bonus_ma5: 0.0097, value_ma5: 0.0090, selected_ma5: 0.0088, team_clean_sheet_ma5: 0.0088, points_per_game: 0.0087, form: 0.0076
2025-11-10 07:52:58,714 [INFO] fplmodel - Estimator HistGradientBoostingClassifier for classifier does not expose feature_importances_; skipping logging.
2025-11-10 07:52:58,714 [INFO] fplmodel - Model training complete; fitted 3 candidate pair(s).
2025-11-10 07:52:58,715 [INFO] fplmodel - Generating next gameweek predictions...
2025-11-10 07:52:58,835 [INFO] fplmodel - Generating next gameweek predictions completed in 0.12s
2025-11-10 07:52:58,836 [INFO] fplmodel - Generated ensemble predictions for 752 players using 3 model(s): Histogram Gradient Boosting, Random Forest, Neural Network (MLP)
2025-11-10 07:52:58,838 [INFO] fplmodel - Applied fixture multipliers; average EP now 1.79
2025-11-10 07:52:58,838 [INFO] fplmodel - Top 5 expected point predictions (ensemble): Michael Kayode (7.47); Tyrick Mitchell (6.57); Gianluigi Donnarumma (6.30); Pape Matar Sarr (6.03); Gabriel Martinelli Silva (5.10)
2025-11-10 07:52:58,839 [INFO] fplmodel - Evaluating last finished gameweek residuals...
2025-11-10 07:52:58,958 [INFO] fplmodel - Evaluating last finished gameweek residuals completed in 0.12s
2025-11-10 07:52:58,958 [INFO] fplmodel - Residuals computed for 7138 players in GW 11
2025-11-10 07:52:58,958 [INFO] fplmodel - Selecting best XI from 752 candidates
2025-11-10 07:52:58,958 [INFO] fplmodel - Optimising best XI selection...
2025-11-10 07:53:00,356 [INFO] fplmodel - Optimising best XI selection completed in 1.40s
2025-11-10 07:53:00,356 [INFO] fplmodel - Selected squad: total cost 83.3M | starting cost 61.6M | bench cost 21.7M
2025-11-10 07:53:00,357 [INFO] fplmodel - Projected points: XI 59.06 | Captain included 66.53 | Bench 16.55
2025-11-10 07:53:00,357 [INFO] fplmodel - Captain: Michael Kayode
2025-11-10 07:53:00,357 [INFO] fplmodel - XI | Gianluigi Donnarumma (Man City) - 6.30 pts | 5.7M
2025-11-10 07:53:00,357 [INFO] fplmodel - XI | Michael Kayode (Brentford) - 7.47 pts | 4.5M
2025-11-10 07:53:00,357 [INFO] fplmodel - XI | Tyrick Mitchell (Crystal Palace) - 6.57 pts | 5.0M
2025-11-10 07:53:00,357 [INFO] fplmodel - XI | Maxence Lacroix (Crystal Palace) - 4.71 pts | 5.0M
2025-11-10 07:53:00,357 [INFO] fplmodel - XI | Nathan Collins (Brentford) - 4.62 pts | 4.9M
2025-11-10 07:53:00,357 [INFO] fplmodel - XI | Pape Matar Sarr (Spurs) - 6.03 pts | 4.8M
2025-11-10 07:53:00,357 [INFO] fplmodel - XI | Gabriel Martinelli Silva (Arsenal) - 5.10 pts | 6.8M
2025-11-10 07:53:00,357 [INFO] fplmodel - XI | Florentino Ibrain Morris Luís (Burnley) - 4.91 pts | 5.0M
2025-11-10 07:53:00,357 [INFO] fplmodel - XI | Justin Kluivert (Bournemouth) - 4.65 pts | 7.0M
2025-11-10 07:53:00,357 [INFO] fplmodel - XI | Dominik Szoboszlai (Liverpool) - 4.16 pts | 6.6M
2025-11-10 07:53:00,357 [INFO] fplmodel - XI | Igor Thiago Nascimento Rodrigues (Brentford) - 4.54 pts | 6.3M
2025-11-10 07:53:00,357 [INFO] fplmodel - Bench 1 | Jayden Bogle (Leeds) - 4.54 pts
2025-11-10 07:53:00,357 [INFO] fplmodel - Bench 2 | Nick Woltemade (Newcastle) - 4.08 pts
2025-11-10 07:53:00,358 [INFO] fplmodel - Bench 3 | Callum Wilson (West Ham) - 3.96 pts
2025-11-10 07:53:00,358 [INFO] fplmodel - Bench 4 | Martin Dúbravka (Burnley) - 3.96 pts
2025-11-10 07:53:00,364 [INFO] fplmodel - Predictions saved to /Users/kyle/Documents/FPL-Prediction/outputs/predictions_gw12.csv
2025-11-10 07:53:00,365 [INFO] fplmodel - Starting XI saved to /Users/kyle/Documents/FPL-Prediction/outputs/starting_xi_gw12.csv
2025-11-10 07:53:00,365 [INFO] fplmodel - Bench saved to /Users/kyle/Documents/FPL-Prediction/outputs/bench_gw12.csv
2025-11-10 07:53:00,366 [INFO] fplmodel - Best XI JSON saved to /Users/kyle/Documents/FPL-Prediction/outputs/best_xi_gw12.json
2025-11-10 07:53:00,366 [INFO] fplmodel - Rendering best XI graphic...
2025-11-10 07:53:00,711 [INFO] fplmodel - Rendering best XI graphic completed in 0.34s
2025-11-10 07:53:00,711 [INFO] fplmodel - Best XI graphic generated at /Users/kyle/Documents/FPL-Prediction/outputs/best_xi_gw12.png
2025-11-10 07:53:00,720 [INFO] fplmodel - Residuals saved to /Users/kyle/Documents/FPL-Prediction/outputs/residuals_gw11.csv
2025-11-10 07:53:00,720 [INFO] fplmodel - Pipeline complete for GW 12
