2025-10-21 09:29:50,672 [INFO] fplmodel - Logging initialised. Writing to /Users/kyle/Documents/FPL-Prediction/logs/run_20251021_092950.log
2025-10-21 09:29:50,672 [INFO] fplmodel - Starting pipeline run (force_refetch=False)
2025-10-21 09:29:50,672 [INFO] fplmodel - Fetching bootstrap static data...
2025-10-21 09:29:50,690 [INFO] fplmodel - Fetching bootstrap static data completed in 0.02s
2025-10-21 09:29:50,690 [INFO] fplmodel - Fetching fixtures data...
2025-10-21 09:29:50,694 [INFO] fplmodel - Fetching fixtures data completed in 0.00s
2025-10-21 09:29:50,694 [INFO] fplmodel - Normalising bootstrap data...
2025-10-21 09:29:50,704 [INFO] fplmodel - Normalising bootstrap data completed in 0.01s
2025-10-21 09:29:50,704 [INFO] fplmodel - Loaded normalised frames: 745 elements, 20 teams, 38 events
2025-10-21 09:29:50,704 [INFO] fplmodel - Gameweek override applied -> next_gw=13 | last_finished_gw=12
2025-10-21 09:29:50,705 [INFO] fplmodel - Next gameweek: 13 | Last finished gameweek: 12
2025-10-21 09:29:50,705 [INFO] fplmodel - Renaming log file to highlight gameweek 13
2025-10-21 09:29:50,705 [INFO] fplmodel - Log file renamed to /Users/kyle/Documents/FPL-Prediction/logs/run_gw13_20251021_092950.log
2025-10-21 09:29:50,705 [INFO] fplmodel - Fetching player histories for 745 players (force_refetch=False)...
2025-10-21 09:29:51,310 [INFO] fplmodel - Fetching player histories for 745 players (force_refetch=False) completed in 0.61s
2025-10-21 09:29:51,311 [INFO] fplmodel - Loading 745 player history files from /Users/kyle/Documents/FPL-Prediction/data/raw
2025-10-21 09:29:51,311 [INFO] fplmodel - Collating player history JSON into dataframe...
2025-10-21 09:29:51,544 [INFO] fplmodel - Collating player history JSON into dataframe completed in 0.23s
2025-10-21 09:29:51,735 [INFO] fplmodel - Built player histories dataframe with 34908 rows
2025-10-21 09:29:51,735 [INFO] fplmodel - Loading external history data...
2025-10-21 09:29:52,547 [INFO] fplmodel - Loading external history data completed in 0.81s
2025-10-21 09:29:52,594 [INFO] fplmodel - Loaded 130884 external history rows for seasons 2020-21, 2021-22, 2022-23, 2023-24, 2024-25
2025-10-21 09:29:52,665 [INFO] fplmodel - Combined history dataset now has 162884 rows
2025-10-21 09:29:52,665 [INFO] fplmodel - Building training and prediction feature frames...
2025-10-21 09:29:56,328 [INFO] fplmodel - Building training and prediction feature frames completed in 3.66s
2025-10-21 09:29:56,328 [INFO] fplmodel - Prepared features: X_train=(68055, 151), y_train=68055, X_pred=(745, 158)
2025-10-21 09:29:56,332 [INFO] fplmodel - Training models with 151 features
2025-10-21 09:29:56,332 [INFO] fplmodel - Training feature columns: total_points_ma4, minutes_ma4, goals_scored_ma4, assists_ma4, clean_sheets_ma4, influence_ma4, creativity_ma4, threat_ma4, ict_index_ma4, goals_conceded_ma4, own_goals_ma4, penalties_saved_ma4, penalties_missed_ma4, yellow_cards_ma4, red_cards_ma4, saves_ma4, bonus_ma4, bps_ma4, clearances_blocks_interceptions_ma4, recoveries_ma4, tackles_ma4, defensive_contribution_ma4, starts_ma4, expected_goals_ma4, expected_assists_ma4, expected_goal_involvements_ma4, expected_goals_conceded_ma4, value_ma4, transfers_balance_ma4, selected_ma4, transfers_in_ma4, transfers_out_ma4, attacking_returns_ma4, finishing_plus_minus_ma4, finishing_ratio_ma4, creation_plus_minus_ma4, creation_ratio_ma4, xgi_plus_minus_ma4, minutes_share_ma4, points_per_90_ma4, tackles_plus_interceptions_ma4, defensive_actions_ma4, total_points_lag1, minutes_lag1, goals_scored_lag1, assists_lag1, clean_sheets_lag1, influence_lag1, creativity_lag1, threat_lag1, ict_index_lag1, goals_conceded_lag1, own_goals_lag1, penalties_saved_lag1, penalties_missed_lag1, yellow_cards_lag1, red_cards_lag1, saves_lag1, bonus_lag1, bps_lag1, clearances_blocks_interceptions_lag1, recoveries_lag1, tackles_lag1, defensive_contribution_lag1, starts_lag1, expected_goals_lag1, expected_assists_lag1, expected_goal_involvements_lag1, expected_goals_conceded_lag1, value_lag1, transfers_balance_lag1, selected_lag1, transfers_in_lag1, transfers_out_lag1, attacking_returns_lag1, finishing_plus_minus_lag1, finishing_ratio_lag1, creation_plus_minus_lag1, creation_ratio_lag1, xgi_plus_minus_lag1, minutes_share_lag1, points_per_90_lag1, tackles_plus_interceptions_lag1, defensive_actions_lag1, team_goals_for_ma4, team_goals_against_ma4, team_goal_diff_ma4, team_clean_sheet_ma4, team_conceded_two_plus_ma4, team_match_points_ma4, opp_team_goals_for_ma4, opp_team_goals_against_ma4, opp_team_goal_diff_ma4, opp_team_clean_sheet_ma4, opp_team_conceded_two_plus_ma4, opp_team_match_points_ma4, was_home, team_strength_overall, team_strength_home, team_strength_away, team_attack_home, team_attack_away, team_def_home, team_def_away, team_form_rating, team_points_table, team_league_position, team_matches_played, team_wins, team_draws, team_losses, opp_strength_overall, opp_strength_home, opp_strength_away, opp_attack_home, opp_attack_away, opp_def_home, opp_def_away, opp_form_rating, opp_points_table, opp_league_position, opp_matches_played, opp_wins, opp_draws, opp_losses, form, points_per_game, value_form, value_season, selected_by_percent, expected_goals_per_90, expected_assists_per_90, expected_goal_involvements_per_90, expected_goals_conceded_per_90, goals_conceded_per_90, saves_per_90, starts_per_90, clean_sheets_per_90, defensive_contribution_per_90, corners_and_indirect_freekicks_order, direct_freekicks_order, penalties_order, has_corners_duty, primary_corners_taker, has_direct_fk_duty, primary_direct_fk_taker, has_penalty_duty, primary_penalty_taker, set_piece_duty_score, player_bias, pos_bias
2025-10-21 09:29:56,332 [INFO] fplmodel - Training prediction models...
2025-10-21 09:30:31,838 [INFO] fplmodel.model - Best classifier[hist_gbdt] params from tuning: {'est__min_samples_leaf': 20, 'est__max_iter': 350, 'est__max_depth': 4, 'est__learning_rate': 0.04, 'est__l2_regularization': 0.1} (score=1.0000)
2025-10-21 09:31:17,961 [INFO] fplmodel.model - Best regressor[hist_gbdt] params from tuning: {'est__min_samples_leaf': 40, 'est__max_iter': 350, 'est__max_depth': 4, 'est__learning_rate': 0.06, 'est__l2_regularization': 0.1} (score=-1.1048)
2025-10-21 09:31:17,962 [INFO] fplmodel.model - Candidate Histogram Gradient Boosting | classifier=1.0000 ± 0.0000 ↑ | regressor=1.1048 ± 0.0884 ↓
2025-10-21 09:33:00,241 [INFO] fplmodel.model - Best classifier[random_forest] params from tuning: {'est__n_estimators': 200, 'est__min_samples_split': 6, 'est__min_samples_leaf': 4, 'est__max_features': 'sqrt', 'est__max_depth': None} (score=1.0000)
2025-10-21 09:47:49,729 [INFO] fplmodel.model - Best regressor[random_forest] params from tuning: {'est__n_estimators': 600, 'est__min_samples_split': 4, 'est__min_samples_leaf': 1, 'est__max_features': 0.7, 'est__max_depth': 10} (score=-1.1206)
2025-10-21 09:47:49,730 [INFO] fplmodel.model - Candidate Random Forest | classifier=1.0000 ± 0.0000 ↑ | regressor=1.1206 ± 0.0863 ↓
2025-10-21 09:48:45,154 [INFO] fplmodel.model - Best classifier[neural_network] params from tuning: {'est__learning_rate_init': 0.003, 'est__hidden_layer_sizes': (256, 128), 'est__beta_1': 0.95, 'est__alpha': 0.0001} (score=0.9974)
2025-10-21 09:49:27,182 [INFO] fplmodel.model - Best regressor[neural_network] params from tuning: {'est__learning_rate_init': 0.003, 'est__hidden_layer_sizes': (256, 128), 'est__beta_1': 0.85, 'est__alpha': 0.0005} (score=-1.1384)
2025-10-21 09:49:27,183 [INFO] fplmodel.model - Candidate Neural Network (MLP) | classifier=0.9974 ± 0.0000 ↑ | regressor=1.1384 ± 0.1352 ↓
2025-10-21 09:49:27,185 [INFO] fplmodel.model - Saved model selection summary to /Users/kyle/Documents/FPL-Prediction/models/model_selection_summary.csv
2025-10-21 09:49:27,185 [INFO] fplmodel.model - Selected classifier model: Histogram Gradient Boosting (balanced_accuracy=1.0000 ± 0.0000 ↑)
2025-10-21 09:49:27,185 [INFO] fplmodel.model - Selected regressor model: Histogram Gradient Boosting (MAE=1.1048 ± 0.0884 ↓)
2025-10-21 09:50:57,102 [INFO] fplmodel.model - Classifier (histogram gradient boosting) feature selector dropped 39 column(s): bps_lag1, bps_ma4, creation_plus_minus_lag1, creation_plus_minus_ma4, defensive_actions_lag1, defensive_actions_ma4, expected_goal_involvements_lag1, expected_goal_involvements_ma4, expected_goal_involvements_per_90, minutes_share_lag1, ... (+29 more)
2025-10-21 09:50:57,103 [INFO] fplmodel.model - Regressor (histogram gradient boosting) feature selector dropped 39 column(s): bps_lag1, bps_ma4, creation_plus_minus_lag1, creation_plus_minus_ma4, defensive_actions_lag1, defensive_actions_ma4, expected_goal_involvements_lag1, expected_goal_involvements_ma4, expected_goal_involvements_per_90, minutes_share_lag1, ... (+29 more)
2025-10-21 09:50:57,103 [INFO] fplmodel.model - Final model selection: classifier=Histogram Gradient Boosting | regressor=Histogram Gradient Boosting
2025-10-21 09:50:57,158 [INFO] fplmodel - Training prediction models completed in 1260.83s
2025-10-21 09:50:57,158 [INFO] fplmodel - Estimator HistGradientBoostingRegressor for regressor does not expose feature_importances_; skipping logging.
2025-10-21 09:50:57,158 [INFO] fplmodel - Estimator HistGradientBoostingClassifier for classifier does not expose feature_importances_; skipping logging.
2025-10-21 09:50:57,158 [INFO] fplmodel - Model training complete; fitted 3 candidate pair(s).
2025-10-21 09:50:57,158 [INFO] fplmodel - Generating next gameweek predictions...
2025-10-21 09:50:57,294 [INFO] fplmodel - Generating next gameweek predictions completed in 0.14s
2025-10-21 09:50:57,295 [INFO] fplmodel - Generated ensemble predictions for 745 players using 3 model(s): Histogram Gradient Boosting, Random Forest, Neural Network (MLP)
2025-10-21 09:50:57,297 [INFO] fplmodel - Applied fixture multipliers; average EP now 1.90
2025-10-21 09:50:57,298 [INFO] fplmodel - Top 5 expected point predictions (ensemble): Antoine Semenyo (5.96); Erling Haaland (5.81); Martín Zubimendi Ibáñez (5.18); Michael Kayode (5.04); Gianluigi Donnarumma (5.03)
2025-10-21 09:50:57,298 [INFO] fplmodel - Evaluating last finished gameweek residuals...
2025-10-21 09:50:57,372 [INFO] fplmodel - Evaluating last finished gameweek residuals completed in 0.07s
2025-10-21 09:50:57,372 [INFO] fplmodel - Residuals computed for 3250 players in GW 12
2025-10-21 09:50:57,372 [INFO] fplmodel - Selecting best XI from 745 candidates
2025-10-21 09:50:57,372 [INFO] fplmodel - Optimising best XI selection...
2025-10-21 09:50:58,100 [INFO] fplmodel - Optimising best XI selection completed in 0.73s
2025-10-21 09:50:58,100 [INFO] fplmodel - Selected squad: total cost 93.1M | starting cost 72.3M | bench cost 20.8M
2025-10-21 09:50:58,101 [INFO] fplmodel - Projected points: XI 53.13 | Captain included 59.09 | Bench 16.74
2025-10-21 09:50:58,101 [INFO] fplmodel - Captain: Antoine Semenyo
2025-10-21 09:50:58,101 [INFO] fplmodel - XI | Gianluigi Donnarumma (Man City) - 5.03 pts | 5.7M
2025-10-21 09:50:58,101 [INFO] fplmodel - XI | Michael Kayode (Brentford) - 5.04 pts | 4.5M
2025-10-21 09:50:58,101 [INFO] fplmodel - XI | Ferdi Kadıoğlu (Brighton) - 4.66 pts | 4.4M
2025-10-21 09:50:58,101 [INFO] fplmodel - XI | Marc Guéhi (Crystal Palace) - 4.51 pts | 4.9M
2025-10-21 09:50:58,101 [INFO] fplmodel - XI | Daniel Muñoz Mejía (Crystal Palace) - 4.17 pts | 5.6M
2025-10-21 09:50:58,101 [INFO] fplmodel - XI | Antoine Semenyo (Bournemouth) - 5.96 pts | 8.0M
2025-10-21 09:50:58,101 [INFO] fplmodel - XI | Martín Zubimendi Ibáñez (Arsenal) - 5.18 pts | 5.5M
2025-10-21 09:50:58,101 [INFO] fplmodel - XI | Dango Ouattara (Brentford) - 4.55 pts | 6.0M
2025-10-21 09:50:58,101 [INFO] fplmodel - XI | Sandro Tonali (Newcastle) - 4.23 pts | 5.4M
2025-10-21 09:50:58,101 [INFO] fplmodel - XI | Erling Haaland (Man City) - 5.81 pts | 14.7M
2025-10-21 09:50:58,101 [INFO] fplmodel - XI | Jean-Philippe Mateta (Crystal Palace) - 3.98 pts | 7.6M
2025-10-21 09:50:58,101 [INFO] fplmodel - Bench 1 | Ryan Sessegnon (Fulham) - 4.57 pts
2025-10-21 09:50:58,101 [INFO] fplmodel - Bench 2 | Arthur Masuaku (Sunderland) - 4.41 pts
2025-10-21 09:50:58,101 [INFO] fplmodel - Bench 3 | João Pedro Junqueira de Jesus (Chelsea) - 3.86 pts
2025-10-21 09:50:58,101 [INFO] fplmodel - Bench 4 | Kjell Scherpen (Brighton) - 3.90 pts
2025-10-21 09:50:58,108 [INFO] fplmodel - Predictions saved to /Users/kyle/Documents/FPL-Prediction/outputs/predictions_gw13.csv
2025-10-21 09:50:58,109 [INFO] fplmodel - Starting XI saved to /Users/kyle/Documents/FPL-Prediction/outputs/starting_xi_gw13.csv
2025-10-21 09:50:58,109 [INFO] fplmodel - Bench saved to /Users/kyle/Documents/FPL-Prediction/outputs/bench_gw13.csv
2025-10-21 09:50:58,110 [INFO] fplmodel - Best XI JSON saved to /Users/kyle/Documents/FPL-Prediction/outputs/best_xi_gw13.json
2025-10-21 09:50:58,110 [INFO] fplmodel - Rendering best XI graphic...
2025-10-21 09:50:58,259 [INFO] fplmodel - Rendering best XI graphic completed in 0.15s
2025-10-21 09:50:58,259 [INFO] fplmodel - Best XI graphic generated at /Users/kyle/Documents/FPL-Prediction/outputs/best_xi_gw13.png
2025-10-21 09:50:58,263 [INFO] fplmodel - Residuals saved to /Users/kyle/Documents/FPL-Prediction/outputs/residuals_gw12.csv
2025-10-21 09:50:58,263 [INFO] fplmodel - Pipeline complete for GW 13
