2025-10-21 08:19:26,413 [INFO] fplmodel - Logging initialised. Writing to /Users/kyle/Documents/FPL-Prediction/logs/run_20251021_081926.log
2025-10-21 08:19:26,413 [INFO] fplmodel - Starting pipeline run (force_refetch=False)
2025-10-21 08:19:26,413 [INFO] fplmodel - Fetching bootstrap static data...
2025-10-21 08:19:26,431 [INFO] fplmodel - Fetching bootstrap static data completed in 0.02s
2025-10-21 08:19:26,431 [INFO] fplmodel - Fetching fixtures data...
2025-10-21 08:19:26,435 [INFO] fplmodel - Fetching fixtures data completed in 0.00s
2025-10-21 08:19:26,435 [INFO] fplmodel - Normalising bootstrap data...
2025-10-21 08:19:26,444 [INFO] fplmodel - Normalising bootstrap data completed in 0.01s
2025-10-21 08:19:26,444 [INFO] fplmodel - Loaded normalised frames: 745 elements, 20 teams, 38 events
2025-10-21 08:19:26,445 [INFO] fplmodel - Gameweek override applied -> next_gw=9 | last_finished_gw=8
2025-10-21 08:19:26,445 [INFO] fplmodel - Next gameweek: 9 | Last finished gameweek: 8
2025-10-21 08:19:26,445 [INFO] fplmodel - Renaming log file to highlight gameweek 9
2025-10-21 08:19:26,445 [INFO] fplmodel - Log file renamed to /Users/kyle/Documents/FPL-Prediction/logs/run_gw9_20251021_081926.log
2025-10-21 08:19:26,445 [INFO] fplmodel - Fetching player histories for 745 players (force_refetch=False)...
2025-10-21 08:19:27,052 [INFO] fplmodel - Fetching player histories for 745 players (force_refetch=False) completed in 0.61s
2025-10-21 08:19:27,054 [INFO] fplmodel - Loading 745 player history files from /Users/kyle/Documents/FPL-Prediction/data/raw
2025-10-21 08:19:27,054 [INFO] fplmodel - Collating player history JSON into dataframe...
2025-10-21 08:19:27,285 [INFO] fplmodel - Collating player history JSON into dataframe completed in 0.23s
2025-10-21 08:19:27,466 [INFO] fplmodel - Built player histories dataframe with 34908 rows
2025-10-21 08:19:27,466 [INFO] fplmodel - Loading external history data...
2025-10-21 08:19:28,271 [INFO] fplmodel - Loading external history data completed in 0.81s
2025-10-21 08:19:28,316 [INFO] fplmodel - Loaded 130884 external history rows for seasons 2020-21, 2021-22, 2022-23, 2023-24, 2024-25
2025-10-21 08:19:28,386 [INFO] fplmodel - Combined history dataset now has 162884 rows
2025-10-21 08:19:28,386 [INFO] fplmodel - Building training and prediction feature frames...
2025-10-21 08:19:32,087 [INFO] fplmodel - Building training and prediction feature frames completed in 3.70s
2025-10-21 08:19:32,087 [INFO] fplmodel - Prepared features: X_train=(55254, 151), y_train=55254, X_pred=(745, 158)
2025-10-21 08:19:32,089 [INFO] fplmodel - Training models with 151 features
2025-10-21 08:19:32,089 [INFO] fplmodel - Training feature columns: total_points_ma4, minutes_ma4, goals_scored_ma4, assists_ma4, clean_sheets_ma4, influence_ma4, creativity_ma4, threat_ma4, ict_index_ma4, goals_conceded_ma4, own_goals_ma4, penalties_saved_ma4, penalties_missed_ma4, yellow_cards_ma4, red_cards_ma4, saves_ma4, bonus_ma4, bps_ma4, clearances_blocks_interceptions_ma4, recoveries_ma4, tackles_ma4, defensive_contribution_ma4, starts_ma4, expected_goals_ma4, expected_assists_ma4, expected_goal_involvements_ma4, expected_goals_conceded_ma4, value_ma4, transfers_balance_ma4, selected_ma4, transfers_in_ma4, transfers_out_ma4, attacking_returns_ma4, finishing_plus_minus_ma4, finishing_ratio_ma4, creation_plus_minus_ma4, creation_ratio_ma4, xgi_plus_minus_ma4, minutes_share_ma4, points_per_90_ma4, tackles_plus_interceptions_ma4, defensive_actions_ma4, total_points_lag1, minutes_lag1, goals_scored_lag1, assists_lag1, clean_sheets_lag1, influence_lag1, creativity_lag1, threat_lag1, ict_index_lag1, goals_conceded_lag1, own_goals_lag1, penalties_saved_lag1, penalties_missed_lag1, yellow_cards_lag1, red_cards_lag1, saves_lag1, bonus_lag1, bps_lag1, clearances_blocks_interceptions_lag1, recoveries_lag1, tackles_lag1, defensive_contribution_lag1, starts_lag1, expected_goals_lag1, expected_assists_lag1, expected_goal_involvements_lag1, expected_goals_conceded_lag1, value_lag1, transfers_balance_lag1, selected_lag1, transfers_in_lag1, transfers_out_lag1, attacking_returns_lag1, finishing_plus_minus_lag1, finishing_ratio_lag1, creation_plus_minus_lag1, creation_ratio_lag1, xgi_plus_minus_lag1, minutes_share_lag1, points_per_90_lag1, tackles_plus_interceptions_lag1, defensive_actions_lag1, team_goals_for_ma4, team_goals_against_ma4, team_goal_diff_ma4, team_clean_sheet_ma4, team_conceded_two_plus_ma4, team_match_points_ma4, opp_team_goals_for_ma4, opp_team_goals_against_ma4, opp_team_goal_diff_ma4, opp_team_clean_sheet_ma4, opp_team_conceded_two_plus_ma4, opp_team_match_points_ma4, was_home, team_strength_overall, team_strength_home, team_strength_away, team_attack_home, team_attack_away, team_def_home, team_def_away, team_form_rating, team_points_table, team_league_position, team_matches_played, team_wins, team_draws, team_losses, opp_strength_overall, opp_strength_home, opp_strength_away, opp_attack_home, opp_attack_away, opp_def_home, opp_def_away, opp_form_rating, opp_points_table, opp_league_position, opp_matches_played, opp_wins, opp_draws, opp_losses, form, points_per_game, value_form, value_season, selected_by_percent, expected_goals_per_90, expected_assists_per_90, expected_goal_involvements_per_90, expected_goals_conceded_per_90, goals_conceded_per_90, saves_per_90, starts_per_90, clean_sheets_per_90, defensive_contribution_per_90, corners_and_indirect_freekicks_order, direct_freekicks_order, penalties_order, has_corners_duty, primary_corners_taker, has_direct_fk_duty, primary_direct_fk_taker, has_penalty_duty, primary_penalty_taker, set_piece_duty_score, player_bias, pos_bias
2025-10-21 08:19:32,089 [INFO] fplmodel - Training prediction models...
2025-10-21 08:20:00,059 [INFO] fplmodel.model - Best classifier[hist_gbdt] params from tuning: {'est__min_samples_leaf': 20, 'est__max_iter': 350, 'est__max_depth': 4, 'est__learning_rate': 0.04, 'est__l2_regularization': 0.1} (score=1.0000)
2025-10-21 08:20:36,394 [INFO] fplmodel.model - Best regressor[hist_gbdt] params from tuning: {'est__min_samples_leaf': 40, 'est__max_iter': 350, 'est__max_depth': 4, 'est__learning_rate': 0.06, 'est__l2_regularization': 0.1} (score=-0.9827)
2025-10-21 08:20:36,395 [INFO] fplmodel.model - Candidate Histogram Gradient Boosting | classifier=1.0000 ± 0.0000 ↑ | regressor=0.9827 ± 0.0527 ↓
2025-10-21 08:21:54,148 [INFO] fplmodel.model - Best classifier[random_forest] params from tuning: {'est__n_estimators': 200, 'est__min_samples_split': 6, 'est__min_samples_leaf': 1, 'est__max_features': 'sqrt', 'est__max_depth': None} (score=1.0000)
2025-10-21 08:32:48,063 [INFO] fplmodel.model - Best regressor[random_forest] params from tuning: {'est__n_estimators': 600, 'est__min_samples_split': 4, 'est__min_samples_leaf': 1, 'est__max_features': 0.7, 'est__max_depth': 10} (score=-0.9965)
2025-10-21 08:32:48,064 [INFO] fplmodel.model - Candidate Random Forest | classifier=1.0000 ± 0.0000 ↑ | regressor=0.9965 ± 0.0420 ↓
2025-10-21 08:33:25,080 [INFO] fplmodel.model - Best classifier[neural_network] params from tuning: {'est__learning_rate_init': 0.003, 'est__hidden_layer_sizes': (128, 64), 'est__beta_1': 0.9, 'est__alpha': 0.0001} (score=0.9964)
2025-10-21 08:33:58,489 [INFO] fplmodel.model - Best regressor[neural_network] params from tuning: {'est__learning_rate_init': 0.003, 'est__hidden_layer_sizes': (128, 128, 64), 'est__beta_1': 0.9, 'est__alpha': 0.001} (score=-1.0162)
2025-10-21 08:33:58,490 [INFO] fplmodel.model - Candidate Neural Network (MLP) | classifier=0.9964 ± 0.0018 ↑ | regressor=1.0162 ± 0.1144 ↓
2025-10-21 08:33:58,491 [INFO] fplmodel.model - Saved model selection summary to /Users/kyle/Documents/FPL-Prediction/models/model_selection_summary.csv
2025-10-21 08:33:58,491 [INFO] fplmodel.model - Selected classifier model: Histogram Gradient Boosting (balanced_accuracy=1.0000 ± 0.0000 ↑)
2025-10-21 08:33:58,491 [INFO] fplmodel.model - Selected regressor model: Histogram Gradient Boosting (MAE=0.9827 ± 0.0527 ↓)
2025-10-21 08:34:55,881 [INFO] fplmodel.model - Classifier (histogram gradient boosting) feature selector dropped 39 column(s): bps_lag1, bps_ma4, creation_plus_minus_lag1, creation_plus_minus_ma4, defensive_actions_lag1, defensive_actions_ma4, expected_goal_involvements_lag1, expected_goal_involvements_ma4, expected_goal_involvements_per_90, minutes_share_lag1, ... (+29 more)
2025-10-21 08:34:55,881 [INFO] fplmodel.model - Regressor (histogram gradient boosting) feature selector dropped 39 column(s): bps_lag1, bps_ma4, creation_plus_minus_lag1, creation_plus_minus_ma4, defensive_actions_lag1, defensive_actions_ma4, expected_goal_involvements_lag1, expected_goal_involvements_ma4, expected_goal_involvements_per_90, minutes_share_lag1, ... (+29 more)
2025-10-21 08:34:55,881 [INFO] fplmodel.model - Final model selection: classifier=Histogram Gradient Boosting | regressor=Histogram Gradient Boosting
2025-10-21 08:34:55,933 [INFO] fplmodel - Training prediction models completed in 923.82s
2025-10-21 08:34:55,933 [INFO] fplmodel - Estimator HistGradientBoostingRegressor for regressor does not expose feature_importances_; skipping logging.
2025-10-21 08:34:55,933 [INFO] fplmodel - Estimator HistGradientBoostingClassifier for classifier does not expose feature_importances_; skipping logging.
2025-10-21 08:34:55,933 [INFO] fplmodel - Model training complete; fitted 3 candidate pair(s).
2025-10-21 08:34:55,933 [INFO] fplmodel - Generating next gameweek predictions...
2025-10-21 08:34:56,064 [INFO] fplmodel - Generating next gameweek predictions completed in 0.13s
2025-10-21 08:34:56,065 [INFO] fplmodel - Generated ensemble predictions for 745 players using 3 model(s): Histogram Gradient Boosting, Random Forest, Neural Network (MLP)
2025-10-21 08:34:56,067 [INFO] fplmodel - Applied fixture multipliers; average EP now 1.90
2025-10-21 08:34:56,068 [INFO] fplmodel - Top 5 expected point predictions (ensemble): Erling Haaland (9.12); Malo Gusto (8.94); Nordi Mukiele (8.52); Dan Burn (8.28); Nick Woltemade (7.52)
2025-10-21 08:34:56,068 [INFO] fplmodel - Evaluating last finished gameweek residuals...
2025-10-21 08:34:56,154 [INFO] fplmodel - Evaluating last finished gameweek residuals completed in 0.09s
2025-10-21 08:34:56,154 [INFO] fplmodel - Residuals computed for 7261 players in GW 8
2025-10-21 08:34:56,154 [INFO] fplmodel - Selecting best XI from 745 candidates
2025-10-21 08:34:56,154 [INFO] fplmodel - Optimising best XI selection...
2025-10-21 08:34:56,894 [INFO] fplmodel - Optimising best XI selection completed in 0.74s
2025-10-21 08:34:56,894 [INFO] fplmodel - Selected squad: total cost 95.8M | starting cost 73.4M | bench cost 22.4M
2025-10-21 08:34:56,895 [INFO] fplmodel - Projected points: XI 79.95 | Captain included 89.07 | Bench 21.16
2025-10-21 08:34:56,895 [INFO] fplmodel - Captain: Erling Haaland
2025-10-21 08:34:56,895 [INFO] fplmodel - XI | Gianluigi Donnarumma (Man City) - 5.99 pts | 5.7M
2025-10-21 08:34:56,895 [INFO] fplmodel - XI | Malo Gusto (Chelsea) - 8.94 pts | 4.9M
2025-10-21 08:34:56,895 [INFO] fplmodel - XI | Nordi Mukiele (Sunderland) - 8.52 pts | 4.0M
2025-10-21 08:34:56,895 [INFO] fplmodel - XI | Dan Burn (Newcastle) - 8.28 pts | 5.1M
2025-10-21 08:34:56,895 [INFO] fplmodel - XI | Gabriel dos Santos Magalhães (Arsenal) - 6.60 pts | 6.4M
2025-10-21 08:34:56,895 [INFO] fplmodel - XI | Sven Botman (Newcastle) - 6.44 pts | 4.9M
2025-10-21 08:34:56,895 [INFO] fplmodel - XI | João Maria Lobo Alves Palhares Costa Palhinha Gonçalves (Spurs) - 6.27 pts | 5.5M
2025-10-21 08:34:56,895 [INFO] fplmodel - XI | Mohammed Kudus (Spurs) - 6.18 pts | 6.8M
2025-10-21 08:34:56,895 [INFO] fplmodel - XI | Antoine Semenyo (Bournemouth) - 6.09 pts | 8.0M
2025-10-21 08:34:56,895 [INFO] fplmodel - XI | Erling Haaland (Man City) - 9.12 pts | 14.7M
2025-10-21 08:34:56,895 [INFO] fplmodel - XI | Nick Woltemade (Newcastle) - 7.52 pts | 7.4M
2025-10-21 08:34:56,895 [INFO] fplmodel - Bench 1 | Josh Cullen (Burnley) - 6.18 pts
2025-10-21 08:34:56,895 [INFO] fplmodel - Bench 2 | Lesley Ugochukwu (Burnley) - 5.91 pts
2025-10-21 08:34:56,895 [INFO] fplmodel - Bench 3 | Jarrod Bowen (West Ham) - 4.06 pts
2025-10-21 08:34:56,895 [INFO] fplmodel - Bench 4 | Robin Roefs (Sunderland) - 5.01 pts
2025-10-21 08:34:56,901 [INFO] fplmodel - Predictions saved to /Users/kyle/Documents/FPL-Prediction/outputs/predictions_gw9.csv
2025-10-21 08:34:56,902 [INFO] fplmodel - Starting XI saved to /Users/kyle/Documents/FPL-Prediction/outputs/starting_xi_gw9.csv
2025-10-21 08:34:56,902 [INFO] fplmodel - Bench saved to /Users/kyle/Documents/FPL-Prediction/outputs/bench_gw9.csv
2025-10-21 08:34:56,903 [INFO] fplmodel - Best XI JSON saved to /Users/kyle/Documents/FPL-Prediction/outputs/best_xi_gw9.json
2025-10-21 08:34:56,903 [INFO] fplmodel - Rendering best XI graphic...
2025-10-21 08:34:57,051 [INFO] fplmodel - Rendering best XI graphic completed in 0.15s
2025-10-21 08:34:57,051 [INFO] fplmodel - Best XI graphic generated at /Users/kyle/Documents/FPL-Prediction/outputs/best_xi_gw9.png
2025-10-21 08:34:57,061 [INFO] fplmodel - Residuals saved to /Users/kyle/Documents/FPL-Prediction/outputs/residuals_gw8.csv
2025-10-21 08:34:57,061 [INFO] fplmodel - Pipeline complete for GW 9
