2025-10-20 12:31:57,054 [INFO] fplmodel - Logging initialised. Writing to /Users/kyle/Documents/FPL-Prediction/logs/run_20251020_123157.log
2025-10-20 12:31:57,054 [INFO] fplmodel - Starting pipeline run (force_refetch=True)
2025-10-20 12:31:57,054 [INFO] fplmodel - Fetching bootstrap static data...
2025-10-20 12:31:57,054 [INFO] fplmodel.data_pull - Fetching bootstrap static data from https://fantasy.premierleague.com/api/bootstrap-static/ (force=True)
2025-10-20 12:31:58,394 [INFO] fplmodel.data_pull - Saved bootstrap static payload to /Users/kyle/Documents/FPL-Prediction/data/raw/bootstrap-static.json
2025-10-20 12:31:58,394 [INFO] fplmodel - Fetching fixtures data...
2025-10-20 12:31:58,394 [INFO] fplmodel.data_pull - Fetching fixtures data from https://fantasy.premierleague.com/api/fixtures/ (force=True)
2025-10-20 12:31:58,489 [INFO] fplmodel.data_pull - Saved fixtures payload to /Users/kyle/Documents/FPL-Prediction/data/raw/fixtures-all.json
2025-10-20 12:31:58,499 [INFO] fplmodel - Loaded normalised frames: 745 elements, 20 teams, 38 events
2025-10-20 12:31:58,500 [INFO] fplmodel - Gameweek override applied -> next_gw=8 | last_finished_gw=7
2025-10-20 12:31:58,500 [INFO] fplmodel - Next gameweek: 8 | Last finished gameweek: 7
2025-10-20 12:31:58,500 [INFO] fplmodel - Renaming log file to highlight gameweek 8
2025-10-20 12:31:58,500 [INFO] fplmodel - Log file renamed to /Users/kyle/Documents/FPL-Prediction/logs/run_gw8_20251020_123157.log
2025-10-20 12:31:58,500 [INFO] fplmodel - Fetching player histories for 745 players (force_refetch=True)
2025-10-20 12:31:58,500 [INFO] fplmodel.data_pull - Starting player history fetch for 745 players (force=True, seasons_back=5)
2025-10-20 12:32:10,526 [INFO] fplmodel.data_pull - Fetched player history 74/745 (player_id=702)
2025-10-20 12:32:21,437 [INFO] fplmodel.data_pull - Fetched player history 148/745 (player_id=96)
2025-10-20 12:32:27,777 [INFO] fplmodel.data_pull - Fetched player history 222/745 (player_id=165)
2025-10-20 12:32:34,157 [INFO] fplmodel.data_pull - Fetched player history 296/745 (player_id=275)
2025-10-20 12:32:41,105 [INFO] fplmodel.data_pull - Fetched player history 370/745 (player_id=337)
2025-10-20 12:32:49,697 [INFO] fplmodel.data_pull - Fetched player history 444/745 (player_id=692)
2025-10-20 12:32:56,898 [INFO] fplmodel.data_pull - Fetched player history 518/745 (player_id=733)
2025-10-20 12:33:05,625 [INFO] fplmodel.data_pull - Fetched player history 592/745 (player_id=528)
2025-10-20 12:33:13,568 [INFO] fplmodel.data_pull - Fetched player history 666/745 (player_id=594)
2025-10-20 12:33:24,266 [INFO] fplmodel.data_pull - Fetched player history 740/745 (player_id=658)
2025-10-20 12:33:25,306 [INFO] fplmodel.data_pull - Fetched player history 745/745 (player_id=720)
2025-10-20 12:33:25,306 [INFO] fplmodel.data_pull - Completed player history fetch cycle for 745 players
2025-10-20 12:33:25,307 [INFO] fplmodel - Loading 745 player history files from /Users/kyle/Documents/FPL-Prediction/data/raw
2025-10-20 12:33:25,733 [INFO] fplmodel - Built player histories dataframe with 34908 rows
2025-10-20 12:33:26,560 [INFO] fplmodel - Loaded 130884 external history rows for seasons 2020-21, 2021-22, 2022-23, 2023-24, 2024-25
2025-10-20 12:33:26,647 [INFO] fplmodel - Combined history dataset now has 162884 rows
2025-10-20 12:33:26,656 [INFO] fplmodel - History coverage: 745 players across 6 seasons (latest season=2024-25)
2025-10-20 12:33:26,656 [INFO] fplmodel - Beginning feature frame construction with 162884 history rows
2025-10-20 12:33:27,699 [INFO] fplmodel.fbref_data - Fetching FBRef match logs for 509 players across up to 6 seasons
2025-10-20 12:33:28,391 [WARNING] fplmodel.fbref_data - FBRef request player-match-stats returned HTTP 500 (attempt 1/4); retrying after 6.5s...
2025-10-20 12:33:35,159 [WARNING] fplmodel.fbref_data - FBRef request player-match-stats returned HTTP 500 (attempt 2/4); retrying after 6.5s...
2025-10-20 12:33:41,921 [WARNING] fplmodel.fbref_data - FBRef request player-match-stats returned HTTP 500 (attempt 3/4); retrying after 6.5s...
2025-10-20 12:33:48,687 [WARNING] fplmodel.fbref_data - FBRef match stats unavailable for player 972aeb2a season 2020-2021: 500 Server Error: Internal Server Error for url: https://fbrapi.com/player-match-stats/?league_id=9&player_id=972aeb2a&season_id=2020-2021
2025-10-20 12:33:49,134 [WARNING] fplmodel.fbref_data - FBRef request player-match-stats returned HTTP 500 (attempt 1/4); retrying after 6.5s...
2025-10-20 12:33:55,961 [WARNING] fplmodel.fbref_data - FBRef request player-match-stats returned HTTP 500 (attempt 2/4); retrying after 6.5s...
2025-10-20 12:34:03,321 [WARNING] fplmodel.fbref_data - FBRef request player-match-stats returned HTTP 500 (attempt 3/4); retrying after 6.5s...
2025-10-20 12:34:10,153 [WARNING] fplmodel.fbref_data - FBRef match stats unavailable for player 972aeb2a season 2021-2022: 500 Server Error: Internal Server Error for url: https://fbrapi.com/player-match-stats/?league_id=9&player_id=972aeb2a&season_id=2021-2022
2025-10-20 12:34:10,566 [WARNING] fplmodel.fbref_data - FBRef request player-match-stats returned HTTP 500 (attempt 1/4); retrying after 6.5s...
2025-10-20 12:34:24,413 [WARNING] fplmodel.fbref_data - FBRef request player-match-stats returned HTTP 500 (attempt 2/4); retrying after 6.5s...
2025-10-20 12:34:38,125 [WARNING] fplmodel.fbref_data - FBRef request player-match-stats returned HTTP 500 (attempt 3/4); retrying after 6.5s...
2025-10-20 12:34:44,929 [WARNING] fplmodel.fbref_data - FBRef match stats unavailable for player 972aeb2a season 2022-2023: 500 Server Error: Internal Server Error for url: https://fbrapi.com/player-match-stats/?league_id=9&player_id=972aeb2a&season_id=2022-2023
2025-10-20 12:34:45,468 [WARNING] fplmodel.fbref_data - FBRef request player-match-stats returned HTTP 500 (attempt 1/4); retrying after 6.5s...
2025-10-20 12:34:52,359 [WARNING] fplmodel.fbref_data - FBRef request player-match-stats returned HTTP 500 (attempt 2/4); retrying after 6.5s...
2025-10-20 12:34:59,119 [WARNING] fplmodel.fbref_data - FBRef request player-match-stats returned HTTP 500 (attempt 3/4); retrying after 6.5s...
2025-10-20 12:35:12,870 [WARNING] fplmodel.fbref_data - FBRef match stats unavailable for player 972aeb2a season 2023-2024: 500 Server Error: Internal Server Error for url: https://fbrapi.com/player-match-stats/?league_id=9&player_id=972aeb2a&season_id=2023-2024
2025-10-20 12:35:13,320 [WARNING] fplmodel.fbref_data - FBRef request player-match-stats returned HTTP 500 (attempt 1/4); retrying after 6.5s...
2025-10-20 12:35:20,198 [WARNING] fplmodel.fbref_data - FBRef request player-match-stats returned HTTP 500 (attempt 2/4); retrying after 6.5s...
2025-10-20 12:35:27,007 [WARNING] fplmodel.fbref_data - FBRef request player-match-stats returned HTTP 500 (attempt 3/4); retrying after 6.5s...
2025-10-20 12:35:33,858 [WARNING] fplmodel.fbref_data - FBRef match stats unavailable for player 972aeb2a season 2024-2025: 500 Server Error: Internal Server Error for url: https://fbrapi.com/player-match-stats/?league_id=9&player_id=972aeb2a&season_id=2024-2025
2025-10-20 12:35:34,364 [WARNING] fplmodel.fbref_data - FBRef request player-match-stats returned HTTP 500 (attempt 1/4); retrying after 6.5s...
2025-10-20 12:35:48,067 [WARNING] fplmodel.fbref_data - FBRef request player-match-stats returned HTTP 500 (attempt 2/4); retrying after 6.5s...
2025-10-20 12:35:54,881 [WARNING] fplmodel.fbref_data - FBRef request player-match-stats returned HTTP 500 (attempt 3/4); retrying after 6.5s...
2025-10-20 12:36:01,680 [WARNING] fplmodel.fbref_data - FBRef match stats unavailable for player 972aeb2a season 2025-2026: 500 Server Error: Internal Server Error for url: https://fbrapi.com/player-match-stats/?league_id=9&player_id=972aeb2a&season_id=2025-2026
2025-10-20 12:36:02,128 [WARNING] fplmodel.fbref_data - FBRef request player-match-stats returned HTTP 500 (attempt 1/4); retrying after 6.5s...
2025-10-20 12:36:08,927 [WARNING] fplmodel.fbref_data - FBRef request player-match-stats returned HTTP 500 (attempt 2/4); retrying after 6.5s...
2025-10-20 12:36:15,790 [WARNING] fplmodel.fbref_data - FBRef request player-match-stats returned HTTP 500 (attempt 3/4); retrying after 6.5s...
2025-10-20 12:36:22,589 [WARNING] fplmodel.fbref_data - FBRef match stats unavailable for player aded8e6f season 2020-2021: 500 Server Error: Internal Server Error for url: https://fbrapi.com/player-match-stats/?league_id=9&player_id=aded8e6f&season_id=2020-2021
2025-10-20 12:36:23,035 [WARNING] fplmodel.fbref_data - FBRef request player-match-stats returned HTTP 500 (attempt 1/4); retrying after 6.5s...
2025-10-20 12:36:29,838 [WARNING] fplmodel.fbref_data - FBRef request player-match-stats returned HTTP 500 (attempt 2/4); retrying after 6.5s...
2025-10-20 12:36:36,922 [WARNING] fplmodel.fbref_data - FBRef request player-match-stats returned HTTP 500 (attempt 3/4); retrying after 6.5s...
2025-10-20 12:36:43,700 [WARNING] fplmodel.fbref_data - FBRef match stats unavailable for player aded8e6f season 2021-2022: 500 Server Error: Internal Server Error for url: https://fbrapi.com/player-match-stats/?league_id=9&player_id=aded8e6f&season_id=2021-2022
2025-10-20 12:36:44,148 [WARNING] fplmodel.fbref_data - FBRef request player-match-stats returned HTTP 500 (attempt 1/4); retrying after 6.5s...
2025-10-20 12:36:50,900 [WARNING] fplmodel.fbref_data - FBRef request player-match-stats returned HTTP 500 (attempt 2/4); retrying after 6.5s...
2025-10-20 12:36:57,741 [WARNING] fplmodel.fbref_data - FBRef request player-match-stats returned HTTP 500 (attempt 3/4); retrying after 6.5s...
2025-10-20 12:37:04,553 [WARNING] fplmodel.fbref_data - FBRef match stats unavailable for player aded8e6f season 2022-2023: 500 Server Error: Internal Server Error for url: https://fbrapi.com/player-match-stats/?league_id=9&player_id=aded8e6f&season_id=2022-2023
2025-10-20 12:37:04,985 [WARNING] fplmodel.fbref_data - FBRef request player-match-stats returned HTTP 500 (attempt 1/4); retrying after 6.5s...
2025-10-20 12:37:11,932 [WARNING] fplmodel.fbref_data - FBRef request player-match-stats returned HTTP 500 (attempt 2/4); retrying after 6.5s...
2025-10-20 12:37:19,205 [WARNING] fplmodel.fbref_data - FBRef request player-match-stats returned HTTP 500 (attempt 3/4); retrying after 6.5s...
2025-10-20 12:37:26,326 [WARNING] fplmodel.fbref_data - FBRef match stats unavailable for player aded8e6f season 2023-2024: 500 Server Error: Internal Server Error for url: https://fbrapi.com/player-match-stats/?league_id=9&player_id=aded8e6f&season_id=2023-2024
2025-10-20 12:37:26,790 [WARNING] fplmodel.fbref_data - FBRef request player-match-stats returned HTTP 500 (attempt 1/4); retrying after 6.5s...
2025-10-20 12:37:33,707 [WARNING] fplmodel.fbref_data - FBRef request player-match-stats returned HTTP 500 (attempt 2/4); retrying after 6.5s...
2025-10-20 12:37:40,544 [WARNING] fplmodel.fbref_data - FBRef request player-match-stats returned HTTP 500 (attempt 3/4); retrying after 6.5s...
2025-10-20 12:37:54,119 [WARNING] fplmodel.fbref_data - FBRef match stats unavailable for player aded8e6f season 2024-2025: 500 Server Error: Internal Server Error for url: https://fbrapi.com/player-match-stats/?league_id=9&player_id=aded8e6f&season_id=2024-2025
2025-10-20 12:37:54,637 [WARNING] fplmodel.fbref_data - FBRef request player-match-stats returned HTTP 500 (attempt 1/4); retrying after 6.5s...
2025-10-20 12:38:01,526 [WARNING] fplmodel.fbref_data - FBRef request player-match-stats returned HTTP 500 (attempt 2/4); retrying after 6.5s...
2025-10-20 12:38:08,394 [WARNING] fplmodel.fbref_data - FBRef request player-match-stats returned HTTP 500 (attempt 3/4); retrying after 6.5s...
2025-10-20 12:38:15,211 [WARNING] fplmodel.fbref_data - FBRef match stats unavailable for player aded8e6f season 2025-2026: 500 Server Error: Internal Server Error for url: https://fbrapi.com/player-match-stats/?league_id=9&player_id=aded8e6f&season_id=2025-2026
2025-10-20 12:38:15,636 [WARNING] fplmodel.fbref_data - FBRef request player-match-stats returned HTTP 500 (attempt 1/4); retrying after 6.5s...
2025-10-20 12:38:22,376 [WARNING] fplmodel.fbref_data - FBRef request player-match-stats returned HTTP 500 (attempt 2/4); retrying after 6.5s...
2025-10-20 12:38:29,163 [WARNING] fplmodel.fbref_data - FBRef request player-match-stats returned HTTP 500 (attempt 3/4); retrying after 6.5s...
2025-10-20 12:38:36,109 [WARNING] fplmodel.fbref_data - FBRef match stats unavailable for player 41034650 season 2020-2021: 500 Server Error: Internal Server Error for url: https://fbrapi.com/player-match-stats/?league_id=9&player_id=41034650&season_id=2020-2021
2025-10-20 12:38:36,488 [WARNING] fplmodel.fbref_data - FBRef request player-match-stats returned HTTP 500 (attempt 1/4); retrying after 6.5s...
2025-10-20 12:38:43,323 [WARNING] fplmodel.fbref_data - FBRef request player-match-stats returned HTTP 500 (attempt 2/4); retrying after 6.5s...
2025-10-20 12:38:50,093 [WARNING] fplmodel.fbref_data - FBRef request player-match-stats returned HTTP 500 (attempt 3/4); retrying after 6.5s...
2025-10-20 12:38:56,879 [WARNING] fplmodel.fbref_data - FBRef match stats unavailable for player 41034650 season 2021-2022: 500 Server Error: Internal Server Error for url: https://fbrapi.com/player-match-stats/?league_id=9&player_id=41034650&season_id=2021-2022
2025-10-20 12:38:57,358 [WARNING] fplmodel.fbref_data - FBRef request player-match-stats returned HTTP 500 (attempt 1/4); retrying after 6.5s...
2025-10-20 12:39:04,189 [WARNING] fplmodel.fbref_data - FBRef request player-match-stats returned HTTP 500 (attempt 2/4); retrying after 6.5s...
2025-10-20 12:39:10,928 [WARNING] fplmodel.fbref_data - FBRef request player-match-stats returned HTTP 500 (attempt 3/4); retrying after 6.5s...
2025-10-20 12:39:17,703 [WARNING] fplmodel.fbref_data - FBRef match stats unavailable for player 41034650 season 2022-2023: 500 Server Error: Internal Server Error for url: https://fbrapi.com/player-match-stats/?league_id=9&player_id=41034650&season_id=2022-2023
2025-10-20 12:39:18,182 [WARNING] fplmodel.fbref_data - FBRef request player-match-stats returned HTTP 500 (attempt 1/4); retrying after 6.5s...
2025-10-20 12:39:24,940 [WARNING] fplmodel.fbref_data - FBRef request player-match-stats returned HTTP 500 (attempt 2/4); retrying after 6.5s...
2025-10-20 12:39:31,742 [WARNING] fplmodel.fbref_data - FBRef request player-match-stats returned HTTP 500 (attempt 3/4); retrying after 6.5s...
2025-10-20 12:39:38,578 [WARNING] fplmodel.fbref_data - FBRef match stats unavailable for player 41034650 season 2023-2024: 500 Server Error: Internal Server Error for url: https://fbrapi.com/player-match-stats/?league_id=9&player_id=41034650&season_id=2023-2024
2025-10-20 12:39:39,012 [WARNING] fplmodel.fbref_data - FBRef request player-match-stats returned HTTP 500 (attempt 1/4); retrying after 6.5s...
2025-10-20 12:39:45,760 [WARNING] fplmodel.fbref_data - FBRef request player-match-stats returned HTTP 500 (attempt 2/4); retrying after 6.5s...
2025-10-20 12:39:52,534 [WARNING] fplmodel.fbref_data - FBRef request player-match-stats returned HTTP 500 (attempt 3/4); retrying after 6.5s...
2025-10-20 12:39:59,453 [WARNING] fplmodel.fbref_data - FBRef match stats unavailable for player 41034650 season 2024-2025: 500 Server Error: Internal Server Error for url: https://fbrapi.com/player-match-stats/?league_id=9&player_id=41034650&season_id=2024-2025
2025-10-20 12:39:59,852 [WARNING] fplmodel.fbref_data - FBRef request player-match-stats returned HTTP 500 (attempt 1/4); retrying after 6.5s...
2025-10-20 12:40:13,582 [WARNING] fplmodel.fbref_data - FBRef request player-match-stats returned HTTP 500 (attempt 2/4); retrying after 6.5s...
2025-10-20 12:40:20,379 [WARNING] fplmodel.fbref_data - FBRef request player-match-stats returned HTTP 500 (attempt 3/4); retrying after 6.5s...
2025-10-20 12:40:27,141 [WARNING] fplmodel.fbref_data - FBRef match stats unavailable for player 41034650 season 2025-2026: 500 Server Error: Internal Server Error for url: https://fbrapi.com/player-match-stats/?league_id=9&player_id=41034650&season_id=2025-2026
2025-10-20 12:40:27,595 [WARNING] fplmodel.fbref_data - FBRef request player-match-stats returned HTTP 500 (attempt 1/4); retrying after 6.5s...
2025-10-20 12:40:34,424 [WARNING] fplmodel.fbref_data - FBRef request player-match-stats returned HTTP 500 (attempt 2/4); retrying after 6.5s...
2025-10-20 12:40:41,175 [WARNING] fplmodel.fbref_data - FBRef request player-match-stats returned HTTP 500 (attempt 3/4); retrying after 6.5s...
2025-10-20 12:40:48,017 [WARNING] fplmodel.fbref_data - FBRef match stats unavailable for player dc3e663e season 2020-2021: 500 Server Error: Internal Server Error for url: https://fbrapi.com/player-match-stats/?league_id=9&player_id=dc3e663e&season_id=2020-2021
2025-10-20 12:40:48,431 [WARNING] fplmodel.fbref_data - FBRef request player-match-stats returned HTTP 500 (attempt 1/4); retrying after 6.5s...
2025-10-20 12:40:55,288 [WARNING] fplmodel.fbref_data - FBRef request player-match-stats returned HTTP 500 (attempt 2/4); retrying after 6.5s...
2025-10-20 12:41:02,220 [WARNING] fplmodel.fbref_data - FBRef request player-match-stats returned HTTP 500 (attempt 3/4); retrying after 6.5s...
2025-10-20 12:41:09,105 [WARNING] fplmodel.fbref_data - FBRef match stats unavailable for player dc3e663e season 2021-2022: 500 Server Error: Internal Server Error for url: https://fbrapi.com/player-match-stats/?league_id=9&player_id=dc3e663e&season_id=2021-2022
2025-10-20 12:41:09,483 [WARNING] fplmodel.fbref_data - FBRef request player-match-stats returned HTTP 500 (attempt 1/4); retrying after 6.5s...
2025-10-20 12:41:16,278 [WARNING] fplmodel.fbref_data - FBRef request player-match-stats returned HTTP 500 (attempt 2/4); retrying after 6.5s...
2025-10-20 12:41:23,091 [WARNING] fplmodel.fbref_data - FBRef request player-match-stats returned HTTP 500 (attempt 3/4); retrying after 6.5s...
2025-10-20 12:41:29,884 [WARNING] fplmodel.fbref_data - FBRef match stats unavailable for player dc3e663e season 2022-2023: 500 Server Error: Internal Server Error for url: https://fbrapi.com/player-match-stats/?league_id=9&player_id=dc3e663e&season_id=2022-2023
2025-10-20 12:41:30,288 [WARNING] fplmodel.fbref_data - FBRef request player-match-stats returned HTTP 500 (attempt 1/4); retrying after 6.5s...
2025-10-20 12:41:37,129 [WARNING] fplmodel.fbref_data - FBRef request player-match-stats returned HTTP 500 (attempt 2/4); retrying after 6.5s...
2025-10-20 12:41:43,927 [WARNING] fplmodel.fbref_data - FBRef request player-match-stats returned HTTP 500 (attempt 3/4); retrying after 6.5s...
2025-10-20 12:41:50,817 [WARNING] fplmodel.fbref_data - FBRef match stats unavailable for player dc3e663e season 2023-2024: 500 Server Error: Internal Server Error for url: https://fbrapi.com/player-match-stats/?league_id=9&player_id=dc3e663e&season_id=2023-2024
2025-10-20 12:41:51,267 [WARNING] fplmodel.fbref_data - FBRef request player-match-stats returned HTTP 500 (attempt 1/4); retrying after 6.5s...
2025-10-20 12:41:58,032 [WARNING] fplmodel.fbref_data - FBRef request player-match-stats returned HTTP 500 (attempt 2/4); retrying after 6.5s...
2025-10-20 12:42:04,829 [WARNING] fplmodel.fbref_data - FBRef request player-match-stats returned HTTP 500 (attempt 3/4); retrying after 6.5s...
2025-10-20 12:42:11,585 [WARNING] fplmodel.fbref_data - FBRef match stats unavailable for player dc3e663e season 2024-2025: 500 Server Error: Internal Server Error for url: https://fbrapi.com/player-match-stats/?league_id=9&player_id=dc3e663e&season_id=2024-2025
2025-10-20 12:42:12,012 [WARNING] fplmodel.fbref_data - FBRef request player-match-stats returned HTTP 500 (attempt 1/4); retrying after 6.5s...
2025-10-20 12:42:18,777 [WARNING] fplmodel.fbref_data - FBRef request player-match-stats returned HTTP 500 (attempt 2/4); retrying after 6.5s...
2025-10-20 12:42:25,528 [WARNING] fplmodel.fbref_data - FBRef request player-match-stats returned HTTP 500 (attempt 3/4); retrying after 6.5s...
2025-10-20 12:42:32,313 [WARNING] fplmodel.fbref_data - FBRef match stats unavailable for player dc3e663e season 2025-2026: 500 Server Error: Internal Server Error for url: https://fbrapi.com/player-match-stats/?league_id=9&player_id=dc3e663e&season_id=2025-2026
2025-10-20 12:42:32,708 [WARNING] fplmodel.fbref_data - FBRef request player-match-stats returned HTTP 500 (attempt 1/4); retrying after 6.5s...
2025-10-20 12:42:39,811 [WARNING] fplmodel.fbref_data - FBRef request player-match-stats returned HTTP 500 (attempt 2/4); retrying after 6.5s...
2025-10-20 12:42:46,785 [WARNING] fplmodel.fbref_data - FBRef request player-match-stats returned HTTP 500 (attempt 3/4); retrying after 6.5s...
2025-10-20 12:42:53,550 [WARNING] fplmodel.fbref_data - FBRef match stats unavailable for player 5dff6c28 season 2020-2021: 500 Server Error: Internal Server Error for url: https://fbrapi.com/player-match-stats/?league_id=9&player_id=5dff6c28&season_id=2020-2021
2025-10-20 12:42:53,979 [WARNING] fplmodel.fbref_data - FBRef request player-match-stats returned HTTP 500 (attempt 1/4); retrying after 6.5s...
2025-10-20 12:43:00,791 [WARNING] fplmodel.fbref_data - FBRef request player-match-stats returned HTTP 500 (attempt 2/4); retrying after 6.5s...
2025-10-20 12:43:07,587 [WARNING] fplmodel.fbref_data - FBRef request player-match-stats returned HTTP 500 (attempt 3/4); retrying after 6.5s...
2025-10-20 12:43:14,415 [WARNING] fplmodel.fbref_data - FBRef match stats unavailable for player 5dff6c28 season 2021-2022: 500 Server Error: Internal Server Error for url: https://fbrapi.com/player-match-stats/?league_id=9&player_id=5dff6c28&season_id=2021-2022
2025-10-20 12:43:15,133 [WARNING] fplmodel.fbref_data - FBRef request player-match-stats returned HTTP 500 (attempt 1/4); retrying after 6.5s...
2025-10-20 12:43:21,932 [WARNING] fplmodel.fbref_data - FBRef request player-match-stats returned HTTP 500 (attempt 2/4); retrying after 6.5s...
2025-10-20 12:43:28,990 [WARNING] fplmodel.fbref_data - FBRef request player-match-stats returned HTTP 500 (attempt 3/4); retrying after 6.5s...
2025-10-20 12:43:35,776 [WARNING] fplmodel.fbref_data - FBRef match stats unavailable for player 5dff6c28 season 2022-2023: 500 Server Error: Internal Server Error for url: https://fbrapi.com/player-match-stats/?league_id=9&player_id=5dff6c28&season_id=2022-2023
2025-10-20 12:43:36,336 [WARNING] fplmodel.fbref_data - FBRef request player-match-stats returned HTTP 500 (attempt 1/4); retrying after 6.5s...
2025-10-20 12:43:43,180 [WARNING] fplmodel.fbref_data - FBRef request player-match-stats returned HTTP 500 (attempt 2/4); retrying after 6.5s...
2025-10-20 12:43:49,999 [WARNING] fplmodel.fbref_data - FBRef request player-match-stats returned HTTP 500 (attempt 3/4); retrying after 6.5s...
2025-10-20 12:43:56,778 [WARNING] fplmodel.fbref_data - FBRef match stats unavailable for player 5dff6c28 season 2023-2024: 500 Server Error: Internal Server Error for url: https://fbrapi.com/player-match-stats/?league_id=9&player_id=5dff6c28&season_id=2023-2024
2025-10-20 12:44:04,089 [WARNING] fplmodel.fbref_data - FBRef request player-match-stats returned HTTP 500 (attempt 1/4); retrying after 6.5s...
2025-10-20 12:44:10,851 [WARNING] fplmodel.fbref_data - FBRef request player-match-stats returned HTTP 500 (attempt 2/4); retrying after 6.5s...
2025-10-20 12:44:17,667 [WARNING] fplmodel.fbref_data - FBRef request player-match-stats returned HTTP 500 (attempt 3/4); retrying after 6.5s...
2025-10-20 12:44:24,444 [WARNING] fplmodel.fbref_data - FBRef match stats unavailable for player 5dff6c28 season 2024-2025: 500 Server Error: Internal Server Error for url: https://fbrapi.com/player-match-stats/?league_id=9&player_id=5dff6c28&season_id=2024-2025
2025-10-20 12:44:24,888 [WARNING] fplmodel.fbref_data - FBRef request player-match-stats returned HTTP 500 (attempt 1/4); retrying after 6.5s...
2025-10-20 12:44:31,662 [WARNING] fplmodel.fbref_data - FBRef request player-match-stats returned HTTP 500 (attempt 2/4); retrying after 6.5s...
2025-10-20 12:44:45,374 [WARNING] fplmodel.fbref_data - FBRef request player-match-stats returned HTTP 500 (attempt 3/4); retrying after 6.5s...
2025-10-20 12:44:52,158 [WARNING] fplmodel.fbref_data - FBRef match stats unavailable for player 5dff6c28 season 2025-2026: 500 Server Error: Internal Server Error for url: https://fbrapi.com/player-match-stats/?league_id=9&player_id=5dff6c28&season_id=2025-2026
2025-10-20 12:44:52,594 [WARNING] fplmodel.fbref_data - FBRef request player-match-stats returned HTTP 500 (attempt 1/4); retrying after 6.5s...
2025-10-20 12:45:06,180 [WARNING] fplmodel.fbref_data - FBRef request player-match-stats returned HTTP 500 (attempt 2/4); retrying after 6.5s...
2025-10-20 12:45:12,953 [WARNING] fplmodel.fbref_data - FBRef request player-match-stats returned HTTP 500 (attempt 3/4); retrying after 6.5s...
2025-10-20 12:45:19,749 [WARNING] fplmodel.fbref_data - FBRef match stats unavailable for player 51cf8561 season 2020-2021: 500 Server Error: Internal Server Error for url: https://fbrapi.com/player-match-stats/?league_id=9&player_id=51cf8561&season_id=2020-2021
2025-10-20 12:45:20,201 [WARNING] fplmodel.fbref_data - FBRef request player-match-stats returned HTTP 500 (attempt 1/4); retrying after 6.5s...
2025-10-20 12:45:26,959 [WARNING] fplmodel.fbref_data - FBRef request player-match-stats returned HTTP 500 (attempt 2/4); retrying after 6.5s...
2025-10-20 12:45:33,719 [WARNING] fplmodel.fbref_data - FBRef request player-match-stats returned HTTP 500 (attempt 3/4); retrying after 6.5s...
2025-10-20 12:45:40,652 [WARNING] fplmodel.fbref_data - FBRef match stats unavailable for player 51cf8561 season 2021-2022: 500 Server Error: Internal Server Error for url: https://fbrapi.com/player-match-stats/?league_id=9&player_id=51cf8561&season_id=2021-2022
2025-10-20 12:45:41,598 [WARNING] fplmodel.fbref_data - FBRef request player-match-stats returned HTTP 500 (attempt 1/4); retrying after 6.5s...
2025-10-20 12:45:48,450 [WARNING] fplmodel.fbref_data - FBRef request player-match-stats returned HTTP 500 (attempt 2/4); retrying after 6.5s...
2025-10-20 12:45:55,347 [WARNING] fplmodel.fbref_data - FBRef request player-match-stats returned HTTP 500 (attempt 3/4); retrying after 6.5s...
2025-10-20 12:46:02,257 [WARNING] fplmodel.fbref_data - FBRef match stats unavailable for player 51cf8561 season 2022-2023: 500 Server Error: Internal Server Error for url: https://fbrapi.com/player-match-stats/?league_id=9&player_id=51cf8561&season_id=2022-2023
2025-10-20 12:46:02,701 [WARNING] fplmodel.fbref_data - FBRef request player-match-stats returned HTTP 500 (attempt 1/4); retrying after 6.5s...
2025-10-20 12:46:09,459 [WARNING] fplmodel.fbref_data - FBRef request player-match-stats returned HTTP 500 (attempt 2/4); retrying after 6.5s...
2025-10-20 12:46:16,224 [WARNING] fplmodel.fbref_data - FBRef request player-match-stats returned HTTP 500 (attempt 3/4); retrying after 6.5s...
2025-10-20 12:46:23,058 [WARNING] fplmodel.fbref_data - FBRef match stats unavailable for player 51cf8561 season 2023-2024: 500 Server Error: Internal Server Error for url: https://fbrapi.com/player-match-stats/?league_id=9&player_id=51cf8561&season_id=2023-2024
2025-10-20 12:46:30,275 [WARNING] fplmodel.fbref_data - FBRef request player-match-stats returned HTTP 500 (attempt 1/4); retrying after 6.5s...
