2025-11-04 13:19:06,439 [INFO] fplmodel - Logging initialised. Writing to /Users/kyle/Documents/FPL-Prediction/logs/run_20251104_131906.log
2025-11-04 13:19:06,439 [INFO] fplmodel - Starting pipeline run (force_refetch=False)
2025-11-04 13:19:06,439 [INFO] fplmodel - Fetching bootstrap static data...
2025-11-04 13:19:06,457 [INFO] fplmodel - Fetching bootstrap static data completed in 0.02s
2025-11-04 13:19:06,457 [INFO] fplmodel - Fetching fixtures data...
2025-11-04 13:19:06,461 [INFO] fplmodel - Fetching fixtures data completed in 0.00s
2025-11-04 13:19:06,461 [INFO] fplmodel - Normalising bootstrap data...
2025-11-04 13:19:06,470 [INFO] fplmodel - Normalising bootstrap data completed in 0.01s
2025-11-04 13:19:06,470 [INFO] fplmodel - Loaded normalised frames: 748 elements, 20 teams, 38 events
2025-11-04 13:19:06,471 [INFO] fplmodel - Gameweek override applied -> next_gw=14 | last_finished_gw=13
2025-11-04 13:19:06,471 [INFO] fplmodel - Next gameweek: 14 | Last finished gameweek: 13
2025-11-04 13:19:06,471 [INFO] fplmodel - Renaming log file to highlight gameweek 14
2025-11-04 13:19:06,471 [INFO] fplmodel - Log file renamed to /Users/kyle/Documents/FPL-Prediction/logs/run_gw14_20251104_131906.log
2025-11-04 13:19:06,471 [INFO] fplmodel - Fetching player histories for 748 players (force_refetch=False)...
2025-11-04 13:19:07,149 [INFO] fplmodel - Fetching player histories for 748 players (force_refetch=False) completed in 0.68s
2025-11-04 13:19:07,150 [INFO] fplmodel - Loading 748 player history files from /Users/kyle/Documents/FPL-Prediction/data/raw
2025-11-04 13:19:07,150 [INFO] fplmodel - Collating player history JSON into dataframe...
2025-11-04 13:19:07,424 [INFO] fplmodel - Collating player history JSON into dataframe completed in 0.27s
2025-11-04 13:19:07,652 [INFO] fplmodel - Built player histories dataframe with 43866 rows
2025-11-04 13:19:07,652 [INFO] fplmodel - Loading external history data...
2025-11-04 13:19:08,431 [INFO] fplmodel - Loading external history data completed in 0.78s
2025-11-04 13:19:08,477 [INFO] fplmodel - Loaded 131051 external history rows for seasons 2020-21, 2021-22, 2022-23, 2023-24, 2024-25
2025-11-04 13:19:08,557 [INFO] fplmodel - Combined history dataset now has 171308 rows
2025-11-04 13:19:08,558 [INFO] fplmodel - Building training and prediction feature frames...
2025-11-04 13:19:12,217 [INFO] fplmodel - Building training and prediction feature frames completed in 3.66s
2025-11-04 13:19:12,217 [INFO] fplmodel - Prepared features: X_train=(79467, 156), y_train=79467, X_pred=(748, 163)
2025-11-04 13:19:12,220 [INFO] fplmodel - Training models with 156 features
2025-11-04 13:19:12,220 [INFO] fplmodel - Training feature columns: total_points_ma5, minutes_ma5, goals_scored_ma5, assists_ma5, clean_sheets_ma5, influence_ma5, creativity_ma5, threat_ma5, ict_index_ma5, goals_conceded_ma5, own_goals_ma5, penalties_saved_ma5, penalties_missed_ma5, yellow_cards_ma5, red_cards_ma5, saves_ma5, bonus_ma5, bps_ma5, clearances_blocks_interceptions_ma5, recoveries_ma5, tackles_ma5, defensive_contribution_ma5, starts_ma5, expected_goals_ma5, expected_assists_ma5, expected_goal_involvements_ma5, expected_goals_conceded_ma5, value_ma5, transfers_balance_ma5, selected_ma5, transfers_in_ma5, transfers_out_ma5, attacking_returns_ma5, finishing_plus_minus_ma5, finishing_ratio_ma5, creation_plus_minus_ma5, creation_ratio_ma5, xgi_plus_minus_ma5, minutes_share_ma5, points_per_90_ma5, tackles_plus_interceptions_ma5, defensive_actions_ma5, total_points_lag1, minutes_lag1, goals_scored_lag1, assists_lag1, clean_sheets_lag1, influence_lag1, creativity_lag1, threat_lag1, ict_index_lag1, goals_conceded_lag1, own_goals_lag1, penalties_saved_lag1, penalties_missed_lag1, yellow_cards_lag1, red_cards_lag1, saves_lag1, bonus_lag1, bps_lag1, clearances_blocks_interceptions_lag1, recoveries_lag1, tackles_lag1, defensive_contribution_lag1, starts_lag1, expected_goals_lag1, expected_assists_lag1, expected_goal_involvements_lag1, expected_goals_conceded_lag1, value_lag1, transfers_balance_lag1, selected_lag1, transfers_in_lag1, transfers_out_lag1, attacking_returns_lag1, finishing_plus_minus_lag1, finishing_ratio_lag1, creation_plus_minus_lag1, creation_ratio_lag1, xgi_plus_minus_lag1, minutes_share_lag1, points_per_90_lag1, tackles_plus_interceptions_lag1, defensive_actions_lag1, team_goals_for_ma5, team_goals_against_ma5, team_goal_diff_ma5, team_clean_sheet_ma5, team_conceded_two_plus_ma5, team_match_points_ma5, opp_team_goals_for_ma5, opp_team_goals_against_ma5, opp_team_goal_diff_ma5, opp_team_clean_sheet_ma5, opp_team_conceded_two_plus_ma5, opp_team_match_points_ma5, was_home, team_strength_overall, team_strength_home, team_strength_away, team_attack_home, team_attack_away, team_def_home, team_def_away, team_form_rating, team_points_table, team_league_position, team_matches_played, team_wins, team_draws, team_losses, opp_strength_overall, opp_strength_home, opp_strength_away, opp_attack_home, opp_attack_away, opp_def_home, opp_def_away, opp_form_rating, opp_points_table, opp_league_position, opp_matches_played, opp_wins, opp_draws, opp_losses, form, points_per_game, value_form, value_season, selected_by_percent, expected_goals_per_90, expected_assists_per_90, expected_goal_involvements_per_90, expected_goals_conceded_per_90, goals_conceded_per_90, saves_per_90, starts_per_90, clean_sheets_per_90, defensive_contribution_per_90, availability_this_round, availability_next_round, status_availability, status_injury_flag, injury_risk_flag, corners_and_indirect_freekicks_order, direct_freekicks_order, penalties_order, has_corners_duty, primary_corners_taker, has_direct_fk_duty, primary_direct_fk_taker, has_penalty_duty, primary_penalty_taker, set_piece_duty_score, player_bias, pos_bias
2025-11-04 13:19:12,220 [INFO] fplmodel - Training prediction models...
2025-11-04 13:19:12,325 [INFO] fplmodel.model - Season sample weights applied: 2020-21: 0.25, 2021-22: 0.25, 2022-23: 0.34, 2023-24: 0.49, 2024-25: 0.70, 2025-26: 1.00
2025-11-04 13:19:12,325 [INFO] fplmodel.model - Using TimeSeriesSplit with 3 folds for hyperparameter tuning.
2025-11-04 13:19:44,731 [INFO] fplmodel.model - Best classifier[hist_gbdt] params from tuning: {'est__min_samples_leaf': 20, 'est__max_iter': 350, 'est__max_depth': 4, 'est__learning_rate': 0.04, 'est__l2_regularization': 0.1} (score=1.0000)
2025-11-04 13:20:25,018 [INFO] fplmodel.model - Best regressor[hist_gbdt] params from tuning: {'est__min_samples_leaf': 30, 'est__max_iter': 250, 'est__max_depth': None, 'est__learning_rate': 0.06, 'est__l2_regularization': 0.05} (score=-1.0369)
2025-11-04 13:20:25,019 [INFO] fplmodel.model - Candidate Histogram Gradient Boosting | classifier=1.0000 ± 0.0000 ↑ | regressor=1.0369 ± 0.0760 ↓
2025-11-04 13:21:52,234 [INFO] fplmodel.model - Best classifier[random_forest] params from tuning: {'est__n_estimators': 200, 'est__min_samples_split': 6, 'est__min_samples_leaf': 4, 'est__max_features': 'sqrt', 'est__max_depth': None} (score=1.0000)
2025-11-04 13:36:22,972 [INFO] fplmodel.model - Best regressor[random_forest] params from tuning: {'est__n_estimators': 600, 'est__min_samples_split': 6, 'est__min_samples_leaf': 4, 'est__max_features': 0.7, 'est__max_depth': 20} (score=-1.0285)
2025-11-04 13:36:22,973 [INFO] fplmodel.model - Candidate Random Forest | classifier=1.0000 ± 0.0000 ↑ | regressor=1.0285 ± 0.0449 ↓
2025-11-04 13:37:11,141 [INFO] fplmodel.model - Best classifier[neural_network] params from tuning: {'est__learning_rate_init': 0.003, 'est__hidden_layer_sizes': (128, 64), 'est__beta_1': 0.9, 'est__alpha': 0.0001} (score=0.9983)
2025-11-04 13:37:51,152 [INFO] fplmodel.model - Best regressor[neural_network] params from tuning: {'est__learning_rate_init': 0.003, 'est__hidden_layer_sizes': (128, 128, 64), 'est__beta_1': 0.9, 'est__alpha': 0.001} (score=-1.0866)
2025-11-04 13:37:51,153 [INFO] fplmodel.model - Candidate Neural Network (MLP) | classifier=0.9983 ± 0.0010 ↑ | regressor=1.0866 ± 0.1498 ↓
2025-11-04 13:37:51,155 [INFO] fplmodel.model - Saved model selection summary to /Users/kyle/Documents/FPL-Prediction/models/model_selection_summary.csv
2025-11-04 13:37:51,155 [INFO] fplmodel.model - Selected classifier model: Histogram Gradient Boosting (balanced_accuracy=1.0000 ± 0.0000 ↑)
2025-11-04 13:37:51,155 [INFO] fplmodel.model - Selected regressor model: Random Forest (MAE=1.0285 ± 0.0449 ↓)
2025-11-04 13:40:00,942 [INFO] fplmodel.model - Classifier (histogram gradient boosting) feature selector dropped 39 column(s): availability_next_round, bps_lag1, bps_ma5, creation_plus_minus_lag1, creation_plus_minus_ma5, defensive_actions_lag1, defensive_actions_ma5, expected_goal_involvements_lag1, expected_goal_involvements_ma5, expected_goal_involvements_per_90, ... (+29 more)
2025-11-04 13:40:00,943 [INFO] fplmodel.model - Regressor (random forest) feature selector dropped 39 column(s): availability_next_round, bps_lag1, bps_ma5, creation_plus_minus_lag1, creation_plus_minus_ma5, defensive_actions_lag1, defensive_actions_ma5, expected_goal_involvements_lag1, expected_goal_involvements_ma5, expected_goal_involvements_per_90, ... (+29 more)
2025-11-04 13:40:00,943 [INFO] fplmodel.model - Final model selection: classifier=Histogram Gradient Boosting | regressor=Random Forest
2025-11-04 13:40:01,123 [INFO] fplmodel - Training prediction models completed in 1248.92s
2025-11-04 13:40:01,252 [INFO] fplmodel - Top feature weights for regressor: total_points_lag1: 0.2648, total_points_ma5: 0.1598, recoveries_lag1: 0.0639, defensive_contribution_lag1: 0.0358, points_per_90_lag1: 0.0343, player_bias: 0.0240, minutes_ma5: 0.0226, bonus_lag1: 0.0150, selected_lag1: 0.0129, team_conceded_two_plus_ma5: 0.0125, bonus_ma5: 0.0119, value_ma5: 0.0104, selected_ma5: 0.0094, transfers_balance_lag1: 0.0092, transfers_balance_ma5: 0.0087
2025-11-04 13:40:01,252 [INFO] fplmodel - Estimator HistGradientBoostingClassifier for classifier does not expose feature_importances_; skipping logging.
2025-11-04 13:40:01,252 [INFO] fplmodel - Model training complete; fitted 3 candidate pair(s).
2025-11-04 13:40:01,252 [INFO] fplmodel - Generating next gameweek predictions...
2025-11-04 13:40:01,440 [INFO] fplmodel - Generating next gameweek predictions completed in 0.19s
2025-11-04 13:40:01,441 [INFO] fplmodel - Generated ensemble predictions for 748 players using 3 model(s): Histogram Gradient Boosting, Random Forest, Neural Network (MLP)
2025-11-04 13:40:01,443 [INFO] fplmodel - Applied fixture multipliers; average EP now 1.75
2025-11-04 13:40:01,443 [INFO] fplmodel - Top 5 expected point predictions (ensemble): Martin Ødegaard (10.33); Ryan Sessegnon (9.90); James Trafford (8.66); Curtis Jones (8.08); Michael Kayode (7.32)
2025-11-04 13:40:01,443 [INFO] fplmodel - Evaluating last finished gameweek residuals...
2025-11-04 13:40:01,536 [INFO] fplmodel - Evaluating last finished gameweek residuals completed in 0.09s
2025-11-04 13:40:01,536 [INFO] fplmodel - Residuals computed for 3266 players in GW 13
2025-11-04 13:40:01,536 [INFO] fplmodel - Selecting best XI from 748 candidates
2025-11-04 13:40:01,536 [INFO] fplmodel - Optimising best XI selection...
2025-11-04 13:40:02,397 [INFO] fplmodel - Optimising best XI selection completed in 0.86s
2025-11-04 13:40:02,397 [INFO] fplmodel - Selected squad: total cost 91.6M | starting cost 62.2M | bench cost 29.4M
2025-11-04 13:40:02,397 [INFO] fplmodel - Projected points: XI 72.85 | Captain included 83.19 | Bench 14.41
2025-11-04 13:40:02,397 [INFO] fplmodel - Captain: Martin Ødegaard
2025-11-04 13:40:02,397 [INFO] fplmodel - XI | James Trafford (Man City) - 8.66 pts | 4.7M
2025-11-04 13:40:02,398 [INFO] fplmodel - XI | Michael Kayode (Brentford) - 7.32 pts | 4.5M
2025-11-04 13:40:02,398 [INFO] fplmodel - XI | Jorge Cuenca Barreno (Fulham) - 4.04 pts | 4.4M
2025-11-04 13:40:02,398 [INFO] fplmodel - XI | Marc Guéhi (Crystal Palace) - 3.88 pts | 5.0M
2025-11-04 13:40:02,398 [INFO] fplmodel - XI | Martin Ødegaard (Arsenal) - 10.33 pts | 7.8M
2025-11-04 13:40:02,398 [INFO] fplmodel - XI | Ryan Sessegnon (Fulham) - 9.90 pts | 5.4M
2025-11-04 13:40:02,398 [INFO] fplmodel - XI | Curtis Jones (Liverpool) - 8.08 pts | 5.4M
2025-11-04 13:40:02,398 [INFO] fplmodel - XI | Alejandro Garnacho Ferreyra (Chelsea) - 5.11 pts | 6.4M
2025-11-04 13:40:02,398 [INFO] fplmodel - XI | Dango Ouattara (Brentford) - 4.76 pts | 6.0M
2025-11-04 13:40:02,398 [INFO] fplmodel - XI | Norberto Bercique Gomes Betuncal (Everton) - 6.91 pts | 5.2M
2025-11-04 13:40:02,398 [INFO] fplmodel - XI | João Pedro Junqueira de Jesus (Chelsea) - 3.86 pts | 7.4M
2025-11-04 13:40:02,398 [INFO] fplmodel - Bench 1 | Jurriën Timber (Arsenal) - 3.67 pts
2025-11-04 13:40:02,398 [INFO] fplmodel - Bench 2 | Erling Haaland (Man City) - 3.62 pts
2025-11-04 13:40:02,398 [INFO] fplmodel - Bench 3 | Jayden Bogle (Leeds) - 3.60 pts
2025-11-04 13:40:02,398 [INFO] fplmodel - Bench 4 | Kjell Scherpen (Brighton) - 3.51 pts
2025-11-04 13:40:02,404 [INFO] fplmodel - Predictions saved to /Users/kyle/Documents/FPL-Prediction/outputs/predictions_gw14.csv
2025-11-04 13:40:02,405 [INFO] fplmodel - Starting XI saved to /Users/kyle/Documents/FPL-Prediction/outputs/starting_xi_gw14.csv
2025-11-04 13:40:02,405 [INFO] fplmodel - Bench saved to /Users/kyle/Documents/FPL-Prediction/outputs/bench_gw14.csv
2025-11-04 13:40:02,406 [INFO] fplmodel - Best XI JSON saved to /Users/kyle/Documents/FPL-Prediction/outputs/best_xi_gw14.json
2025-11-04 13:40:02,406 [INFO] fplmodel - Rendering best XI graphic...
2025-11-04 13:40:02,552 [INFO] fplmodel - Rendering best XI graphic completed in 0.15s
2025-11-04 13:40:02,552 [INFO] fplmodel - Best XI graphic generated at /Users/kyle/Documents/FPL-Prediction/outputs/best_xi_gw14.png
2025-11-04 13:40:02,557 [INFO] fplmodel - Residuals saved to /Users/kyle/Documents/FPL-Prediction/outputs/residuals_gw13.csv
2025-11-04 13:40:02,557 [INFO] fplmodel - Pipeline complete for GW 14
