2025-10-16 15:22:05,985 [INFO] fplmodel - Logging initialised. Writing to /Users/kyle/Documents/FPL-Prediction/logs/run_20251016_152205.log
2025-10-16 15:22:05,985 [INFO] fplmodel - Starting pipeline run (force_refetch=False)
2025-10-16 15:22:05,985 [INFO] fplmodel - Fetching bootstrap static data...
2025-10-16 15:22:06,003 [INFO] fplmodel - Fetching fixtures data...
2025-10-16 15:22:06,018 [INFO] fplmodel - Loaded normalised frames: 743 elements, 20 teams, 38 events
2025-10-16 15:22:06,018 [INFO] fplmodel - Gameweek override applied -> next_gw=11 | last_finished_gw=10
2025-10-16 15:22:06,018 [INFO] fplmodel - Next gameweek: 11 | Last finished gameweek: 10
2025-10-16 15:22:06,018 [INFO] fplmodel - Renaming log file to highlight gameweek 11
2025-10-16 15:22:06,019 [INFO] fplmodel - Log file renamed to /Users/kyle/Documents/FPL-Prediction/logs/run_gw11_20251016_152205.log
2025-10-16 15:22:06,019 [INFO] fplmodel - Fetching player histories for 743 players (force_refetch=False)
2025-10-16 15:22:06,600 [INFO] fplmodel - Loading 743 player history files from /Users/kyle/Documents/FPL-Prediction/data/raw
2025-10-16 15:22:07,008 [INFO] fplmodel - Built player histories dataframe with 30438 rows
2025-10-16 15:22:07,964 [INFO] fplmodel - Loaded 130764 external history rows for seasons 2020-21, 2021-22, 2022-23, 2023-24, 2024-25
2025-10-16 15:22:08,039 [INFO] fplmodel - Combined history dataset now has 158552 rows
2025-10-16 15:22:11,990 [INFO] fplmodel - Prepared features: X_train=(57502, 151), y_train=57502, X_pred=(743, 158)
2025-10-16 15:22:11,992 [INFO] fplmodel - Training models with 151 features
2025-10-16 15:22:11,992 [INFO] fplmodel - Training feature columns: total_points_ma4, minutes_ma4, goals_scored_ma4, assists_ma4, clean_sheets_ma4, influence_ma4, creativity_ma4, threat_ma4, ict_index_ma4, goals_conceded_ma4, own_goals_ma4, penalties_saved_ma4, penalties_missed_ma4, yellow_cards_ma4, red_cards_ma4, saves_ma4, bonus_ma4, bps_ma4, clearances_blocks_interceptions_ma4, recoveries_ma4, tackles_ma4, defensive_contribution_ma4, starts_ma4, expected_goals_ma4, expected_assists_ma4, expected_goal_involvements_ma4, expected_goals_conceded_ma4, value_ma4, transfers_balance_ma4, selected_ma4, transfers_in_ma4, transfers_out_ma4, attacking_returns_ma4, finishing_plus_minus_ma4, finishing_ratio_ma4, creation_plus_minus_ma4, creation_ratio_ma4, xgi_plus_minus_ma4, minutes_share_ma4, points_per_90_ma4, tackles_plus_interceptions_ma4, defensive_actions_ma4, total_points_lag1, minutes_lag1, goals_scored_lag1, assists_lag1, clean_sheets_lag1, influence_lag1, creativity_lag1, threat_lag1, ict_index_lag1, goals_conceded_lag1, own_goals_lag1, penalties_saved_lag1, penalties_missed_lag1, yellow_cards_lag1, red_cards_lag1, saves_lag1, bonus_lag1, bps_lag1, clearances_blocks_interceptions_lag1, recoveries_lag1, tackles_lag1, defensive_contribution_lag1, starts_lag1, expected_goals_lag1, expected_assists_lag1, expected_goal_involvements_lag1, expected_goals_conceded_lag1, value_lag1, transfers_balance_lag1, selected_lag1, transfers_in_lag1, transfers_out_lag1, attacking_returns_lag1, finishing_plus_minus_lag1, finishing_ratio_lag1, creation_plus_minus_lag1, creation_ratio_lag1, xgi_plus_minus_lag1, minutes_share_lag1, points_per_90_lag1, tackles_plus_interceptions_lag1, defensive_actions_lag1, team_goals_for_ma4, team_goals_against_ma4, team_goal_diff_ma4, team_clean_sheet_ma4, team_conceded_two_plus_ma4, team_match_points_ma4, opp_team_goals_for_ma4, opp_team_goals_against_ma4, opp_team_goal_diff_ma4, opp_team_clean_sheet_ma4, opp_team_conceded_two_plus_ma4, opp_team_match_points_ma4, was_home, team_strength_overall, team_strength_home, team_strength_away, team_attack_home, team_attack_away, team_def_home, team_def_away, team_form_rating, team_points_table, team_league_position, team_matches_played, team_wins, team_draws, team_losses, opp_strength_overall, opp_strength_home, opp_strength_away, opp_attack_home, opp_attack_away, opp_def_home, opp_def_away, opp_form_rating, opp_points_table, opp_league_position, opp_matches_played, opp_wins, opp_draws, opp_losses, form, points_per_game, value_form, value_season, selected_by_percent, expected_goals_per_90, expected_assists_per_90, expected_goal_involvements_per_90, expected_goals_conceded_per_90, goals_conceded_per_90, saves_per_90, starts_per_90, clean_sheets_per_90, defensive_contribution_per_90, corners_and_indirect_freekicks_order, direct_freekicks_order, penalties_order, has_corners_duty, primary_corners_taker, has_direct_fk_duty, primary_direct_fk_taker, has_penalty_duty, primary_penalty_taker, set_piece_duty_score, player_bias, pos_bias
2025-10-16 15:22:45,395 [INFO] fplmodel.model - Best classifier[hist_gbdt] params from tuning: {'est__min_samples_leaf': 20, 'est__max_iter': 350, 'est__max_depth': 4, 'est__learning_rate': 0.04, 'est__l2_regularization': 0.1} (score=1.0000)
2025-10-16 15:23:28,827 [INFO] fplmodel.model - Best regressor[hist_gbdt] params from tuning: {'est__min_samples_leaf': 40, 'est__max_iter': 350, 'est__max_depth': 4, 'est__learning_rate': 0.06, 'est__l2_regularization': 0.1} (score=-1.0831)
2025-10-16 15:23:28,828 [INFO] fplmodel.model - Candidate Histogram Gradient Boosting | classifier=1.0000 ± 0.0000 ↑ | regressor=1.0831 ± 0.0936 ↓
2025-10-16 15:25:01,145 [INFO] fplmodel.model - Best classifier[random_forest] params from tuning: {'est__n_estimators': 200, 'est__min_samples_split': 6, 'est__min_samples_leaf': 4, 'est__max_features': 'sqrt', 'est__max_depth': None} (score=1.0000)
2025-10-16 15:38:40,946 [INFO] fplmodel.model - Best regressor[random_forest] params from tuning: {'est__n_estimators': 600, 'est__min_samples_split': 4, 'est__min_samples_leaf': 1, 'est__max_features': 0.7, 'est__max_depth': 10} (score=-1.0974)
2025-10-16 15:38:40,948 [INFO] fplmodel.model - Candidate Random Forest | classifier=1.0000 ± 0.0000 ↑ | regressor=1.0974 ± 0.0934 ↓
2025-10-16 15:39:33,102 [INFO] fplmodel.model - Best classifier[neural_network] params from tuning: {'est__learning_rate_init': 0.003, 'est__hidden_layer_sizes': (256, 128), 'est__beta_1': 0.95, 'est__alpha': 0.0001} (score=0.9967)
2025-10-16 15:40:13,612 [INFO] fplmodel.model - Best regressor[neural_network] params from tuning: {'est__learning_rate_init': 0.003, 'est__hidden_layer_sizes': (256, 128), 'est__beta_1': 0.95, 'est__alpha': 0.0001} (score=-1.1298)
2025-10-16 15:40:13,613 [INFO] fplmodel.model - Candidate Neural Network (MLP) | classifier=0.9967 ± 0.0003 ↑ | regressor=1.1298 ± 0.1313 ↓
2025-10-16 15:40:13,614 [INFO] fplmodel.model - Saved model selection summary to /Users/kyle/Documents/FPL-Prediction/models/model_selection_summary.csv
2025-10-16 15:40:13,614 [INFO] fplmodel.model - Selected classifier model: Histogram Gradient Boosting (balanced_accuracy=1.0000 ± 0.0000 ↑)
2025-10-16 15:40:13,614 [INFO] fplmodel.model - Selected regressor model: Histogram Gradient Boosting (MAE=1.0831 ± 0.0936 ↓)
2025-10-16 15:41:26,712 [INFO] fplmodel.model - Classifier (histogram gradient boosting) feature selector dropped 39 column(s): bps_lag1, bps_ma4, creation_plus_minus_lag1, creation_plus_minus_ma4, defensive_actions_lag1, defensive_actions_ma4, expected_goal_involvements_lag1, expected_goal_involvements_ma4, expected_goal_involvements_per_90, minutes_share_lag1, ... (+29 more)
2025-10-16 15:41:26,713 [INFO] fplmodel.model - Regressor (histogram gradient boosting) feature selector dropped 39 column(s): bps_lag1, bps_ma4, creation_plus_minus_lag1, creation_plus_minus_ma4, defensive_actions_lag1, defensive_actions_ma4, expected_goal_involvements_lag1, expected_goal_involvements_ma4, expected_goal_involvements_per_90, minutes_share_lag1, ... (+29 more)
2025-10-16 15:41:26,713 [INFO] fplmodel.model - Final model selection: classifier=Histogram Gradient Boosting | regressor=Histogram Gradient Boosting
2025-10-16 15:41:26,775 [INFO] fplmodel - Estimator HistGradientBoostingRegressor for regressor does not expose feature_importances_; skipping logging.
2025-10-16 15:41:26,775 [INFO] fplmodel - Estimator HistGradientBoostingClassifier for classifier does not expose feature_importances_; skipping logging.
2025-10-16 15:41:26,775 [INFO] fplmodel - Model training complete; fitted 3 candidate pair(s).
2025-10-16 15:41:26,950 [INFO] fplmodel - Generated ensemble predictions for 743 players using 3 model(s): Histogram Gradient Boosting, Random Forest, Neural Network (MLP)
2025-10-16 15:41:26,952 [INFO] fplmodel - Applied fixture multipliers; average EP now 1.71
2025-10-16 15:41:26,953 [INFO] fplmodel - Top 5 expected point predictions (ensemble): Antoine Semenyo (11.13); Gianluigi Donnarumma (6.62); Erling Haaland (6.00); Idrissa Gana Gueye (5.90); Ferdi Kadıoğlu (5.75)
2025-10-16 15:41:27,050 [INFO] fplmodel - Residuals computed for 3272 players in GW 10
2025-10-16 15:41:27,050 [INFO] fplmodel - Selecting best XI from 743 candidates
2025-10-16 15:41:27,957 [INFO] fplmodel - Selected squad: total cost 96.3M | starting cost 75.0M | bench cost 21.3M
2025-10-16 15:41:27,958 [INFO] fplmodel - Projected points: XI 64.34 | Captain included 75.48 | Bench 15.72
2025-10-16 15:41:27,963 [INFO] fplmodel - Captain: Antoine Semenyo
2025-10-16 15:41:27,963 [INFO] fplmodel - XI | Gianluigi Donnarumma (Man City) - 6.62 pts | 5.7M
2025-10-16 15:41:27,964 [INFO] fplmodel - XI | Ferdi Kadıoğlu (Brighton) - 5.75 pts | 4.4M
2025-10-16 15:41:27,964 [INFO] fplmodel - XI | Matthijs de Ligt (Man Utd) - 5.12 pts | 5.0M
2025-10-16 15:41:27,964 [INFO] fplmodel - XI | Dan Burn (Newcastle) - 4.91 pts | 5.1M
2025-10-16 15:41:27,964 [INFO] fplmodel - XI | William Saliba (Arsenal) - 4.85 pts | 6.0M
2025-10-16 15:41:27,964 [INFO] fplmodel - XI | Antoine Semenyo (Bournemouth) - 11.13 pts | 7.9M
2025-10-16 15:41:27,964 [INFO] fplmodel - XI | Idrissa Gana Gueye (Everton) - 5.90 pts | 5.4M
2025-10-16 15:41:27,964 [INFO] fplmodel - XI | Ryan Sessegnon (Fulham) - 5.35 pts | 5.4M
2025-10-16 15:41:27,964 [INFO] fplmodel - XI | Jack Grealish (Everton) - 3.96 pts | 6.9M
2025-10-16 15:41:27,964 [INFO] fplmodel - XI | Erling Haaland (Man City) - 6.00 pts | 14.5M
2025-10-16 15:41:27,964 [INFO] fplmodel - XI | Hugo Ekitiké (Liverpool) - 4.76 pts | 8.7M
2025-10-16 15:41:27,964 [INFO] fplmodel - Bench 1 | Chris Richards (Crystal Palace) - 4.41 pts
2025-10-16 15:41:27,964 [INFO] fplmodel - Bench 2 | Carlos Henrique Casimiro (Man Utd) - 4.21 pts
2025-10-16 15:41:27,964 [INFO] fplmodel - Bench 3 | Danny Welbeck (Brighton) - 3.37 pts
2025-10-16 15:41:27,964 [INFO] fplmodel - Bench 4 | Senne Lammens (Man Utd) - 3.73 pts
2025-10-16 15:41:27,972 [INFO] fplmodel - Predictions saved to /Users/kyle/Documents/FPL-Prediction/outputs/predictions_gw11.csv
2025-10-16 15:41:27,973 [INFO] fplmodel - Starting XI saved to /Users/kyle/Documents/FPL-Prediction/outputs/starting_xi_gw11.csv
2025-10-16 15:41:27,973 [INFO] fplmodel - Bench saved to /Users/kyle/Documents/FPL-Prediction/outputs/bench_gw11.csv
2025-10-16 15:41:27,974 [INFO] fplmodel - Best XI JSON saved to /Users/kyle/Documents/FPL-Prediction/outputs/best_xi_gw11.json
2025-10-16 15:41:28,137 [INFO] fplmodel - Best XI graphic generated at /Users/kyle/Documents/FPL-Prediction/outputs/best_xi_gw11.png
2025-10-16 15:41:28,141 [INFO] fplmodel - Residuals saved to /Users/kyle/Documents/FPL-Prediction/outputs/residuals_gw10.csv
2025-10-16 15:41:28,141 [INFO] fplmodel - Pipeline complete for GW 11
