2025-10-16 14:10:33,200 [INFO] fplmodel - Logging initialised. Writing to /Users/kyle/Documents/FPL-Prediction/logs/run_20251016_141033.log
2025-10-16 14:10:33,200 [INFO] fplmodel - Starting pipeline run (force_refetch=False)
2025-10-16 14:10:33,200 [INFO] fplmodel - Fetching bootstrap static data...
2025-10-16 14:10:33,218 [INFO] fplmodel - Fetching fixtures data...
2025-10-16 14:10:33,231 [INFO] fplmodel - Loaded normalised frames: 743 elements, 20 teams, 38 events
2025-10-16 14:10:33,232 [INFO] fplmodel - Gameweek override applied -> next_gw=5 | last_finished_gw=4
2025-10-16 14:10:33,232 [INFO] fplmodel - Next gameweek: 5 | Last finished gameweek: 4
2025-10-16 14:10:33,232 [INFO] fplmodel - Renaming log file to highlight gameweek 5
2025-10-16 14:10:33,232 [INFO] fplmodel - Log file renamed to /Users/kyle/Documents/FPL-Prediction/logs/run_gw5_20251016_141033.log
2025-10-16 14:10:33,232 [INFO] fplmodel - Fetching player histories for 743 players (force_refetch=False)
2025-10-16 14:10:33,773 [INFO] fplmodel - Loading 743 player history files from /Users/kyle/Documents/FPL-Prediction/data/raw
2025-10-16 14:10:34,130 [INFO] fplmodel - Built player histories dataframe with 30438 rows
2025-10-16 14:10:34,948 [INFO] fplmodel - Loaded 130764 external history rows for seasons 2020-21, 2021-22, 2022-23, 2023-24, 2024-25
2025-10-16 14:10:35,012 [INFO] fplmodel - Combined history dataset now has 158552 rows
2025-10-16 14:10:38,531 [INFO] fplmodel - Prepared features: X_train=(27080, 151), y_train=27080, X_pred=(740, 158)
2025-10-16 14:10:38,532 [INFO] fplmodel - Training models with 151 features
2025-10-16 14:10:38,532 [INFO] fplmodel - Training feature columns: total_points_ma4, minutes_ma4, goals_scored_ma4, assists_ma4, clean_sheets_ma4, influence_ma4, creativity_ma4, threat_ma4, ict_index_ma4, goals_conceded_ma4, own_goals_ma4, penalties_saved_ma4, penalties_missed_ma4, yellow_cards_ma4, red_cards_ma4, saves_ma4, bonus_ma4, bps_ma4, clearances_blocks_interceptions_ma4, recoveries_ma4, tackles_ma4, defensive_contribution_ma4, starts_ma4, expected_goals_ma4, expected_assists_ma4, expected_goal_involvements_ma4, expected_goals_conceded_ma4, value_ma4, transfers_balance_ma4, selected_ma4, transfers_in_ma4, transfers_out_ma4, attacking_returns_ma4, finishing_plus_minus_ma4, finishing_ratio_ma4, creation_plus_minus_ma4, creation_ratio_ma4, xgi_plus_minus_ma4, minutes_share_ma4, points_per_90_ma4, tackles_plus_interceptions_ma4, defensive_actions_ma4, total_points_lag1, minutes_lag1, goals_scored_lag1, assists_lag1, clean_sheets_lag1, influence_lag1, creativity_lag1, threat_lag1, ict_index_lag1, goals_conceded_lag1, own_goals_lag1, penalties_saved_lag1, penalties_missed_lag1, yellow_cards_lag1, red_cards_lag1, saves_lag1, bonus_lag1, bps_lag1, clearances_blocks_interceptions_lag1, recoveries_lag1, tackles_lag1, defensive_contribution_lag1, starts_lag1, expected_goals_lag1, expected_assists_lag1, expected_goal_involvements_lag1, expected_goals_conceded_lag1, value_lag1, transfers_balance_lag1, selected_lag1, transfers_in_lag1, transfers_out_lag1, attacking_returns_lag1, finishing_plus_minus_lag1, finishing_ratio_lag1, creation_plus_minus_lag1, creation_ratio_lag1, xgi_plus_minus_lag1, minutes_share_lag1, points_per_90_lag1, tackles_plus_interceptions_lag1, defensive_actions_lag1, team_goals_for_ma4, team_goals_against_ma4, team_goal_diff_ma4, team_clean_sheet_ma4, team_conceded_two_plus_ma4, team_match_points_ma4, opp_team_goals_for_ma4, opp_team_goals_against_ma4, opp_team_goal_diff_ma4, opp_team_clean_sheet_ma4, opp_team_conceded_two_plus_ma4, opp_team_match_points_ma4, was_home, team_strength_overall, team_strength_home, team_strength_away, team_attack_home, team_attack_away, team_def_home, team_def_away, team_form_rating, team_points_table, team_league_position, team_matches_played, team_wins, team_draws, team_losses, opp_strength_overall, opp_strength_home, opp_strength_away, opp_attack_home, opp_attack_away, opp_def_home, opp_def_away, opp_form_rating, opp_points_table, opp_league_position, opp_matches_played, opp_wins, opp_draws, opp_losses, form, points_per_game, value_form, value_season, selected_by_percent, expected_goals_per_90, expected_assists_per_90, expected_goal_involvements_per_90, expected_goals_conceded_per_90, goals_conceded_per_90, saves_per_90, starts_per_90, clean_sheets_per_90, defensive_contribution_per_90, corners_and_indirect_freekicks_order, direct_freekicks_order, penalties_order, has_corners_duty, primary_corners_taker, has_direct_fk_duty, primary_direct_fk_taker, has_penalty_duty, primary_penalty_taker, set_piece_duty_score, player_bias, pos_bias
2025-10-16 14:10:52,250 [INFO] fplmodel.model - Best classifier[hist_gbdt] params from tuning: {'est__min_samples_leaf': 20, 'est__max_iter': 350, 'est__max_depth': 4, 'est__learning_rate': 0.04, 'est__l2_regularization': 0.1} (score=1.0000)
2025-10-16 14:11:06,206 [INFO] fplmodel.model - Best regressor[hist_gbdt] params from tuning: {'est__min_samples_leaf': 20, 'est__max_iter': 400, 'est__max_depth': 4, 'est__learning_rate': 0.04, 'est__l2_regularization': 0.1} (score=-1.0220)
2025-10-16 14:11:06,207 [INFO] fplmodel.model - Candidate Histogram Gradient Boosting | classifier=1.0000 ± 0.0000 ↑ | regressor=1.0220 ± 0.0920 ↓
2025-10-16 14:11:41,067 [INFO] fplmodel.model - Best classifier[random_forest] params from tuning: {'est__n_estimators': 200, 'est__min_samples_split': 6, 'est__min_samples_leaf': 1, 'est__max_features': 'sqrt', 'est__max_depth': None} (score=1.0000)
2025-10-16 14:16:22,559 [INFO] fplmodel.model - Best regressor[random_forest] params from tuning: {'est__n_estimators': 600, 'est__min_samples_split': 4, 'est__min_samples_leaf': 1, 'est__max_features': 0.7, 'est__max_depth': 10} (score=-1.0612)
2025-10-16 14:16:22,560 [INFO] fplmodel.model - Candidate Random Forest | classifier=1.0000 ± 0.0000 ↑ | regressor=1.0612 ± 0.0790 ↓
2025-10-16 14:16:41,987 [INFO] fplmodel.model - Best classifier[neural_network] params from tuning: {'est__learning_rate_init': 0.001, 'est__hidden_layer_sizes': (256, 128), 'est__beta_1': 0.85, 'est__alpha': 0.0005} (score=0.9941)
2025-10-16 14:16:57,857 [INFO] fplmodel.model - Best regressor[neural_network] params from tuning: {'est__learning_rate_init': 0.001, 'est__hidden_layer_sizes': (128, 64), 'est__beta_1': 0.85, 'est__alpha': 0.0001} (score=-1.1320)
2025-10-16 14:16:57,858 [INFO] fplmodel.model - Candidate Neural Network (MLP) | classifier=0.9941 ± 0.0018 ↑ | regressor=1.1320 ± 0.1613 ↓
2025-10-16 14:16:57,859 [INFO] fplmodel.model - Saved model selection summary to /Users/kyle/Documents/FPL-Prediction/models/model_selection_summary.csv
2025-10-16 14:16:57,859 [INFO] fplmodel.model - Selected classifier model: Histogram Gradient Boosting (balanced_accuracy=1.0000 ± 0.0000 ↑)
2025-10-16 14:16:57,859 [INFO] fplmodel.model - Selected regressor model: Histogram Gradient Boosting (MAE=1.0220 ± 0.0920 ↓)
2025-10-16 14:17:28,558 [INFO] fplmodel.model - Classifier (histogram gradient boosting) feature selector dropped 39 column(s): bps_lag1, bps_ma4, creation_plus_minus_lag1, creation_plus_minus_ma4, defensive_actions_lag1, defensive_actions_ma4, expected_goal_involvements_lag1, expected_goal_involvements_ma4, expected_goal_involvements_per_90, minutes_share_lag1, ... (+29 more)
2025-10-16 14:17:28,559 [INFO] fplmodel.model - Regressor (histogram gradient boosting) feature selector dropped 39 column(s): bps_lag1, bps_ma4, creation_plus_minus_lag1, creation_plus_minus_ma4, defensive_actions_lag1, defensive_actions_ma4, expected_goal_involvements_lag1, expected_goal_involvements_ma4, expected_goal_involvements_per_90, minutes_share_lag1, ... (+29 more)
2025-10-16 14:17:28,559 [INFO] fplmodel.model - Final model selection: classifier=Histogram Gradient Boosting | regressor=Histogram Gradient Boosting
2025-10-16 14:17:28,616 [INFO] fplmodel - Estimator HistGradientBoostingRegressor for regressor does not expose feature_importances_; skipping logging.
2025-10-16 14:17:28,617 [INFO] fplmodel - Estimator HistGradientBoostingClassifier for classifier does not expose feature_importances_; skipping logging.
2025-10-16 14:17:28,617 [INFO] fplmodel - Model training complete; fitted 3 candidate pair(s).
2025-10-16 14:17:28,749 [INFO] fplmodel - Generated ensemble predictions for 740 players using 3 model(s): Histogram Gradient Boosting, Random Forest, Neural Network (MLP)
2025-10-16 14:17:28,750 [INFO] fplmodel - Applied fixture multipliers; average EP now 1.03
2025-10-16 14:17:28,751 [INFO] fplmodel - Top 5 expected point predictions (ensemble): Nick Woltemade (8.96); Gianluigi Donnarumma (6.07); João Pedro Junqueira de Jesus (5.90); Xavi Simons (5.84); Ismaïla Sarr (5.35)
2025-10-16 14:17:28,854 [INFO] fplmodel - Residuals computed for 7007 players in GW 4
2025-10-16 14:17:28,854 [INFO] fplmodel - Selecting best XI from 740 candidates
2025-10-16 14:17:29,648 [INFO] fplmodel - Selected squad: total cost 88.3M | starting cost 65.2M | bench cost 23.1M
2025-10-16 14:17:29,649 [INFO] fplmodel - Projected points: XI 60.59 | Captain included 69.55 | Bench 17.70
2025-10-16 14:17:29,649 [INFO] fplmodel - Captain: Nick Woltemade
2025-10-16 14:17:29,649 [INFO] fplmodel - XI | Gianluigi Donnarumma (Man City) - 6.07 pts | 5.7M
2025-10-16 14:17:29,649 [INFO] fplmodel - XI | Omar Alderete (Sunderland) - 5.01 pts | 4.1M
2025-10-16 14:17:29,649 [INFO] fplmodel - XI | Jurriën Timber (Arsenal) - 4.93 pts | 5.9M
2025-10-16 14:17:29,649 [INFO] fplmodel - XI | Trevoh Chalobah (Chelsea) - 4.86 pts | 5.1M
2025-10-16 14:17:29,649 [INFO] fplmodel - XI | Marcos Senesi Barón (Bournemouth) - 4.78 pts | 5.0M
2025-10-16 14:17:29,649 [INFO] fplmodel - XI | Xavi Simons (Spurs) - 5.84 pts | 7.0M
2025-10-16 14:17:29,649 [INFO] fplmodel - XI | Ismaïla Sarr (Crystal Palace) - 5.35 pts | 6.5M
2025-10-16 14:17:29,649 [INFO] fplmodel - XI | Dango Ouattara (Brentford) - 4.54 pts | 6.0M
2025-10-16 14:17:29,649 [INFO] fplmodel - XI | Josh Cullen (Burnley) - 4.34 pts | 5.0M
2025-10-16 14:17:29,649 [INFO] fplmodel - XI | Nick Woltemade (Newcastle) - 8.96 pts | 7.2M
2025-10-16 14:17:29,649 [INFO] fplmodel - XI | João Pedro Junqueira de Jesus (Chelsea) - 5.90 pts | 7.7M
2025-10-16 14:17:29,649 [INFO] fplmodel - Bench 1 | Nathan Collins (Brentford) - 4.58 pts
2025-10-16 14:17:29,649 [INFO] fplmodel - Bench 2 | Jarrod Bowen (West Ham) - 4.13 pts
2025-10-16 14:17:29,649 [INFO] fplmodel - Bench 3 | Hwang Hee-chan (Wolves) - 3.85 pts
2025-10-16 14:17:29,649 [INFO] fplmodel - Bench 4 | Robin Roefs (Sunderland) - 5.15 pts
2025-10-16 14:17:29,655 [INFO] fplmodel - Predictions saved to /Users/kyle/Documents/FPL-Prediction/outputs/predictions_gw5.csv
2025-10-16 14:17:29,655 [INFO] fplmodel - Starting XI saved to /Users/kyle/Documents/FPL-Prediction/outputs/starting_xi_gw5.csv
2025-10-16 14:17:29,656 [INFO] fplmodel - Bench saved to /Users/kyle/Documents/FPL-Prediction/outputs/bench_gw5.csv
2025-10-16 14:17:29,656 [INFO] fplmodel - Best XI JSON saved to /Users/kyle/Documents/FPL-Prediction/outputs/best_xi_gw5.json
2025-10-16 14:17:29,845 [INFO] fplmodel - Best XI graphic generated at /Users/kyle/Documents/FPL-Prediction/outputs/best_xi_gw5.png
2025-10-16 14:17:29,854 [INFO] fplmodel - Residuals saved to /Users/kyle/Documents/FPL-Prediction/outputs/residuals_gw4.csv
2025-10-16 14:17:29,854 [INFO] fplmodel - Pipeline complete for GW 5
