2025-10-14 11:38:42,809 [INFO] fplmodel - Logging initialised. Writing to /Users/kyle/Documents/FPL-Prediction/logs/run_20251014_113842.log
2025-10-14 11:38:42,809 [INFO] fplmodel - Starting pipeline run (force_refetch=False)
2025-10-14 11:38:42,809 [INFO] fplmodel - Fetching bootstrap static data...
2025-10-14 11:38:42,827 [INFO] fplmodel - Fetching fixtures data...
2025-10-14 11:38:42,840 [INFO] fplmodel - Loaded normalised frames: 743 elements, 20 teams, 38 events
2025-10-14 11:38:42,841 [INFO] fplmodel - Next gameweek: 8 | Last finished gameweek: 7
2025-10-14 11:38:42,841 [INFO] fplmodel - Renaming log file to highlight gameweek 8
2025-10-14 11:38:42,841 [INFO] fplmodel - Log file renamed to /Users/kyle/Documents/FPL-Prediction/logs/run_gw8_20251014_113842.log
2025-10-14 11:38:42,842 [INFO] fplmodel - Fetching player histories for 743 players (force_refetch=False)
2025-10-14 11:38:43,008 [INFO] fplmodel - Loading 743 player history files from /Users/kyle/Documents/FPL-Prediction/data/raw
2025-10-14 11:38:43,119 [INFO] fplmodel - Built player histories dataframe with 5073 rows
2025-10-14 11:38:44,260 [INFO] fplmodel - Prepared features: X_train=(3588, 36), y_train=3588, X_pred=(743, 42)
2025-10-14 11:38:44,260 [INFO] fplmodel - Training models with 36 features
2025-10-14 11:38:44,260 [INFO] fplmodel - Training feature columns: total_points_ma3, minutes_ma3, goals_scored_ma3, assists_ma3, clean_sheets_ma3, influence_ma3, creativity_ma3, threat_ma3, ict_index_ma3, total_points_ma5, minutes_ma5, goals_scored_ma5, assists_ma5, clean_sheets_ma5, influence_ma5, creativity_ma5, threat_ma5, ict_index_ma5, total_points_lag1, minutes_lag1, goals_scored_lag1, assists_lag1, clean_sheets_lag1, influence_lag1, creativity_lag1, threat_lag1, ict_index_lag1, was_home, team_strength_overall, team_attack_home, team_attack_away, team_def_home, team_def_away, opp_strength_overall, player_bias, pos_bias
2025-10-14 11:38:47,025 [INFO] fplmodel - Estimator HistGradientBoostingRegressor for regressor does not expose feature_importances_; skipping logging.
2025-10-14 11:38:47,025 [INFO] fplmodel - Estimator HistGradientBoostingClassifier for classifier does not expose feature_importances_; skipping logging.
2025-10-14 11:38:47,025 [INFO] fplmodel - Model training complete
2025-10-14 11:38:47,095 [INFO] fplmodel - Generated baseline predictions for 743 players
2025-10-14 11:38:47,097 [INFO] fplmodel - Applied fixture multipliers; average EP now 1.66
2025-10-14 11:38:47,098 [INFO] fplmodel - Top 5 expected point predictions: Antoine Semenyo (18.15); Donyell Malen (15.59); Bruno Guimarães Rodriguez Moura (14.27); Mohammed Kudus (12.77); Joško Gvardiol (12.36)
2025-10-14 11:38:47,152 [INFO] fplmodel - Residuals computed for 743 players in GW 7
2025-10-14 11:38:47,152 [INFO] fplmodel - Selecting best XI from 743 candidates
2025-10-14 11:38:47,844 [INFO] fplmodel - Selected squad: total cost 88.0M | starting cost 66.4M | bench cost 21.6M
2025-10-14 11:38:47,844 [INFO] fplmodel - Projected points: XI 137.29 | Captain included 155.44 | Bench 4.93
2025-10-14 11:38:47,844 [INFO] fplmodel - Captain: Antoine Semenyo
2025-10-14 11:38:47,844 [INFO] fplmodel - XI | Senne Lammens (Man Utd) - 9.11 pts | 5.0M
2025-10-14 11:38:47,844 [INFO] fplmodel - XI | Joško Gvardiol (Man City) - 12.36 pts | 5.9M
2025-10-14 11:38:47,844 [INFO] fplmodel - XI | Jan Paul van Hecke (Brighton) - 11.60 pts | 4.4M
2025-10-14 11:38:47,844 [INFO] fplmodel - XI | Jurriën Timber (Arsenal) - 11.52 pts | 5.9M
2025-10-14 11:38:47,844 [INFO] fplmodel - XI | Dan Burn (Newcastle) - 11.31 pts | 5.1M
2025-10-14 11:38:47,844 [INFO] fplmodel - XI | Antoine Semenyo (Bournemouth) - 18.15 pts | 7.9M
2025-10-14 11:38:47,844 [INFO] fplmodel - XI | Donyell Malen (Aston Villa) - 15.59 pts | 5.1M
2025-10-14 11:38:47,844 [INFO] fplmodel - XI | Bruno Guimarães Rodriguez Moura (Newcastle) - 14.27 pts | 6.5M
2025-10-14 11:38:47,844 [INFO] fplmodel - XI | Mohammed Kudus (Spurs) - 12.77 pts | 6.8M
2025-10-14 11:38:47,845 [INFO] fplmodel - XI | Declan Rice (Arsenal) - 11.39 pts | 6.5M
2025-10-14 11:38:47,845 [INFO] fplmodel - XI | Benjamin Sesko (Man Utd) - 9.22 pts | 7.3M
2025-10-14 11:38:47,845 [INFO] fplmodel - Bench 1 | Myles Lewis-Skelly (Arsenal) - 1.41 pts
2025-10-14 11:38:47,845 [INFO] fplmodel - Bench 2 | Eli Junior Kroupi (Bournemouth) - 0.31 pts
2025-10-14 11:38:47,845 [INFO] fplmodel - Bench 3 | Yoane Wissa (Newcastle) - 0.31 pts
2025-10-14 11:38:47,845 [INFO] fplmodel - Bench 4 | Caoimhín Kelleher (Brentford) - 2.88 pts
2025-10-14 11:38:47,850 [INFO] fplmodel - Predictions saved to /Users/kyle/Documents/FPL-Prediction/outputs/predictions_gw8.csv
2025-10-14 11:38:47,851 [INFO] fplmodel - Starting XI saved to /Users/kyle/Documents/FPL-Prediction/outputs/starting_xi_gw8.csv
2025-10-14 11:38:47,851 [INFO] fplmodel - Bench saved to /Users/kyle/Documents/FPL-Prediction/outputs/bench_gw8.csv
2025-10-14 11:38:47,851 [INFO] fplmodel - Best XI JSON saved to /Users/kyle/Documents/FPL-Prediction/outputs/best_xi_gw8.json
2025-10-14 11:38:48,178 [INFO] fplmodel - Best XI graphic generated at /Users/kyle/Documents/FPL-Prediction/outputs/best_xi_gw8.png
2025-10-14 11:38:48,180 [INFO] fplmodel - Residuals saved to /Users/kyle/Documents/FPL-Prediction/outputs/residuals_gw7.csv
2025-10-14 11:38:48,180 [INFO] fplmodel - Pipeline complete for GW 8
